[2024-11-28T21:49:10.410+0000] {local_task_job_runner.py:123} INFO - ::group::Pre task execution logs
[2024-11-28T21:49:10.423+0000] {taskinstance.py:2613} INFO - Dependencies all met for dep_context=non-requeueable deps ti=<TaskInstance: brewery_ETL.load_bronze manual__2024-11-28T21:49:01.664927+00:00 [queued]>
[2024-11-28T21:49:10.429+0000] {taskinstance.py:2613} INFO - Dependencies all met for dep_context=requeueable deps ti=<TaskInstance: brewery_ETL.load_bronze manual__2024-11-28T21:49:01.664927+00:00 [queued]>
[2024-11-28T21:49:10.430+0000] {taskinstance.py:2866} INFO - Starting attempt 1 of 2
[2024-11-28T21:49:10.440+0000] {taskinstance.py:2889} INFO - Executing <Task(PythonOperator): load_bronze> on 2024-11-28 21:49:01.664927+00:00
[2024-11-28T21:49:10.444+0000] {standard_task_runner.py:72} INFO - Started process 62 to run task
[2024-11-28T21:49:10.447+0000] {standard_task_runner.py:104} INFO - Running: ['***', 'tasks', 'run', 'brewery_ETL', 'load_bronze', 'manual__2024-11-28T21:49:01.664927+00:00', '--job-id', '222', '--raw', '--subdir', 'DAGS_FOLDER/openbrewery_dag.py', '--cfg-path', '/tmp/tmp39m6gwoy']
[2024-11-28T21:49:10.448+0000] {standard_task_runner.py:105} INFO - Job 222: Subtask load_bronze
[2024-11-28T21:49:10.488+0000] {task_command.py:467} INFO - Running <TaskInstance: brewery_ETL.load_bronze manual__2024-11-28T21:49:01.664927+00:00 [running]> on host 261cd9d3de7e
[2024-11-28T21:49:10.562+0000] {taskinstance.py:3132} INFO - Exporting env vars: AIRFLOW_CTX_DAG_OWNER='***' AIRFLOW_CTX_DAG_ID='brewery_ETL' AIRFLOW_CTX_TASK_ID='load_bronze' AIRFLOW_CTX_EXECUTION_DATE='2024-11-28T21:49:01.664927+00:00' AIRFLOW_CTX_TRY_NUMBER='1' AIRFLOW_CTX_DAG_RUN_ID='manual__2024-11-28T21:49:01.664927+00:00'
[2024-11-28T21:49:10.563+0000] {taskinstance.py:731} INFO - ::endgroup::
[2024-11-28T21:49:10.580+0000] {load_bronze_module.py:133} INFO - Iniciando a tarefa load_bronze
[2024-11-28T21:49:10.598+0000] {load_bronze_module.py:152} INFO - Recebidos 50 registros para carregar na camada Bronze
[2024-11-28T21:49:10.599+0000] {load_bronze_module.py:42} INFO - Iniciando criação da sessão Spark
[2024-11-28T21:49:52.756+0000] {job.py:229} INFO - Heartbeat recovered after 16.28 seconds
[2024-11-28T21:50:03.673+0000] {job.py:229} INFO - Heartbeat recovered after 22.12 seconds
[2024-11-28T21:50:04.103+0000] {load_bronze_module.py:66} INFO - Sessão Spark criada com sucesso
[2024-11-28T21:50:04.104+0000] {load_bronze_module.py:156} INFO - Sessão Spark criada com sucesso
[2024-11-28T21:50:04.104+0000] {load_bronze_module.py:176} INFO - Criando DataFrame com Spark
[2024-11-28T21:50:08.086+0000] {load_bronze_module.py:179} INFO - DataFrame criado com sucesso
[2024-11-28T21:50:08.087+0000] {load_bronze_module.py:181} INFO - Verificando dados que não atendem ao padrão
[2024-11-28T21:50:09.341+0000] {job.py:229} INFO - Heartbeat recovered after 11.54 seconds
[2024-11-28T21:50:52.950+0000] {load_bronze_module.py:188} ERROR - Existem 10 registros com longitude inválida.
[2024-11-28T21:50:52.962+0000] {load_bronze_module.py:192} INFO - Salvando registros inválidos em: s3a://breweris-etl-prod-sp/bronze/errors/date=2024-11-28/invalid_longitudes.json
[2024-11-28T21:51:31.550+0000] {load_bronze_module.py:203} INFO - Salvando dados no S3 em: s3a://breweris-etl-prod-sp/bronze/date=2024-11-28
[2024-11-28T21:51:42.467+0000] {load_bronze_module.py:207} INFO - Dados salvos com sucesso na camada Bronze: bronze/date=2024-11-28
[2024-11-28T21:51:42.672+0000] {load_bronze_module.py:214} INFO - Sessão Spark finalizada e tarefa load_bronze concluída
[2024-11-28T21:51:42.673+0000] {python.py:240} INFO - Done. Returned value was: None
[2024-11-28T21:51:42.685+0000] {taskinstance.py:340} INFO - ::group::Post task execution logs
[2024-11-28T21:51:42.686+0000] {taskinstance.py:352} INFO - Marking task as SUCCESS. dag_id=brewery_ETL, task_id=load_bronze, run_id=manual__2024-11-28T21:49:01.664927+00:00, execution_date=20241128T214901, start_date=20241128T214910, end_date=20241128T215142
[2024-11-28T21:51:42.707+0000] {local_task_job_runner.py:266} INFO - Task exited with return code 0
[2024-11-28T21:51:42.736+0000] {taskinstance.py:3895} INFO - 1 downstream tasks scheduled from follow-on schedule check
[2024-11-28T21:51:42.738+0000] {local_task_job_runner.py:245} INFO - ::endgroup::
