[2024-11-28T20:29:17.799+0000] {local_task_job_runner.py:123} INFO - ::group::Pre task execution logs
[2024-11-28T20:29:17.812+0000] {taskinstance.py:2613} INFO - Dependencies all met for dep_context=non-requeueable deps ti=<TaskInstance: brewery_ETL.extract_brewery_data manual__2024-11-28T20:29:14.545680+00:00 [queued]>
[2024-11-28T20:29:17.818+0000] {taskinstance.py:2613} INFO - Dependencies all met for dep_context=requeueable deps ti=<TaskInstance: brewery_ETL.extract_brewery_data manual__2024-11-28T20:29:14.545680+00:00 [queued]>
[2024-11-28T20:29:17.818+0000] {taskinstance.py:2866} INFO - Starting attempt 1 of 2
[2024-11-28T20:29:17.830+0000] {taskinstance.py:2889} INFO - Executing <Task(PythonOperator): extract_brewery_data> on 2024-11-28 20:29:14.545680+00:00
[2024-11-28T20:29:17.834+0000] {standard_task_runner.py:72} INFO - Started process 59 to run task
[2024-11-28T20:29:17.837+0000] {standard_task_runner.py:104} INFO - Running: ['***', 'tasks', 'run', 'brewery_ETL', 'extract_brewery_data', 'manual__2024-11-28T20:29:14.545680+00:00', '--job-id', '173', '--raw', '--subdir', 'DAGS_FOLDER/openbrewery_dag.py', '--cfg-path', '/tmp/tmpeaqakw29']
[2024-11-28T20:29:17.839+0000] {standard_task_runner.py:105} INFO - Job 173: Subtask extract_brewery_data
[2024-11-28T20:29:17.878+0000] {task_command.py:467} INFO - Running <TaskInstance: brewery_ETL.extract_brewery_data manual__2024-11-28T20:29:14.545680+00:00 [running]> on host 0bec9c1b1e07
[2024-11-28T20:29:17.958+0000] {taskinstance.py:3132} INFO - Exporting env vars: AIRFLOW_CTX_DAG_OWNER='***' AIRFLOW_CTX_DAG_ID='brewery_ETL' AIRFLOW_CTX_TASK_ID='extract_brewery_data' AIRFLOW_CTX_EXECUTION_DATE='2024-11-28T20:29:14.545680+00:00' AIRFLOW_CTX_TRY_NUMBER='1' AIRFLOW_CTX_DAG_RUN_ID='manual__2024-11-28T20:29:14.545680+00:00'
[2024-11-28T20:29:17.959+0000] {taskinstance.py:731} INFO - ::endgroup::
[2024-11-28T20:29:17.992+0000] {load_bronze_module.py:112} INFO - Iniciando a extração de dados da API
[2024-11-28T20:29:27.308+0000] {load_bronze_module.py:121} INFO - Parando a coleta de dados na página 169 devido a dados vazios.
[2024-11-28T20:29:27.527+0000] {load_bronze_module.py:129} INFO - Extraídos dados de 8355 cervejarias.
[2024-11-28T20:29:27.538+0000] {python.py:240} INFO - Done. Returned value was: None
[2024-11-28T20:29:27.549+0000] {taskinstance.py:340} INFO - ::group::Post task execution logs
[2024-11-28T20:29:27.549+0000] {taskinstance.py:352} INFO - Marking task as SUCCESS. dag_id=brewery_ETL, task_id=extract_brewery_data, run_id=manual__2024-11-28T20:29:14.545680+00:00, execution_date=20241128T202914, start_date=20241128T202917, end_date=20241128T202927
[2024-11-28T20:29:27.604+0000] {local_task_job_runner.py:266} INFO - Task exited with return code 0
[2024-11-28T20:29:27.622+0000] {taskinstance.py:3895} INFO - 1 downstream tasks scheduled from follow-on schedule check
[2024-11-28T20:29:27.623+0000] {local_task_job_runner.py:245} INFO - ::endgroup::
[2024-11-28T20:41:10.229+0000] {local_task_job_runner.py:123} INFO - ::group::Pre task execution logs
[2024-11-28T20:41:10.241+0000] {taskinstance.py:2603} INFO - Dependencies not met for <TaskInstance: brewery_ETL.extract_brewery_data manual__2024-11-28T20:29:14.545680+00:00 [success]>, dependency 'Task Instance State' FAILED: Task is in the 'success' state.
[2024-11-28T20:41:10.242+0000] {local_task_job_runner.py:166} INFO - Task is not able to be run
