[2024-11-28T04:56:48.768+0000] {local_task_job_runner.py:123} INFO - ::group::Pre task execution logs
[2024-11-28T04:56:48.781+0000] {taskinstance.py:2613} INFO - Dependencies all met for dep_context=non-requeueable deps ti=<TaskInstance: brewery_ETL.extract_brewery_data scheduled__2024-11-27T00:00:00+00:00 [queued]>
[2024-11-28T04:56:48.787+0000] {taskinstance.py:2613} INFO - Dependencies all met for dep_context=requeueable deps ti=<TaskInstance: brewery_ETL.extract_brewery_data scheduled__2024-11-27T00:00:00+00:00 [queued]>
[2024-11-28T04:56:48.787+0000] {taskinstance.py:2866} INFO - Starting attempt 1 of 2
[2024-11-28T04:56:48.797+0000] {taskinstance.py:2889} INFO - Executing <Task(PythonOperator): extract_brewery_data> on 2024-11-27 00:00:00+00:00
[2024-11-28T04:56:48.801+0000] {standard_task_runner.py:72} INFO - Started process 47 to run task
[2024-11-28T04:56:48.805+0000] {standard_task_runner.py:104} INFO - Running: ['***', 'tasks', 'run', 'brewery_ETL', 'extract_brewery_data', 'scheduled__2024-11-27T00:00:00+00:00', '--job-id', '148', '--raw', '--subdir', 'DAGS_FOLDER/openbrewery_dag.py', '--cfg-path', '/tmp/tmppr78cdg2']
[2024-11-28T04:56:48.807+0000] {standard_task_runner.py:105} INFO - Job 148: Subtask extract_brewery_data
[2024-11-28T04:56:48.847+0000] {task_command.py:467} INFO - Running <TaskInstance: brewery_ETL.extract_brewery_data scheduled__2024-11-27T00:00:00+00:00 [running]> on host b3d601393134
[2024-11-28T04:56:48.929+0000] {taskinstance.py:3132} INFO - Exporting env vars: AIRFLOW_CTX_DAG_OWNER='***' AIRFLOW_CTX_DAG_ID='brewery_ETL' AIRFLOW_CTX_TASK_ID='extract_brewery_data' AIRFLOW_CTX_EXECUTION_DATE='2024-11-27T00:00:00+00:00' AIRFLOW_CTX_TRY_NUMBER='1' AIRFLOW_CTX_DAG_RUN_ID='scheduled__2024-11-27T00:00:00+00:00'
[2024-11-28T04:56:48.930+0000] {taskinstance.py:731} INFO - ::endgroup::
[2024-11-28T04:56:48.978+0000] {load_bronze_module.py:87} INFO - Iniciando a extração de dados da API (primeira página)
[2024-11-28T04:56:49.296+0000] {load_bronze_module.py:101} INFO - Extraídos dados de 50 cervejarias na página 1.
[2024-11-28T04:56:49.312+0000] {python.py:240} INFO - Done. Returned value was: None
[2024-11-28T04:56:49.321+0000] {taskinstance.py:340} INFO - ::group::Post task execution logs
[2024-11-28T04:56:49.321+0000] {taskinstance.py:352} INFO - Marking task as SUCCESS. dag_id=brewery_ETL, task_id=extract_brewery_data, run_id=scheduled__2024-11-27T00:00:00+00:00, execution_date=20241127T000000, start_date=20241128T045648, end_date=20241128T045649
[2024-11-28T04:56:49.339+0000] {local_task_job_runner.py:266} INFO - Task exited with return code 0
[2024-11-28T04:56:49.359+0000] {taskinstance.py:3895} INFO - 1 downstream tasks scheduled from follow-on schedule check
[2024-11-28T04:56:49.361+0000] {local_task_job_runner.py:245} INFO - ::endgroup::
[2024-11-28T20:51:48.556+0000] {local_task_job_runner.py:123} INFO - ::group::Pre task execution logs
[2024-11-28T20:51:48.569+0000] {taskinstance.py:2613} INFO - Dependencies all met for dep_context=non-requeueable deps ti=<TaskInstance: brewery_ETL.extract_brewery_data scheduled__2024-11-27T00:00:00+00:00 [queued]>
[2024-11-28T20:51:48.574+0000] {taskinstance.py:2613} INFO - Dependencies all met for dep_context=requeueable deps ti=<TaskInstance: brewery_ETL.extract_brewery_data scheduled__2024-11-27T00:00:00+00:00 [queued]>
[2024-11-28T20:51:48.574+0000] {taskinstance.py:2866} INFO - Starting attempt 1 of 2
[2024-11-28T20:51:48.583+0000] {taskinstance.py:2889} INFO - Executing <Task(PythonOperator): extract_brewery_data> on 2024-11-27 00:00:00+00:00
[2024-11-28T20:51:48.586+0000] {standard_task_runner.py:72} INFO - Started process 47 to run task
[2024-11-28T20:51:48.589+0000] {standard_task_runner.py:104} INFO - Running: ['***', 'tasks', 'run', 'brewery_ETL', 'extract_brewery_data', 'scheduled__2024-11-27T00:00:00+00:00', '--job-id', '183', '--raw', '--subdir', 'DAGS_FOLDER/openbrewery_dag.py', '--cfg-path', '/tmp/tmp1et2qnkp']
[2024-11-28T20:51:48.590+0000] {standard_task_runner.py:105} INFO - Job 183: Subtask extract_brewery_data
[2024-11-28T20:51:48.624+0000] {task_command.py:467} INFO - Running <TaskInstance: brewery_ETL.extract_brewery_data scheduled__2024-11-27T00:00:00+00:00 [running]> on host 050b960281c7
[2024-11-28T20:51:48.684+0000] {taskinstance.py:3132} INFO - Exporting env vars: AIRFLOW_CTX_DAG_OWNER='***' AIRFLOW_CTX_DAG_ID='brewery_ETL' AIRFLOW_CTX_TASK_ID='extract_brewery_data' AIRFLOW_CTX_EXECUTION_DATE='2024-11-27T00:00:00+00:00' AIRFLOW_CTX_TRY_NUMBER='1' AIRFLOW_CTX_DAG_RUN_ID='scheduled__2024-11-27T00:00:00+00:00'
[2024-11-28T20:51:48.685+0000] {taskinstance.py:731} INFO - ::endgroup::
[2024-11-28T20:51:48.706+0000] {load_bronze_module.py:87} INFO - Iniciando a extração de dados da API (primeira página)
[2024-11-28T20:51:48.763+0000] {load_bronze_module.py:101} INFO - Extraídos dados de 50 cervejarias na página 1.
[2024-11-28T20:51:48.776+0000] {python.py:240} INFO - Done. Returned value was: None
[2024-11-28T20:51:48.784+0000] {taskinstance.py:340} INFO - ::group::Post task execution logs
[2024-11-28T20:51:48.785+0000] {taskinstance.py:352} INFO - Marking task as SUCCESS. dag_id=brewery_ETL, task_id=extract_brewery_data, run_id=scheduled__2024-11-27T00:00:00+00:00, execution_date=20241127T000000, start_date=20241128T205148, end_date=20241128T205148
[2024-11-28T20:51:48.802+0000] {local_task_job_runner.py:266} INFO - Task exited with return code 0
[2024-11-28T20:51:48.822+0000] {taskinstance.py:3895} INFO - 1 downstream tasks scheduled from follow-on schedule check
[2024-11-28T20:51:48.823+0000] {local_task_job_runner.py:245} INFO - ::endgroup::
