[2024-11-28T21:09:49.997+0000] {local_task_job_runner.py:123} INFO - ::group::Pre task execution logs
[2024-11-28T21:09:50.022+0000] {taskinstance.py:2613} INFO - Dependencies all met for dep_context=non-requeueable deps ti=<TaskInstance: brewery_ETL.transform_gold manual__2024-11-28T20:51:46.550215+00:00 [queued]>
[2024-11-28T21:09:50.038+0000] {taskinstance.py:2613} INFO - Dependencies all met for dep_context=requeueable deps ti=<TaskInstance: brewery_ETL.transform_gold manual__2024-11-28T20:51:46.550215+00:00 [queued]>
[2024-11-28T21:09:50.039+0000] {taskinstance.py:2866} INFO - Starting attempt 2 of 2
[2024-11-28T21:09:50.059+0000] {taskinstance.py:2889} INFO - Executing <Task(PythonOperator): transform_gold> on 2024-11-28 20:51:46.550215+00:00
[2024-11-28T21:09:50.063+0000] {standard_task_runner.py:72} INFO - Started process 47 to run task
[2024-11-28T21:09:50.070+0000] {standard_task_runner.py:104} INFO - Running: ['***', 'tasks', 'run', 'brewery_ETL', 'transform_gold', 'manual__2024-11-28T20:51:46.550215+00:00', '--job-id', '197', '--raw', '--subdir', 'DAGS_FOLDER/openbrewery_dag.py', '--cfg-path', '/tmp/tmpz0k2__0s']
[2024-11-28T21:09:50.073+0000] {standard_task_runner.py:105} INFO - Job 197: Subtask transform_gold
[2024-11-28T21:09:50.131+0000] {task_command.py:467} INFO - Running <TaskInstance: brewery_ETL.transform_gold manual__2024-11-28T20:51:46.550215+00:00 [running]> on host 069cb432e570
[2024-11-28T21:09:50.223+0000] {taskinstance.py:3132} INFO - Exporting env vars: AIRFLOW_CTX_DAG_OWNER='***' AIRFLOW_CTX_DAG_ID='brewery_ETL' AIRFLOW_CTX_TASK_ID='transform_gold' AIRFLOW_CTX_EXECUTION_DATE='2024-11-28T20:51:46.550215+00:00' AIRFLOW_CTX_TRY_NUMBER='2' AIRFLOW_CTX_DAG_RUN_ID='manual__2024-11-28T20:51:46.550215+00:00'
[2024-11-28T21:09:50.224+0000] {taskinstance.py:731} INFO - ::endgroup::
[2024-11-28T21:09:50.258+0000] {transform_gold.py:143} INFO - Iniciando a tarefa transform_gold
[2024-11-28T21:09:50.258+0000] {transform_gold.py:157} INFO - Data de execução: 2024-11-28
[2024-11-28T21:09:50.258+0000] {transform_gold.py:16} INFO - Iniciando criação da sessão Spark para transformação Gold
[2024-11-28T21:10:36.215+0000] {job.py:229} INFO - Heartbeat recovered after 14.83 seconds
[2024-11-28T21:10:44.770+0000] {job.py:229} INFO - Heartbeat recovered after 18.03 seconds
[2024-11-28T21:10:45.605+0000] {transform_gold.py:41} INFO - Sessão Spark criada com sucesso para transformação Gold
[2024-11-28T21:10:45.606+0000] {transform_gold.py:50} INFO - Lendo dados da camada Silver: s3a://breweris-etl-prod-sp/silver/date=2024-11-28/
[2024-11-28T21:10:45.606+0000] {transform_gold.py:90} ERROR - Erro ao ler dados da camada Silver: name 'FloatType' is not defined
[2024-11-28T21:10:45.606+0000] {transform_gold.py:173} ERROR - Erro na tarefa transform_gold: name 'FloatType' is not defined
[2024-11-28T21:10:45.867+0000] {transform_gold.py:178} INFO - Sessão Spark finalizada para a tarefa transform_gold
[2024-11-28T21:10:45.868+0000] {taskinstance.py:3311} ERROR - Task failed with exception
Traceback (most recent call last):
  File "/home/airflow/.local/lib/python3.9/site-packages/airflow/models/taskinstance.py", line 767, in _execute_task
    result = _execute_callable(context=context, **execute_callable_kwargs)
  File "/home/airflow/.local/lib/python3.9/site-packages/airflow/models/taskinstance.py", line 733, in _execute_callable
    return ExecutionCallableRunner(
  File "/home/airflow/.local/lib/python3.9/site-packages/airflow/utils/operator_helpers.py", line 252, in run
    return self.func(*args, **kwargs)
  File "/home/airflow/.local/lib/python3.9/site-packages/airflow/models/baseoperator.py", line 417, in wrapper
    return func(self, *args, **kwargs)
  File "/home/airflow/.local/lib/python3.9/site-packages/airflow/operators/python.py", line 238, in execute
    return_value = self.execute_callable()
  File "/home/airflow/.local/lib/python3.9/site-packages/airflow/operators/python.py", line 256, in execute_callable
    return runner.run(*self.op_args, **self.op_kwargs)
  File "/home/airflow/.local/lib/python3.9/site-packages/airflow/utils/operator_helpers.py", line 252, in run
    return self.func(*args, **kwargs)
  File "/opt/airflow/scripts/transform_gold.py", line 163, in transform_gold
    df_silver = read_silver_data(spark, s3_bucket, s3_silver_path, execution_date)
  File "/opt/airflow/scripts/transform_gold.py", line 62, in read_silver_data
    StructField("longitude", FloatType(), True),
NameError: name 'FloatType' is not defined
[2024-11-28T21:10:45.879+0000] {taskinstance.py:1225} INFO - Marking task as FAILED. dag_id=brewery_ETL, task_id=transform_gold, run_id=manual__2024-11-28T20:51:46.550215+00:00, execution_date=20241128T205146, start_date=20241128T210950, end_date=20241128T211045
[2024-11-28T21:10:45.901+0000] {taskinstance.py:340} INFO - ::group::Post task execution logs
[2024-11-28T21:10:45.902+0000] {standard_task_runner.py:124} ERROR - Failed to execute job 197 for task transform_gold (name 'FloatType' is not defined; 47)
Traceback (most recent call last):
  File "/home/airflow/.local/lib/python3.9/site-packages/airflow/task/task_runner/standard_task_runner.py", line 117, in _start_by_fork
    ret = args.func(args, dag=self.dag)
  File "/home/airflow/.local/lib/python3.9/site-packages/airflow/cli/cli_config.py", line 49, in command
    return func(*args, **kwargs)
  File "/home/airflow/.local/lib/python3.9/site-packages/airflow/utils/cli.py", line 116, in wrapper
    return f(*args, **kwargs)
  File "/home/airflow/.local/lib/python3.9/site-packages/airflow/cli/commands/task_command.py", line 483, in task_run
    task_return_code = _run_task_by_selected_method(args, _dag, ti)
  File "/home/airflow/.local/lib/python3.9/site-packages/airflow/cli/commands/task_command.py", line 256, in _run_task_by_selected_method
    return _run_raw_task(args, ti)
  File "/home/airflow/.local/lib/python3.9/site-packages/airflow/cli/commands/task_command.py", line 341, in _run_raw_task
    return ti._run_raw_task(
  File "/home/airflow/.local/lib/python3.9/site-packages/airflow/utils/session.py", line 97, in wrapper
    return func(*args, session=session, **kwargs)
  File "/home/airflow/.local/lib/python3.9/site-packages/airflow/models/taskinstance.py", line 3005, in _run_raw_task
    return _run_raw_task(
  File "/home/airflow/.local/lib/python3.9/site-packages/airflow/models/taskinstance.py", line 273, in _run_raw_task
    TaskInstance._execute_task_with_callbacks(
  File "/home/airflow/.local/lib/python3.9/site-packages/airflow/models/taskinstance.py", line 3159, in _execute_task_with_callbacks
    result = self._execute_task(context, task_orig)
  File "/home/airflow/.local/lib/python3.9/site-packages/airflow/models/taskinstance.py", line 3183, in _execute_task
    return _execute_task(self, context, task_orig)
  File "/home/airflow/.local/lib/python3.9/site-packages/airflow/models/taskinstance.py", line 767, in _execute_task
    result = _execute_callable(context=context, **execute_callable_kwargs)
  File "/home/airflow/.local/lib/python3.9/site-packages/airflow/models/taskinstance.py", line 733, in _execute_callable
    return ExecutionCallableRunner(
  File "/home/airflow/.local/lib/python3.9/site-packages/airflow/utils/operator_helpers.py", line 252, in run
    return self.func(*args, **kwargs)
  File "/home/airflow/.local/lib/python3.9/site-packages/airflow/models/baseoperator.py", line 417, in wrapper
    return func(self, *args, **kwargs)
  File "/home/airflow/.local/lib/python3.9/site-packages/airflow/operators/python.py", line 238, in execute
    return_value = self.execute_callable()
  File "/home/airflow/.local/lib/python3.9/site-packages/airflow/operators/python.py", line 256, in execute_callable
    return runner.run(*self.op_args, **self.op_kwargs)
  File "/home/airflow/.local/lib/python3.9/site-packages/airflow/utils/operator_helpers.py", line 252, in run
    return self.func(*args, **kwargs)
  File "/opt/airflow/scripts/transform_gold.py", line 163, in transform_gold
    df_silver = read_silver_data(spark, s3_bucket, s3_silver_path, execution_date)
  File "/opt/airflow/scripts/transform_gold.py", line 62, in read_silver_data
    StructField("longitude", FloatType(), True),
NameError: name 'FloatType' is not defined
[2024-11-28T21:10:45.914+0000] {local_task_job_runner.py:266} INFO - Task exited with return code 1
[2024-11-28T21:10:45.938+0000] {taskinstance.py:3895} INFO - 0 downstream tasks scheduled from follow-on schedule check
[2024-11-28T21:10:45.942+0000] {local_task_job_runner.py:245} INFO - ::endgroup::
