[2024-11-28T05:43:00.510+0000] {local_task_job_runner.py:123} INFO - ::group::Pre task execution logs
[2024-11-28T05:43:00.524+0000] {taskinstance.py:2613} INFO - Dependencies all met for dep_context=non-requeueable deps ti=<TaskInstance: brewery_ETL.transform_silver manual__2024-11-28T05:39:01.844305+00:00 [queued]>
[2024-11-28T05:43:00.530+0000] {taskinstance.py:2613} INFO - Dependencies all met for dep_context=requeueable deps ti=<TaskInstance: brewery_ETL.transform_silver manual__2024-11-28T05:39:01.844305+00:00 [queued]>
[2024-11-28T05:43:00.530+0000] {taskinstance.py:2866} INFO - Starting attempt 1 of 2
[2024-11-28T05:43:00.541+0000] {taskinstance.py:2889} INFO - Executing <Task(PythonOperator): transform_silver> on 2024-11-28 05:39:01.844305+00:00
[2024-11-28T05:43:00.546+0000] {standard_task_runner.py:72} INFO - Started process 1602 to run task
[2024-11-28T05:43:00.550+0000] {standard_task_runner.py:104} INFO - Running: ['***', 'tasks', 'run', 'brewery_ETL', 'transform_silver', 'manual__2024-11-28T05:39:01.844305+00:00', '--job-id', '164', '--raw', '--subdir', 'DAGS_FOLDER/openbrewery_dag.py', '--cfg-path', '/tmp/tmp97lh0bw1']
[2024-11-28T05:43:00.552+0000] {standard_task_runner.py:105} INFO - Job 164: Subtask transform_silver
[2024-11-28T05:43:00.600+0000] {task_command.py:467} INFO - Running <TaskInstance: brewery_ETL.transform_silver manual__2024-11-28T05:39:01.844305+00:00 [running]> on host 9d1ad07a939d
[2024-11-28T05:43:00.705+0000] {taskinstance.py:3132} INFO - Exporting env vars: AIRFLOW_CTX_DAG_OWNER='***' AIRFLOW_CTX_DAG_ID='brewery_ETL' AIRFLOW_CTX_TASK_ID='transform_silver' AIRFLOW_CTX_EXECUTION_DATE='2024-11-28T05:39:01.844305+00:00' AIRFLOW_CTX_TRY_NUMBER='1' AIRFLOW_CTX_DAG_RUN_ID='manual__2024-11-28T05:39:01.844305+00:00'
[2024-11-28T05:43:00.706+0000] {taskinstance.py:731} INFO - ::endgroup::
[2024-11-28T05:43:00.723+0000] {transform_silver.py:112} INFO - Iniciando a tarefa transform_silver
[2024-11-28T05:43:00.723+0000] {transform_silver.py:126} INFO - Data de execução: 2024-11-28
[2024-11-28T05:43:00.723+0000] {transform_silver.py:16} INFO - Iniciando criação da sessão Spark para transformação Silver
[2024-11-28T05:43:08.336+0000] {transform_silver.py:40} INFO - Sessão Spark criada com sucesso para transformação Silver
[2024-11-28T05:43:08.336+0000] {transform_silver.py:49} INFO - Lendo dados da camada Bronze: s3a://breweris-etl-prod-sp/bronze/date=2024-11-28
[2024-11-28T05:43:15.486+0000] {transform_silver.py:52} INFO - Dados da camada Bronze carregados: 50 registros
[2024-11-28T05:43:15.486+0000] {transform_silver.py:61} INFO - Iniciando transformações na camada Silver
[2024-11-28T05:43:16.642+0000] {transform_silver.py:66} INFO - Duplicatas removidas. Total de registros: 50
[2024-11-28T05:43:16.789+0000] {transform_silver.py:82} INFO - Coluna 'localizacao' adicionada ao DataFrame
[2024-11-28T05:43:16.790+0000] {transform_silver.py:86} INFO - Tipos de dados convertidos com sucesso e coluna 'localizacao' garantida
[2024-11-28T05:43:16.790+0000] {transform_silver.py:88} INFO - Transformações na camada Silver concluídas
[2024-11-28T05:43:16.806+0000] {transform_silver.py:97} INFO - Escrevendo dados na camada Silver: s3a://breweris-etl-prod-sp/silver/date=2024-11-28
[2024-11-28T05:44:02.626+0000] {transform_silver.py:105} INFO - Dados escritos com sucesso na camada Silver particionados por 'localizacao' e 'date'
[2024-11-28T05:44:02.626+0000] {transform_silver.py:143} INFO - Tarefa transform_silver concluída com sucesso
[2024-11-28T05:44:02.960+0000] {transform_silver.py:150} INFO - Sessão Spark finalizada para a tarefa transform_silver
[2024-11-28T05:44:02.961+0000] {python.py:240} INFO - Done. Returned value was: None
[2024-11-28T05:44:02.973+0000] {taskinstance.py:340} INFO - ::group::Post task execution logs
[2024-11-28T05:44:02.973+0000] {taskinstance.py:352} INFO - Marking task as SUCCESS. dag_id=brewery_ETL, task_id=transform_silver, run_id=manual__2024-11-28T05:39:01.844305+00:00, execution_date=20241128T053901, start_date=20241128T054300, end_date=20241128T054402
[2024-11-28T05:46:56.804+0000] {job.py:229} INFO - Heartbeat recovered after 190.16 seconds
[2024-11-28T05:46:56.811+0000] {local_task_job_runner.py:266} INFO - Task exited with return code 0
[2024-11-28T05:46:56.823+0000] {taskinstance.py:3895} INFO - 1 downstream tasks scheduled from follow-on schedule check
[2024-11-28T05:46:56.825+0000] {local_task_job_runner.py:245} INFO - ::endgroup::
