[2024-11-28T00:04:10.608+0000] {local_task_job_runner.py:123} INFO - ::group::Pre task execution logs
[2024-11-28T00:04:10.619+0000] {taskinstance.py:2613} INFO - Dependencies all met for dep_context=non-requeueable deps ti=<TaskInstance: brewery_bronze_layer.extract_brewery_data scheduled__2024-11-27T00:00:00+00:00 [queued]>
[2024-11-28T00:04:10.625+0000] {taskinstance.py:2613} INFO - Dependencies all met for dep_context=requeueable deps ti=<TaskInstance: brewery_bronze_layer.extract_brewery_data scheduled__2024-11-27T00:00:00+00:00 [queued]>
[2024-11-28T00:04:10.625+0000] {taskinstance.py:2866} INFO - Starting attempt 1 of 2
[2024-11-28T00:04:10.634+0000] {taskinstance.py:2889} INFO - Executing <Task(PythonOperator): extract_brewery_data> on 2024-11-27 00:00:00+00:00
[2024-11-28T00:04:10.638+0000] {standard_task_runner.py:72} INFO - Started process 46 to run task
[2024-11-28T00:04:10.641+0000] {standard_task_runner.py:104} INFO - Running: ['***', 'tasks', 'run', 'brewery_bronze_layer', 'extract_brewery_data', 'scheduled__2024-11-27T00:00:00+00:00', '--job-id', '38', '--raw', '--subdir', 'DAGS_FOLDER/openbrewery_dag.py', '--cfg-path', '/tmp/tmpiaqoyo1o']
[2024-11-28T00:04:10.642+0000] {standard_task_runner.py:105} INFO - Job 38: Subtask extract_brewery_data
[2024-11-28T00:04:10.678+0000] {task_command.py:467} INFO - Running <TaskInstance: brewery_bronze_layer.extract_brewery_data scheduled__2024-11-27T00:00:00+00:00 [running]> on host c27aa55db975
[2024-11-28T00:04:10.744+0000] {taskinstance.py:3132} INFO - Exporting env vars: AIRFLOW_CTX_DAG_OWNER='***' AIRFLOW_CTX_DAG_ID='brewery_bronze_layer' AIRFLOW_CTX_TASK_ID='extract_brewery_data' AIRFLOW_CTX_EXECUTION_DATE='2024-11-27T00:00:00+00:00' AIRFLOW_CTX_TRY_NUMBER='1' AIRFLOW_CTX_DAG_RUN_ID='scheduled__2024-11-27T00:00:00+00:00'
[2024-11-28T00:04:10.745+0000] {taskinstance.py:731} INFO - ::endgroup::
[2024-11-28T00:04:10.766+0000] {load_bronze_module.py:52} INFO - Iniciando a extração de dados da API
[2024-11-28T00:04:17.989+0000] {load_bronze_module.py:61} INFO - Parando a coleta de dados na página 169 devido a dados vazios.
[2024-11-28T00:04:18.167+0000] {load_bronze_module.py:69} INFO - Extraídos dados de 8355 cervejarias.
[2024-11-28T00:04:18.176+0000] {python.py:240} INFO - Done. Returned value was: None
[2024-11-28T00:04:18.184+0000] {taskinstance.py:340} INFO - ::group::Post task execution logs
[2024-11-28T00:04:18.185+0000] {taskinstance.py:352} INFO - Marking task as SUCCESS. dag_id=brewery_bronze_layer, task_id=extract_brewery_data, run_id=scheduled__2024-11-27T00:00:00+00:00, execution_date=20241127T000000, start_date=20241128T000410, end_date=20241128T000418
[2024-11-28T00:04:18.225+0000] {local_task_job_runner.py:266} INFO - Task exited with return code 0
[2024-11-28T00:04:18.242+0000] {taskinstance.py:3895} INFO - 1 downstream tasks scheduled from follow-on schedule check
[2024-11-28T00:04:18.244+0000] {local_task_job_runner.py:245} INFO - ::endgroup::
[2024-11-28T00:32:22.591+0000] {local_task_job_runner.py:123} INFO - ::group::Pre task execution logs
[2024-11-28T00:32:22.602+0000] {taskinstance.py:2613} INFO - Dependencies all met for dep_context=non-requeueable deps ti=<TaskInstance: brewery_bronze_layer.extract_brewery_data scheduled__2024-11-27T00:00:00+00:00 [queued]>
[2024-11-28T00:32:22.607+0000] {taskinstance.py:2613} INFO - Dependencies all met for dep_context=requeueable deps ti=<TaskInstance: brewery_bronze_layer.extract_brewery_data scheduled__2024-11-27T00:00:00+00:00 [queued]>
[2024-11-28T00:32:22.607+0000] {taskinstance.py:2866} INFO - Starting attempt 1 of 2
[2024-11-28T00:32:22.615+0000] {taskinstance.py:2889} INFO - Executing <Task(PythonOperator): extract_brewery_data> on 2024-11-27 00:00:00+00:00
[2024-11-28T00:32:22.619+0000] {standard_task_runner.py:72} INFO - Started process 49 to run task
[2024-11-28T00:32:22.622+0000] {standard_task_runner.py:104} INFO - Running: ['***', 'tasks', 'run', 'brewery_bronze_layer', 'extract_brewery_data', 'scheduled__2024-11-27T00:00:00+00:00', '--job-id', '42', '--raw', '--subdir', 'DAGS_FOLDER/openbrewery_dag.py', '--cfg-path', '/tmp/tmpad0v6nx4']
[2024-11-28T00:32:22.623+0000] {standard_task_runner.py:105} INFO - Job 42: Subtask extract_brewery_data
[2024-11-28T00:32:22.660+0000] {task_command.py:467} INFO - Running <TaskInstance: brewery_bronze_layer.extract_brewery_data scheduled__2024-11-27T00:00:00+00:00 [running]> on host fdad66806de4
[2024-11-28T00:32:22.725+0000] {taskinstance.py:3132} INFO - Exporting env vars: AIRFLOW_CTX_DAG_OWNER='***' AIRFLOW_CTX_DAG_ID='brewery_bronze_layer' AIRFLOW_CTX_TASK_ID='extract_brewery_data' AIRFLOW_CTX_EXECUTION_DATE='2024-11-27T00:00:00+00:00' AIRFLOW_CTX_TRY_NUMBER='1' AIRFLOW_CTX_DAG_RUN_ID='scheduled__2024-11-27T00:00:00+00:00'
[2024-11-28T00:32:22.725+0000] {taskinstance.py:731} INFO - ::endgroup::
[2024-11-28T00:32:22.751+0000] {load_bronze_module.py:67} INFO - Iniciando a extração de dados da API
[2024-11-28T00:32:57.291+0000] {load_bronze_module.py:76} INFO - Parando a coleta de dados na página 169 devido a dados vazios.
[2024-11-28T00:32:57.458+0000] {load_bronze_module.py:84} INFO - Extraídos dados de 8355 cervejarias.
[2024-11-28T00:32:57.465+0000] {python.py:240} INFO - Done. Returned value was: None
[2024-11-28T00:32:57.474+0000] {taskinstance.py:340} INFO - ::group::Post task execution logs
[2024-11-28T00:32:57.474+0000] {taskinstance.py:352} INFO - Marking task as SUCCESS. dag_id=brewery_bronze_layer, task_id=extract_brewery_data, run_id=scheduled__2024-11-27T00:00:00+00:00, execution_date=20241127T000000, start_date=20241128T003222, end_date=20241128T003257
[2024-11-28T00:32:57.513+0000] {local_task_job_runner.py:266} INFO - Task exited with return code 0
[2024-11-28T00:32:57.530+0000] {taskinstance.py:3895} INFO - 1 downstream tasks scheduled from follow-on schedule check
[2024-11-28T00:32:57.531+0000] {local_task_job_runner.py:245} INFO - ::endgroup::
[2024-11-28T02:51:03.594+0000] {local_task_job_runner.py:123} INFO - ::group::Pre task execution logs
[2024-11-28T02:51:03.607+0000] {taskinstance.py:2613} INFO - Dependencies all met for dep_context=non-requeueable deps ti=<TaskInstance: brewery_bronze_layer.extract_brewery_data scheduled__2024-11-27T00:00:00+00:00 [queued]>
[2024-11-28T02:51:03.613+0000] {taskinstance.py:2613} INFO - Dependencies all met for dep_context=requeueable deps ti=<TaskInstance: brewery_bronze_layer.extract_brewery_data scheduled__2024-11-27T00:00:00+00:00 [queued]>
[2024-11-28T02:51:03.613+0000] {taskinstance.py:2866} INFO - Starting attempt 1 of 2
[2024-11-28T02:51:03.623+0000] {taskinstance.py:2889} INFO - Executing <Task(PythonOperator): extract_brewery_data> on 2024-11-27 00:00:00+00:00
[2024-11-28T02:51:03.626+0000] {standard_task_runner.py:72} INFO - Started process 63 to run task
[2024-11-28T02:51:03.629+0000] {standard_task_runner.py:104} INFO - Running: ['***', 'tasks', 'run', 'brewery_bronze_layer', 'extract_brewery_data', 'scheduled__2024-11-27T00:00:00+00:00', '--job-id', '67', '--raw', '--subdir', 'DAGS_FOLDER/openbrewery_dag.py', '--cfg-path', '/tmp/tmp7o_b48te']
[2024-11-28T02:51:03.631+0000] {standard_task_runner.py:105} INFO - Job 67: Subtask extract_brewery_data
[2024-11-28T02:51:03.667+0000] {task_command.py:467} INFO - Running <TaskInstance: brewery_bronze_layer.extract_brewery_data scheduled__2024-11-27T00:00:00+00:00 [running]> on host 61c850d9ce27
[2024-11-28T02:51:03.728+0000] {taskinstance.py:3132} INFO - Exporting env vars: AIRFLOW_CTX_DAG_OWNER='***' AIRFLOW_CTX_DAG_ID='brewery_bronze_layer' AIRFLOW_CTX_TASK_ID='extract_brewery_data' AIRFLOW_CTX_EXECUTION_DATE='2024-11-27T00:00:00+00:00' AIRFLOW_CTX_TRY_NUMBER='1' AIRFLOW_CTX_DAG_RUN_ID='scheduled__2024-11-27T00:00:00+00:00'
[2024-11-28T02:51:03.729+0000] {taskinstance.py:731} INFO - ::endgroup::
[2024-11-28T02:51:03.740+0000] {load_bronze_module.py:80} INFO - Iniciando a extração de dados da API
[2024-11-28T02:51:12.325+0000] {load_bronze_module.py:89} INFO - Parando a coleta de dados na página 169 devido a dados vazios.
[2024-11-28T02:51:12.492+0000] {load_bronze_module.py:97} INFO - Extraídos dados de 8355 cervejarias.
[2024-11-28T02:51:12.503+0000] {python.py:240} INFO - Done. Returned value was: None
[2024-11-28T02:51:12.512+0000] {taskinstance.py:340} INFO - ::group::Post task execution logs
[2024-11-28T02:51:12.512+0000] {taskinstance.py:352} INFO - Marking task as SUCCESS. dag_id=brewery_bronze_layer, task_id=extract_brewery_data, run_id=scheduled__2024-11-27T00:00:00+00:00, execution_date=20241127T000000, start_date=20241128T025103, end_date=20241128T025112
[2024-11-28T02:51:12.539+0000] {local_task_job_runner.py:266} INFO - Task exited with return code 0
[2024-11-28T02:51:12.557+0000] {taskinstance.py:3895} INFO - 1 downstream tasks scheduled from follow-on schedule check
[2024-11-28T02:51:12.559+0000] {local_task_job_runner.py:245} INFO - ::endgroup::
[2024-11-28T03:03:18.037+0000] {local_task_job_runner.py:123} INFO - ::group::Pre task execution logs
[2024-11-28T03:03:18.051+0000] {taskinstance.py:2613} INFO - Dependencies all met for dep_context=non-requeueable deps ti=<TaskInstance: brewery_bronze_layer.extract_brewery_data scheduled__2024-11-27T00:00:00+00:00 [queued]>
[2024-11-28T03:03:18.057+0000] {taskinstance.py:2613} INFO - Dependencies all met for dep_context=requeueable deps ti=<TaskInstance: brewery_bronze_layer.extract_brewery_data scheduled__2024-11-27T00:00:00+00:00 [queued]>
[2024-11-28T03:03:18.057+0000] {taskinstance.py:2866} INFO - Starting attempt 1 of 2
[2024-11-28T03:03:18.067+0000] {taskinstance.py:2889} INFO - Executing <Task(PythonOperator): extract_brewery_data> on 2024-11-27 00:00:00+00:00
[2024-11-28T03:03:18.071+0000] {standard_task_runner.py:72} INFO - Started process 703 to run task
[2024-11-28T03:03:18.074+0000] {standard_task_runner.py:104} INFO - Running: ['***', 'tasks', 'run', 'brewery_bronze_layer', 'extract_brewery_data', 'scheduled__2024-11-27T00:00:00+00:00', '--job-id', '79', '--raw', '--subdir', 'DAGS_FOLDER/openbrewery_dag.py', '--cfg-path', '/tmp/tmpb1x9zppi']
[2024-11-28T03:03:18.075+0000] {standard_task_runner.py:105} INFO - Job 79: Subtask extract_brewery_data
[2024-11-28T03:03:18.115+0000] {task_command.py:467} INFO - Running <TaskInstance: brewery_bronze_layer.extract_brewery_data scheduled__2024-11-27T00:00:00+00:00 [running]> on host 4e6d3ae823df
[2024-11-28T03:03:18.181+0000] {taskinstance.py:3132} INFO - Exporting env vars: AIRFLOW_CTX_DAG_OWNER='***' AIRFLOW_CTX_DAG_ID='brewery_bronze_layer' AIRFLOW_CTX_TASK_ID='extract_brewery_data' AIRFLOW_CTX_EXECUTION_DATE='2024-11-27T00:00:00+00:00' AIRFLOW_CTX_TRY_NUMBER='1' AIRFLOW_CTX_DAG_RUN_ID='scheduled__2024-11-27T00:00:00+00:00'
[2024-11-28T03:03:18.182+0000] {taskinstance.py:731} INFO - ::endgroup::
[2024-11-28T03:03:18.196+0000] {load_bronze_module.py:83} INFO - Iniciando a extração de dados da API
[2024-11-28T03:03:25.276+0000] {load_bronze_module.py:92} INFO - Parando a coleta de dados na página 169 devido a dados vazios.
[2024-11-28T03:03:25.436+0000] {load_bronze_module.py:100} INFO - Extraídos dados de 8355 cervejarias.
[2024-11-28T03:03:25.444+0000] {python.py:240} INFO - Done. Returned value was: None
[2024-11-28T03:03:25.452+0000] {taskinstance.py:340} INFO - ::group::Post task execution logs
[2024-11-28T03:03:25.452+0000] {taskinstance.py:352} INFO - Marking task as SUCCESS. dag_id=brewery_bronze_layer, task_id=extract_brewery_data, run_id=scheduled__2024-11-27T00:00:00+00:00, execution_date=20241127T000000, start_date=20241128T030318, end_date=20241128T030325
[2024-11-28T03:03:25.499+0000] {local_task_job_runner.py:266} INFO - Task exited with return code 0
[2024-11-28T03:03:25.514+0000] {taskinstance.py:3895} INFO - 1 downstream tasks scheduled from follow-on schedule check
[2024-11-28T03:03:25.516+0000] {local_task_job_runner.py:245} INFO - ::endgroup::
[2024-11-28T03:06:48.776+0000] {local_task_job_runner.py:123} INFO - ::group::Pre task execution logs
[2024-11-28T03:06:48.793+0000] {taskinstance.py:2613} INFO - Dependencies all met for dep_context=non-requeueable deps ti=<TaskInstance: brewery_bronze_layer.extract_brewery_data scheduled__2024-11-27T00:00:00+00:00 [queued]>
[2024-11-28T03:06:48.799+0000] {taskinstance.py:2613} INFO - Dependencies all met for dep_context=requeueable deps ti=<TaskInstance: brewery_bronze_layer.extract_brewery_data scheduled__2024-11-27T00:00:00+00:00 [queued]>
[2024-11-28T03:06:48.799+0000] {taskinstance.py:2866} INFO - Starting attempt 1 of 2
[2024-11-28T03:06:48.815+0000] {taskinstance.py:2889} INFO - Executing <Task(PythonOperator): extract_brewery_data> on 2024-11-27 00:00:00+00:00
[2024-11-28T03:06:48.820+0000] {standard_task_runner.py:72} INFO - Started process 64 to run task
[2024-11-28T03:06:48.824+0000] {standard_task_runner.py:104} INFO - Running: ['***', 'tasks', 'run', 'brewery_bronze_layer', 'extract_brewery_data', 'scheduled__2024-11-27T00:00:00+00:00', '--job-id', '83', '--raw', '--subdir', 'DAGS_FOLDER/openbrewery_dag.py', '--cfg-path', '/tmp/tmpixk6gxk0']
[2024-11-28T03:06:48.826+0000] {standard_task_runner.py:105} INFO - Job 83: Subtask extract_brewery_data
[2024-11-28T03:06:48.884+0000] {task_command.py:467} INFO - Running <TaskInstance: brewery_bronze_layer.extract_brewery_data scheduled__2024-11-27T00:00:00+00:00 [running]> on host b579b4726c02
[2024-11-28T03:06:48.954+0000] {taskinstance.py:3132} INFO - Exporting env vars: AIRFLOW_CTX_DAG_OWNER='***' AIRFLOW_CTX_DAG_ID='brewery_bronze_layer' AIRFLOW_CTX_TASK_ID='extract_brewery_data' AIRFLOW_CTX_EXECUTION_DATE='2024-11-27T00:00:00+00:00' AIRFLOW_CTX_TRY_NUMBER='1' AIRFLOW_CTX_DAG_RUN_ID='scheduled__2024-11-27T00:00:00+00:00'
[2024-11-28T03:06:48.955+0000] {taskinstance.py:731} INFO - ::endgroup::
[2024-11-28T03:06:48.972+0000] {load_bronze_module.py:83} INFO - Iniciando a extração de dados da API
[2024-11-28T03:06:56.462+0000] {load_bronze_module.py:92} INFO - Parando a coleta de dados na página 169 devido a dados vazios.
[2024-11-28T03:06:56.660+0000] {load_bronze_module.py:100} INFO - Extraídos dados de 8355 cervejarias.
[2024-11-28T03:06:56.675+0000] {python.py:240} INFO - Done. Returned value was: None
[2024-11-28T03:06:56.686+0000] {taskinstance.py:340} INFO - ::group::Post task execution logs
[2024-11-28T03:06:56.686+0000] {taskinstance.py:352} INFO - Marking task as SUCCESS. dag_id=brewery_bronze_layer, task_id=extract_brewery_data, run_id=scheduled__2024-11-27T00:00:00+00:00, execution_date=20241127T000000, start_date=20241128T030648, end_date=20241128T030656
[2024-11-28T03:06:56.743+0000] {local_task_job_runner.py:266} INFO - Task exited with return code 0
[2024-11-28T03:06:56.761+0000] {taskinstance.py:3895} INFO - 1 downstream tasks scheduled from follow-on schedule check
[2024-11-28T03:06:56.763+0000] {local_task_job_runner.py:245} INFO - ::endgroup::
[2024-11-28T03:15:53.405+0000] {local_task_job_runner.py:123} INFO - ::group::Pre task execution logs
[2024-11-28T03:15:53.418+0000] {taskinstance.py:2613} INFO - Dependencies all met for dep_context=non-requeueable deps ti=<TaskInstance: brewery_bronze_layer.extract_brewery_data scheduled__2024-11-27T00:00:00+00:00 [queued]>
[2024-11-28T03:15:53.424+0000] {taskinstance.py:2613} INFO - Dependencies all met for dep_context=requeueable deps ti=<TaskInstance: brewery_bronze_layer.extract_brewery_data scheduled__2024-11-27T00:00:00+00:00 [queued]>
[2024-11-28T03:15:53.424+0000] {taskinstance.py:2866} INFO - Starting attempt 1 of 2
[2024-11-28T03:15:53.434+0000] {taskinstance.py:2889} INFO - Executing <Task(PythonOperator): extract_brewery_data> on 2024-11-27 00:00:00+00:00
[2024-11-28T03:15:53.438+0000] {standard_task_runner.py:72} INFO - Started process 422 to run task
[2024-11-28T03:15:53.441+0000] {standard_task_runner.py:104} INFO - Running: ['***', 'tasks', 'run', 'brewery_bronze_layer', 'extract_brewery_data', 'scheduled__2024-11-27T00:00:00+00:00', '--job-id', '92', '--raw', '--subdir', 'DAGS_FOLDER/openbrewery_dag.py', '--cfg-path', '/tmp/tmp8silqw5e']
[2024-11-28T03:15:53.443+0000] {standard_task_runner.py:105} INFO - Job 92: Subtask extract_brewery_data
[2024-11-28T03:15:53.479+0000] {task_command.py:467} INFO - Running <TaskInstance: brewery_bronze_layer.extract_brewery_data scheduled__2024-11-27T00:00:00+00:00 [running]> on host bea9d96a5446
[2024-11-28T03:15:53.538+0000] {taskinstance.py:3132} INFO - Exporting env vars: AIRFLOW_CTX_DAG_OWNER='***' AIRFLOW_CTX_DAG_ID='brewery_bronze_layer' AIRFLOW_CTX_TASK_ID='extract_brewery_data' AIRFLOW_CTX_EXECUTION_DATE='2024-11-27T00:00:00+00:00' AIRFLOW_CTX_TRY_NUMBER='1' AIRFLOW_CTX_DAG_RUN_ID='scheduled__2024-11-27T00:00:00+00:00'
[2024-11-28T03:15:53.539+0000] {taskinstance.py:731} INFO - ::endgroup::
[2024-11-28T03:15:53.555+0000] {load_bronze_module.py:86} INFO - Iniciando a extração de dados da API
[2024-11-28T03:16:00.314+0000] {load_bronze_module.py:95} INFO - Parando a coleta de dados na página 169 devido a dados vazios.
[2024-11-28T03:16:00.476+0000] {load_bronze_module.py:103} INFO - Extraídos dados de 8355 cervejarias.
[2024-11-28T03:16:00.484+0000] {python.py:240} INFO - Done. Returned value was: None
[2024-11-28T03:16:00.491+0000] {taskinstance.py:340} INFO - ::group::Post task execution logs
[2024-11-28T03:16:00.492+0000] {taskinstance.py:352} INFO - Marking task as SUCCESS. dag_id=brewery_bronze_layer, task_id=extract_brewery_data, run_id=scheduled__2024-11-27T00:00:00+00:00, execution_date=20241127T000000, start_date=20241128T031553, end_date=20241128T031600
[2024-11-28T03:16:00.543+0000] {local_task_job_runner.py:266} INFO - Task exited with return code 0
[2024-11-28T03:16:00.562+0000] {taskinstance.py:3895} INFO - 1 downstream tasks scheduled from follow-on schedule check
[2024-11-28T03:16:00.563+0000] {local_task_job_runner.py:245} INFO - ::endgroup::
[2024-11-28T03:22:56.958+0000] {local_task_job_runner.py:123} INFO - ::group::Pre task execution logs
[2024-11-28T03:22:56.974+0000] {taskinstance.py:2613} INFO - Dependencies all met for dep_context=non-requeueable deps ti=<TaskInstance: brewery_bronze_layer.extract_brewery_data scheduled__2024-11-27T00:00:00+00:00 [queued]>
[2024-11-28T03:22:56.982+0000] {taskinstance.py:2613} INFO - Dependencies all met for dep_context=requeueable deps ti=<TaskInstance: brewery_bronze_layer.extract_brewery_data scheduled__2024-11-27T00:00:00+00:00 [queued]>
[2024-11-28T03:22:56.982+0000] {taskinstance.py:2866} INFO - Starting attempt 1 of 2
[2024-11-28T03:22:56.994+0000] {taskinstance.py:2889} INFO - Executing <Task(PythonOperator): extract_brewery_data> on 2024-11-27 00:00:00+00:00
[2024-11-28T03:22:56.999+0000] {standard_task_runner.py:72} INFO - Started process 1365 to run task
[2024-11-28T03:22:57.003+0000] {standard_task_runner.py:104} INFO - Running: ['***', 'tasks', 'run', 'brewery_bronze_layer', 'extract_brewery_data', 'scheduled__2024-11-27T00:00:00+00:00', '--job-id', '99', '--raw', '--subdir', 'DAGS_FOLDER/openbrewery_dag.py', '--cfg-path', '/tmp/tmpf4y9nht_']
[2024-11-28T03:22:57.005+0000] {standard_task_runner.py:105} INFO - Job 99: Subtask extract_brewery_data
[2024-11-28T03:22:57.053+0000] {task_command.py:467} INFO - Running <TaskInstance: brewery_bronze_layer.extract_brewery_data scheduled__2024-11-27T00:00:00+00:00 [running]> on host f0c2c00071e1
[2024-11-28T03:22:57.125+0000] {taskinstance.py:3132} INFO - Exporting env vars: AIRFLOW_CTX_DAG_OWNER='***' AIRFLOW_CTX_DAG_ID='brewery_bronze_layer' AIRFLOW_CTX_TASK_ID='extract_brewery_data' AIRFLOW_CTX_EXECUTION_DATE='2024-11-27T00:00:00+00:00' AIRFLOW_CTX_TRY_NUMBER='1' AIRFLOW_CTX_DAG_RUN_ID='scheduled__2024-11-27T00:00:00+00:00'
[2024-11-28T03:22:57.126+0000] {taskinstance.py:731} INFO - ::endgroup::
[2024-11-28T03:22:57.140+0000] {load_bronze_module.py:87} INFO - Iniciando a extração de dados da API
[2024-11-28T03:23:04.683+0000] {load_bronze_module.py:96} INFO - Parando a coleta de dados na página 169 devido a dados vazios.
[2024-11-28T03:23:04.878+0000] {load_bronze_module.py:104} INFO - Extraídos dados de 8355 cervejarias.
[2024-11-28T03:23:04.888+0000] {python.py:240} INFO - Done. Returned value was: None
[2024-11-28T03:23:04.897+0000] {taskinstance.py:340} INFO - ::group::Post task execution logs
[2024-11-28T03:23:04.897+0000] {taskinstance.py:352} INFO - Marking task as SUCCESS. dag_id=brewery_bronze_layer, task_id=extract_brewery_data, run_id=scheduled__2024-11-27T00:00:00+00:00, execution_date=20241127T000000, start_date=20241128T032256, end_date=20241128T032304
[2024-11-28T03:23:04.920+0000] {local_task_job_runner.py:266} INFO - Task exited with return code 0
[2024-11-28T03:23:04.938+0000] {taskinstance.py:3895} INFO - 1 downstream tasks scheduled from follow-on schedule check
[2024-11-28T03:23:04.940+0000] {local_task_job_runner.py:245} INFO - ::endgroup::
[2024-11-28T04:06:33.567+0000] {local_task_job_runner.py:123} INFO - ::group::Pre task execution logs
[2024-11-28T04:06:33.582+0000] {taskinstance.py:2613} INFO - Dependencies all met for dep_context=non-requeueable deps ti=<TaskInstance: brewery_bronze_layer.extract_brewery_data scheduled__2024-11-27T00:00:00+00:00 [queued]>
[2024-11-28T04:06:33.587+0000] {taskinstance.py:2613} INFO - Dependencies all met for dep_context=requeueable deps ti=<TaskInstance: brewery_bronze_layer.extract_brewery_data scheduled__2024-11-27T00:00:00+00:00 [queued]>
[2024-11-28T04:06:33.587+0000] {taskinstance.py:2866} INFO - Starting attempt 1 of 2
[2024-11-28T04:06:33.601+0000] {taskinstance.py:2889} INFO - Executing <Task(PythonOperator): extract_brewery_data> on 2024-11-27 00:00:00+00:00
[2024-11-28T04:06:33.605+0000] {standard_task_runner.py:72} INFO - Started process 172 to run task
[2024-11-28T04:06:33.612+0000] {standard_task_runner.py:104} INFO - Running: ['***', 'tasks', 'run', 'brewery_bronze_layer', 'extract_brewery_data', 'scheduled__2024-11-27T00:00:00+00:00', '--job-id', '126', '--raw', '--subdir', 'DAGS_FOLDER/openbrewery_dag.py', '--cfg-path', '/tmp/tmpqe3ngx8g']
[2024-11-28T04:06:33.614+0000] {standard_task_runner.py:105} INFO - Job 126: Subtask extract_brewery_data
[2024-11-28T04:06:33.665+0000] {task_command.py:467} INFO - Running <TaskInstance: brewery_bronze_layer.extract_brewery_data scheduled__2024-11-27T00:00:00+00:00 [running]> on host 0cf0280674ba
[2024-11-28T04:06:33.756+0000] {taskinstance.py:3132} INFO - Exporting env vars: AIRFLOW_CTX_DAG_OWNER='***' AIRFLOW_CTX_DAG_ID='brewery_bronze_layer' AIRFLOW_CTX_TASK_ID='extract_brewery_data' AIRFLOW_CTX_EXECUTION_DATE='2024-11-27T00:00:00+00:00' AIRFLOW_CTX_TRY_NUMBER='1' AIRFLOW_CTX_DAG_RUN_ID='scheduled__2024-11-27T00:00:00+00:00'
[2024-11-28T04:06:33.758+0000] {taskinstance.py:731} INFO - ::endgroup::
[2024-11-28T04:06:33.779+0000] {load_bronze_module.py:88} INFO - Iniciando a extração de dados da API
[2024-11-28T04:06:42.090+0000] {load_bronze_module.py:97} INFO - Parando a coleta de dados na página 169 devido a dados vazios.
[2024-11-28T04:06:42.282+0000] {load_bronze_module.py:105} INFO - Extraídos dados de 8355 cervejarias.
[2024-11-28T04:06:42.291+0000] {python.py:240} INFO - Done. Returned value was: None
[2024-11-28T04:06:42.303+0000] {taskinstance.py:340} INFO - ::group::Post task execution logs
[2024-11-28T04:06:42.304+0000] {taskinstance.py:352} INFO - Marking task as SUCCESS. dag_id=brewery_bronze_layer, task_id=extract_brewery_data, run_id=scheduled__2024-11-27T00:00:00+00:00, execution_date=20241127T000000, start_date=20241128T040633, end_date=20241128T040642
[2024-11-28T04:06:42.330+0000] {local_task_job_runner.py:266} INFO - Task exited with return code 0
[2024-11-28T04:06:42.348+0000] {taskinstance.py:3895} INFO - 1 downstream tasks scheduled from follow-on schedule check
[2024-11-28T04:06:42.349+0000] {local_task_job_runner.py:245} INFO - ::endgroup::
[2024-11-28T04:07:38.351+0000] {local_task_job_runner.py:123} INFO - ::group::Pre task execution logs
[2024-11-28T04:07:38.364+0000] {taskinstance.py:2603} INFO - Dependencies not met for <TaskInstance: brewery_bronze_layer.extract_brewery_data scheduled__2024-11-27T00:00:00+00:00 [success]>, dependency 'Task Instance State' FAILED: Task is in the 'success' state.
[2024-11-28T04:07:38.365+0000] {local_task_job_runner.py:166} INFO - Task is not able to be run
[2024-11-28T04:11:00.668+0000] {local_task_job_runner.py:123} INFO - ::group::Pre task execution logs
[2024-11-28T04:11:00.682+0000] {taskinstance.py:2613} INFO - Dependencies all met for dep_context=non-requeueable deps ti=<TaskInstance: brewery_bronze_layer.extract_brewery_data scheduled__2024-11-27T00:00:00+00:00 [queued]>
[2024-11-28T04:11:00.688+0000] {taskinstance.py:2613} INFO - Dependencies all met for dep_context=requeueable deps ti=<TaskInstance: brewery_bronze_layer.extract_brewery_data scheduled__2024-11-27T00:00:00+00:00 [queued]>
[2024-11-28T04:11:00.688+0000] {taskinstance.py:2866} INFO - Starting attempt 1 of 2
[2024-11-28T04:11:00.698+0000] {taskinstance.py:2889} INFO - Executing <Task(PythonOperator): extract_brewery_data> on 2024-11-27 00:00:00+00:00
[2024-11-28T04:11:00.703+0000] {standard_task_runner.py:72} INFO - Started process 281 to run task
[2024-11-28T04:11:00.706+0000] {standard_task_runner.py:104} INFO - Running: ['***', 'tasks', 'run', 'brewery_bronze_layer', 'extract_brewery_data', 'scheduled__2024-11-27T00:00:00+00:00', '--job-id', '133', '--raw', '--subdir', 'DAGS_FOLDER/openbrewery_dag.py', '--cfg-path', '/tmp/tmpgrx_514j']
[2024-11-28T04:11:00.707+0000] {standard_task_runner.py:105} INFO - Job 133: Subtask extract_brewery_data
[2024-11-28T04:11:00.748+0000] {task_command.py:467} INFO - Running <TaskInstance: brewery_bronze_layer.extract_brewery_data scheduled__2024-11-27T00:00:00+00:00 [running]> on host 2683cbf29485
[2024-11-28T04:11:00.811+0000] {taskinstance.py:3132} INFO - Exporting env vars: AIRFLOW_CTX_DAG_OWNER='***' AIRFLOW_CTX_DAG_ID='brewery_bronze_layer' AIRFLOW_CTX_TASK_ID='extract_brewery_data' AIRFLOW_CTX_EXECUTION_DATE='2024-11-27T00:00:00+00:00' AIRFLOW_CTX_TRY_NUMBER='1' AIRFLOW_CTX_DAG_RUN_ID='scheduled__2024-11-27T00:00:00+00:00'
[2024-11-28T04:11:00.812+0000] {taskinstance.py:731} INFO - ::endgroup::
[2024-11-28T04:11:00.823+0000] {load_bronze_module.py:88} INFO - Iniciando a extração de dados da API
[2024-11-28T04:11:08.649+0000] {load_bronze_module.py:97} INFO - Parando a coleta de dados na página 169 devido a dados vazios.
[2024-11-28T04:11:08.827+0000] {load_bronze_module.py:105} INFO - Extraídos dados de 8355 cervejarias.
[2024-11-28T04:11:08.836+0000] {python.py:240} INFO - Done. Returned value was: None
[2024-11-28T04:11:08.848+0000] {taskinstance.py:340} INFO - ::group::Post task execution logs
[2024-11-28T04:11:08.849+0000] {taskinstance.py:352} INFO - Marking task as SUCCESS. dag_id=brewery_bronze_layer, task_id=extract_brewery_data, run_id=scheduled__2024-11-27T00:00:00+00:00, execution_date=20241127T000000, start_date=20241128T041100, end_date=20241128T041108
[2024-11-28T04:11:08.876+0000] {local_task_job_runner.py:266} INFO - Task exited with return code 0
[2024-11-28T04:11:08.897+0000] {taskinstance.py:3895} INFO - 1 downstream tasks scheduled from follow-on schedule check
[2024-11-28T04:11:08.899+0000] {local_task_job_runner.py:245} INFO - ::endgroup::
