[2024-11-28T21:10:55.410+0000] {local_task_job_runner.py:123} INFO - ::group::Pre task execution logs
[2024-11-28T21:10:55.424+0000] {taskinstance.py:2613} INFO - Dependencies all met for dep_context=non-requeueable deps ti=<TaskInstance: brewery_ETL.load_bronze manual__2024-11-28T21:10:36.122802+00:00 [queued]>
[2024-11-28T21:10:55.431+0000] {taskinstance.py:2613} INFO - Dependencies all met for dep_context=requeueable deps ti=<TaskInstance: brewery_ETL.load_bronze manual__2024-11-28T21:10:36.122802+00:00 [queued]>
[2024-11-28T21:10:55.431+0000] {taskinstance.py:2866} INFO - Starting attempt 1 of 2
[2024-11-28T21:10:55.441+0000] {taskinstance.py:2889} INFO - Executing <Task(PythonOperator): load_bronze> on 2024-11-28 21:10:36.122802+00:00
[2024-11-28T21:10:55.447+0000] {standard_task_runner.py:72} INFO - Started process 275 to run task
[2024-11-28T21:10:55.450+0000] {standard_task_runner.py:104} INFO - Running: ['***', 'tasks', 'run', 'brewery_ETL', 'load_bronze', 'manual__2024-11-28T21:10:36.122802+00:00', '--job-id', '199', '--raw', '--subdir', 'DAGS_FOLDER/openbrewery_dag.py', '--cfg-path', '/tmp/tmpahnbsd9z']
[2024-11-28T21:10:55.453+0000] {standard_task_runner.py:105} INFO - Job 199: Subtask load_bronze
[2024-11-28T21:10:55.495+0000] {task_command.py:467} INFO - Running <TaskInstance: brewery_ETL.load_bronze manual__2024-11-28T21:10:36.122802+00:00 [running]> on host 069cb432e570
[2024-11-28T21:10:55.562+0000] {taskinstance.py:3132} INFO - Exporting env vars: AIRFLOW_CTX_DAG_OWNER='***' AIRFLOW_CTX_DAG_ID='brewery_ETL' AIRFLOW_CTX_TASK_ID='load_bronze' AIRFLOW_CTX_EXECUTION_DATE='2024-11-28T21:10:36.122802+00:00' AIRFLOW_CTX_TRY_NUMBER='1' AIRFLOW_CTX_DAG_RUN_ID='manual__2024-11-28T21:10:36.122802+00:00'
[2024-11-28T21:10:55.563+0000] {taskinstance.py:731} INFO - ::endgroup::
[2024-11-28T21:10:55.575+0000] {load_bronze_module.py:133} INFO - Iniciando a tarefa load_bronze
[2024-11-28T21:10:55.588+0000] {load_bronze_module.py:152} INFO - Recebidos 50 registros para carregar na camada Bronze
[2024-11-28T21:10:55.589+0000] {load_bronze_module.py:42} INFO - Iniciando criação da sessão Spark
[2024-11-28T21:11:12.809+0000] {job.py:229} INFO - Heartbeat recovered after 12.30 seconds
[2024-11-28T21:11:32.412+0000] {job.py:229} INFO - Heartbeat recovered after 26.83 seconds
[2024-11-28T21:11:34.125+0000] {load_bronze_module.py:66} INFO - Sessão Spark criada com sucesso
[2024-11-28T21:11:34.126+0000] {load_bronze_module.py:156} INFO - Sessão Spark criada com sucesso
[2024-11-28T21:11:34.127+0000] {load_bronze_module.py:176} INFO - Criando DataFrame com Spark
[2024-11-28T21:11:37.782+0000] {load_bronze_module.py:179} INFO - DataFrame criado com sucesso
[2024-11-28T21:11:37.782+0000] {load_bronze_module.py:181} INFO - Verificando dados que não atendem ao padrão
[2024-11-28T21:11:41.895+0000] {job.py:229} INFO - Heartbeat recovered after 24.03 seconds
[2024-11-28T21:11:48.866+0000] {job.py:229} INFO - Heartbeat recovered after 11.41 seconds
[2024-11-28T21:12:29.512+0000] {load_bronze_module.py:188} ERROR - Existem 10 registros com longitude inválida.
[2024-11-28T21:12:29.529+0000] {load_bronze_module.py:192} INFO - Salvando registros inválidos em: s3a://breweris-etl-prod-sp/bronze/errors/date=2024-11-28/invalid_longitudes.json
[2024-11-28T21:13:08.048+0000] {load_bronze_module.py:203} INFO - Salvando dados no S3 em: s3a://breweris-etl-prod-sp/bronze/date=2024-11-28
[2024-11-28T21:13:17.836+0000] {load_bronze_module.py:207} INFO - Dados salvos com sucesso na camada Bronze: bronze/date=2024-11-28
[2024-11-28T21:13:18.672+0000] {load_bronze_module.py:214} INFO - Sessão Spark finalizada e tarefa load_bronze concluída
[2024-11-28T21:13:18.672+0000] {python.py:240} INFO - Done. Returned value was: None
[2024-11-28T21:13:18.689+0000] {taskinstance.py:340} INFO - ::group::Post task execution logs
[2024-11-28T21:13:18.690+0000] {taskinstance.py:352} INFO - Marking task as SUCCESS. dag_id=brewery_ETL, task_id=load_bronze, run_id=manual__2024-11-28T21:10:36.122802+00:00, execution_date=20241128T211036, start_date=20241128T211055, end_date=20241128T211318
[2024-11-28T21:13:18.753+0000] {local_task_job_runner.py:266} INFO - Task exited with return code 0
[2024-11-28T21:13:18.776+0000] {taskinstance.py:3895} INFO - 1 downstream tasks scheduled from follow-on schedule check
[2024-11-28T21:13:18.777+0000] {local_task_job_runner.py:245} INFO - ::endgroup::
