[2024-11-28T22:08:22.196+0000] {local_task_job_runner.py:123} INFO - ::group::Pre task execution logs
[2024-11-28T22:08:22.210+0000] {taskinstance.py:2613} INFO - Dependencies all met for dep_context=non-requeueable deps ti=<TaskInstance: brewery_ETL.transform_silver manual__2024-11-28T22:04:48.820693+00:00 [queued]>
[2024-11-28T22:08:22.216+0000] {taskinstance.py:2613} INFO - Dependencies all met for dep_context=requeueable deps ti=<TaskInstance: brewery_ETL.transform_silver manual__2024-11-28T22:04:48.820693+00:00 [queued]>
[2024-11-28T22:08:22.216+0000] {taskinstance.py:2866} INFO - Starting attempt 1 of 2
[2024-11-28T22:08:22.227+0000] {taskinstance.py:2889} INFO - Executing <Task(PythonOperator): transform_silver> on 2024-11-28 22:04:48.820693+00:00
[2024-11-28T22:08:22.231+0000] {standard_task_runner.py:72} INFO - Started process 750 to run task
[2024-11-28T22:08:22.234+0000] {standard_task_runner.py:104} INFO - Running: ['***', 'tasks', 'run', 'brewery_ETL', 'transform_silver', 'manual__2024-11-28T22:04:48.820693+00:00', '--job-id', '235', '--raw', '--subdir', 'DAGS_FOLDER/openbrewery_dag.py', '--cfg-path', '/tmp/tmp69b4p3sj']
[2024-11-28T22:08:22.236+0000] {standard_task_runner.py:105} INFO - Job 235: Subtask transform_silver
[2024-11-28T22:08:22.274+0000] {task_command.py:467} INFO - Running <TaskInstance: brewery_ETL.transform_silver manual__2024-11-28T22:04:48.820693+00:00 [running]> on host e795a8a15502
[2024-11-28T22:08:22.341+0000] {taskinstance.py:3132} INFO - Exporting env vars: AIRFLOW_CTX_DAG_OWNER='***' AIRFLOW_CTX_DAG_ID='brewery_ETL' AIRFLOW_CTX_TASK_ID='transform_silver' AIRFLOW_CTX_EXECUTION_DATE='2024-11-28T22:04:48.820693+00:00' AIRFLOW_CTX_TRY_NUMBER='1' AIRFLOW_CTX_DAG_RUN_ID='manual__2024-11-28T22:04:48.820693+00:00'
[2024-11-28T22:08:22.342+0000] {taskinstance.py:731} INFO - ::endgroup::
[2024-11-28T22:08:22.359+0000] {transform_silver.py:112} INFO - Iniciando a tarefa transform_silver
[2024-11-28T22:08:22.360+0000] {transform_silver.py:126} INFO - Data de execução: 2024-11-28
[2024-11-28T22:08:22.360+0000] {transform_silver.py:16} INFO - Iniciando criação da sessão Spark para transformação Silver
[2024-11-28T22:08:27.314+0000] {job.py:229} INFO - Heartbeat recovered after 182.84 seconds
[2024-11-28T22:08:29.954+0000] {transform_silver.py:40} INFO - Sessão Spark criada com sucesso para transformação Silver
[2024-11-28T22:08:29.955+0000] {transform_silver.py:49} INFO - Lendo dados da camada Bronze: s3a://breweris-etl-prod-sp/bronze/date=2024-11-28
[2024-11-28T22:08:36.085+0000] {transform_silver.py:52} INFO - Dados da camada Bronze carregados: 50 registros
[2024-11-28T22:08:36.086+0000] {transform_silver.py:61} INFO - Iniciando transformações na camada Silver
[2024-11-28T22:08:37.286+0000] {transform_silver.py:66} INFO - Duplicatas removidas. Total de registros: 50
[2024-11-28T22:08:37.431+0000] {transform_silver.py:82} INFO - Coluna 'localizacao' adicionada ao DataFrame
[2024-11-28T22:08:37.432+0000] {transform_silver.py:86} INFO - Tipos de dados convertidos com sucesso e coluna 'localizacao' garantida
[2024-11-28T22:08:37.432+0000] {transform_silver.py:88} INFO - Transformações na camada Silver concluídas
[2024-11-28T22:08:37.448+0000] {transform_silver.py:140} INFO - Schema do DataFrame após transformações na camada Silver:
[2024-11-28T22:08:37.451+0000] {logging_mixin.py:190} INFO - root
 |-- id: string (nullable = true)
 |-- name: string (nullable = true)
 |-- brewery_type: string (nullable = true)
 |-- street: string (nullable = true)
 |-- city: string (nullable = true)
 |-- state: string (nullable = true)
 |-- postal_code: string (nullable = true)
 |-- country: string (nullable = true)
 |-- longitude: float (nullable = true)
 |-- latitude: float (nullable = true)
 |-- phone: string (nullable = true)
 |-- website_url: string (nullable = true)
 |-- updated_at: string (nullable = true)
 |-- tag_list: array (nullable = true)
 |    |-- element: string (containsNull = true)
 |-- localizacao: string (nullable = false)
 |-- date: string (nullable = false)
[2024-11-28T22:08:37.451+0000] {transform_silver.py:97} INFO - Escrevendo dados na camada Silver: s3a://breweris-etl-prod-sp/silver/date=2024-11-28
[2024-11-28T22:09:21.275+0000] {transform_silver.py:105} INFO - Dados escritos com sucesso na camada Silver particionados por 'localizacao' e 'date'
[2024-11-28T22:09:21.276+0000] {transform_silver.py:146} INFO - Tarefa transform_silver concluída com sucesso
[2024-11-28T22:09:21.830+0000] {transform_silver.py:153} INFO - Sessão Spark finalizada para a tarefa transform_silver
[2024-11-28T22:09:21.831+0000] {python.py:240} INFO - Done. Returned value was: None
[2024-11-28T22:09:21.849+0000] {taskinstance.py:340} INFO - ::group::Post task execution logs
[2024-11-28T22:09:21.850+0000] {taskinstance.py:352} INFO - Marking task as SUCCESS. dag_id=brewery_ETL, task_id=transform_silver, run_id=manual__2024-11-28T22:04:48.820693+00:00, execution_date=20241128T220448, start_date=20241128T220822, end_date=20241128T220921
[2024-11-28T22:09:21.893+0000] {local_task_job_runner.py:266} INFO - Task exited with return code 0
[2024-11-28T22:09:21.920+0000] {taskinstance.py:3895} INFO - 1 downstream tasks scheduled from follow-on schedule check
[2024-11-28T22:09:21.922+0000] {local_task_job_runner.py:245} INFO - ::endgroup::
