[2024-11-28T05:01:38.963+0000] {local_task_job_runner.py:123} INFO - ::group::Pre task execution logs
[2024-11-28T05:01:38.976+0000] {taskinstance.py:2613} INFO - Dependencies all met for dep_context=non-requeueable deps ti=<TaskInstance: brewery_ETL.transform_silver manual__2024-11-28T04:56:47.629404+00:00 [queued]>
[2024-11-28T05:01:38.983+0000] {taskinstance.py:2613} INFO - Dependencies all met for dep_context=requeueable deps ti=<TaskInstance: brewery_ETL.transform_silver manual__2024-11-28T04:56:47.629404+00:00 [queued]>
[2024-11-28T05:01:38.983+0000] {taskinstance.py:2866} INFO - Starting attempt 1 of 2
[2024-11-28T05:01:38.996+0000] {taskinstance.py:2889} INFO - Executing <Task(PythonOperator): transform_silver> on 2024-11-28 04:56:47.629404+00:00
[2024-11-28T05:01:39.002+0000] {standard_task_runner.py:72} INFO - Started process 1749 to run task
[2024-11-28T05:01:39.005+0000] {standard_task_runner.py:104} INFO - Running: ['***', 'tasks', 'run', 'brewery_ETL', 'transform_silver', 'manual__2024-11-28T04:56:47.629404+00:00', '--job-id', '153', '--raw', '--subdir', 'DAGS_FOLDER/openbrewery_dag.py', '--cfg-path', '/tmp/tmpr3f1rxvw']
[2024-11-28T05:01:39.007+0000] {standard_task_runner.py:105} INFO - Job 153: Subtask transform_silver
[2024-11-28T05:01:39.051+0000] {task_command.py:467} INFO - Running <TaskInstance: brewery_ETL.transform_silver manual__2024-11-28T04:56:47.629404+00:00 [running]> on host b3d601393134
[2024-11-28T05:01:39.118+0000] {taskinstance.py:3132} INFO - Exporting env vars: AIRFLOW_CTX_DAG_OWNER='***' AIRFLOW_CTX_DAG_ID='brewery_ETL' AIRFLOW_CTX_TASK_ID='transform_silver' AIRFLOW_CTX_EXECUTION_DATE='2024-11-28T04:56:47.629404+00:00' AIRFLOW_CTX_TRY_NUMBER='1' AIRFLOW_CTX_DAG_RUN_ID='manual__2024-11-28T04:56:47.629404+00:00'
[2024-11-28T05:01:39.119+0000] {taskinstance.py:731} INFO - ::endgroup::
[2024-11-28T05:01:39.130+0000] {transform_silver.py:97} INFO - Iniciando a tarefa transform_silver
[2024-11-28T05:01:39.130+0000] {transform_silver.py:111} INFO - Data de execução: 2024-11-28
[2024-11-28T05:01:39.131+0000] {transform_silver.py:16} INFO - Iniciando criação da sessão Spark para transformação Silver
[2024-11-28T05:01:45.312+0000] {transform_silver.py:40} INFO - Sessão Spark criada com sucesso para transformação Silver
[2024-11-28T05:01:45.313+0000] {transform_silver.py:49} INFO - Lendo dados da camada Bronze: s3a://breweris-etl-prod-sp/bronze/date=2024-11-28
[2024-11-28T05:01:50.881+0000] {transform_silver.py:52} INFO - Dados da camada Bronze carregados: 50 registros
[2024-11-28T05:01:50.882+0000] {transform_silver.py:61} INFO - Iniciando transformações na camada Silver
[2024-11-28T05:01:51.918+0000] {transform_silver.py:66} INFO - Duplicatas removidas. Total de registros: 50
[2024-11-28T05:01:52.045+0000] {transform_silver.py:77} INFO - Tipos de dados convertidos com sucesso
[2024-11-28T05:01:52.046+0000] {transform_silver.py:79} INFO - Transformações na camada Silver concluídas
[2024-11-28T05:01:52.046+0000] {transform_silver.py:88} INFO - Escrevendo dados na camada Silver: s3a://breweris-etl-prod-sp/silver/date=2024-11-28
[2024-11-28T05:01:55.847+0000] {transform_silver.py:90} INFO - Dados escritos com sucesso na camada Silver
[2024-11-28T05:01:55.848+0000] {transform_silver.py:125} INFO - Tarefa transform_silver concluída com sucesso
[2024-11-28T05:01:56.209+0000] {transform_silver.py:132} INFO - Sessão Spark finalizada para a tarefa transform_silver
[2024-11-28T05:01:56.210+0000] {python.py:240} INFO - Done. Returned value was: None
[2024-11-28T05:01:56.222+0000] {taskinstance.py:340} INFO - ::group::Post task execution logs
[2024-11-28T05:01:56.222+0000] {taskinstance.py:352} INFO - Marking task as SUCCESS. dag_id=brewery_ETL, task_id=transform_silver, run_id=manual__2024-11-28T04:56:47.629404+00:00, execution_date=20241128T045647, start_date=20241128T050138, end_date=20241128T050156
[2024-11-28T05:01:56.277+0000] {local_task_job_runner.py:266} INFO - Task exited with return code 0
[2024-11-28T05:01:56.291+0000] {taskinstance.py:3895} INFO - 0 downstream tasks scheduled from follow-on schedule check
[2024-11-28T05:01:56.292+0000] {local_task_job_runner.py:245} INFO - ::endgroup::
