[2024-11-28T21:00:19.781+0000] {local_task_job_runner.py:123} INFO - ::group::Pre task execution logs
[2024-11-28T21:00:19.812+0000] {taskinstance.py:2613} INFO - Dependencies all met for dep_context=non-requeueable deps ti=<TaskInstance: brewery_ETL.load_bronze manual__2024-11-28T20:43:55.036870+00:00 [queued]>
[2024-11-28T21:00:19.821+0000] {taskinstance.py:2613} INFO - Dependencies all met for dep_context=requeueable deps ti=<TaskInstance: brewery_ETL.load_bronze manual__2024-11-28T20:43:55.036870+00:00 [queued]>
[2024-11-28T21:00:19.822+0000] {taskinstance.py:2866} INFO - Starting attempt 1 of 2
[2024-11-28T21:00:19.837+0000] {taskinstance.py:2889} INFO - Executing <Task(PythonOperator): load_bronze> on 2024-11-28 20:43:55.036870+00:00
[2024-11-28T21:00:19.851+0000] {standard_task_runner.py:72} INFO - Started process 2590 to run task
[2024-11-28T21:00:19.857+0000] {standard_task_runner.py:104} INFO - Running: ['***', 'tasks', 'run', 'brewery_ETL', 'load_bronze', 'manual__2024-11-28T20:43:55.036870+00:00', '--job-id', '191', '--raw', '--subdir', 'DAGS_FOLDER/openbrewery_dag.py', '--cfg-path', '/tmp/tmpo7w_71hn']
[2024-11-28T21:00:19.860+0000] {standard_task_runner.py:105} INFO - Job 191: Subtask load_bronze
[2024-11-28T21:00:19.910+0000] {task_command.py:467} INFO - Running <TaskInstance: brewery_ETL.load_bronze manual__2024-11-28T20:43:55.036870+00:00 [running]> on host 050b960281c7
[2024-11-28T21:00:20.020+0000] {taskinstance.py:3132} INFO - Exporting env vars: AIRFLOW_CTX_DAG_OWNER='***' AIRFLOW_CTX_DAG_ID='brewery_ETL' AIRFLOW_CTX_TASK_ID='load_bronze' AIRFLOW_CTX_EXECUTION_DATE='2024-11-28T20:43:55.036870+00:00' AIRFLOW_CTX_TRY_NUMBER='1' AIRFLOW_CTX_DAG_RUN_ID='manual__2024-11-28T20:43:55.036870+00:00'
[2024-11-28T21:00:20.021+0000] {taskinstance.py:731} INFO - ::endgroup::
[2024-11-28T21:00:20.036+0000] {load_bronze_module.py:133} INFO - Iniciando a tarefa load_bronze
[2024-11-28T21:00:20.052+0000] {load_bronze_module.py:152} INFO - Recebidos 50 registros para carregar na camada Bronze
[2024-11-28T21:00:20.053+0000] {load_bronze_module.py:42} INFO - Iniciando criação da sessão Spark
[2024-11-28T21:00:29.572+0000] {load_bronze_module.py:66} INFO - Sessão Spark criada com sucesso
[2024-11-28T21:00:29.573+0000] {load_bronze_module.py:156} INFO - Sessão Spark criada com sucesso
[2024-11-28T21:00:29.574+0000] {load_bronze_module.py:176} INFO - Criando DataFrame com Spark
[2024-11-28T21:00:33.644+0000] {load_bronze_module.py:179} INFO - DataFrame criado com sucesso
[2024-11-28T21:00:33.645+0000] {load_bronze_module.py:181} INFO - Verificando dados que não atendem ao padrão
[2024-11-28T21:01:12.325+0000] {load_bronze_module.py:188} ERROR - Existem 10 registros com longitude inválida.
[2024-11-28T21:01:12.340+0000] {load_bronze_module.py:192} INFO - Salvando registros inválidos em: s3a://breweris-etl-prod-sp/bronze/errors/date=2024-11-28/invalid_longitudes.json
[2024-11-28T21:02:15.897+0000] {load_bronze_module.py:203} INFO - Salvando dados no S3 em: s3a://breweris-etl-prod-sp/bronze/date=2024-11-28
[2024-11-28T21:02:26.251+0000] {load_bronze_module.py:207} INFO - Dados salvos com sucesso na camada Bronze: bronze/date=2024-11-28
[2024-11-28T21:02:26.680+0000] {load_bronze_module.py:214} INFO - Sessão Spark finalizada e tarefa load_bronze concluída
[2024-11-28T21:02:26.681+0000] {python.py:240} INFO - Done. Returned value was: None
[2024-11-28T21:02:26.697+0000] {taskinstance.py:340} INFO - ::group::Post task execution logs
[2024-11-28T21:02:26.698+0000] {taskinstance.py:352} INFO - Marking task as SUCCESS. dag_id=brewery_ETL, task_id=load_bronze, run_id=manual__2024-11-28T20:43:55.036870+00:00, execution_date=20241128T204355, start_date=20241128T210019, end_date=20241128T210226
[2024-11-28T21:04:29.469+0000] {job.py:229} INFO - Heartbeat recovered after 192.34 seconds
[2024-11-28T21:04:29.476+0000] {local_task_job_runner.py:266} INFO - Task exited with return code 0
[2024-11-28T21:04:29.495+0000] {taskinstance.py:3895} INFO - 1 downstream tasks scheduled from follow-on schedule check
[2024-11-28T21:04:29.496+0000] {local_task_job_runner.py:245} INFO - ::endgroup::
