[2024-11-28T03:54:01.730+0000] {local_task_job_runner.py:123} INFO - ::group::Pre task execution logs
[2024-11-28T03:54:01.751+0000] {taskinstance.py:2613} INFO - Dependencies all met for dep_context=non-requeueable deps ti=<TaskInstance: brewery_bronze_layer.extract_brewery_data manual__2024-11-28T03:53:58.199780+00:00 [queued]>
[2024-11-28T03:54:01.759+0000] {taskinstance.py:2613} INFO - Dependencies all met for dep_context=requeueable deps ti=<TaskInstance: brewery_bronze_layer.extract_brewery_data manual__2024-11-28T03:53:58.199780+00:00 [queued]>
[2024-11-28T03:54:01.759+0000] {taskinstance.py:2866} INFO - Starting attempt 1 of 2
[2024-11-28T03:54:01.772+0000] {taskinstance.py:2889} INFO - Executing <Task(PythonOperator): extract_brewery_data> on 2024-11-28 03:53:58.199780+00:00
[2024-11-28T03:54:01.776+0000] {standard_task_runner.py:72} INFO - Started process 47 to run task
[2024-11-28T03:54:01.781+0000] {standard_task_runner.py:104} INFO - Running: ['***', 'tasks', 'run', 'brewery_bronze_layer', 'extract_brewery_data', 'manual__2024-11-28T03:53:58.199780+00:00', '--job-id', '112', '--raw', '--subdir', 'DAGS_FOLDER/openbrewery_dag.py', '--cfg-path', '/tmp/tmpb4p6z7ke']
[2024-11-28T03:54:01.783+0000] {standard_task_runner.py:105} INFO - Job 112: Subtask extract_brewery_data
[2024-11-28T03:54:01.869+0000] {task_command.py:467} INFO - Running <TaskInstance: brewery_bronze_layer.extract_brewery_data manual__2024-11-28T03:53:58.199780+00:00 [running]> on host d3228a5e411e
[2024-11-28T03:54:01.981+0000] {taskinstance.py:3132} INFO - Exporting env vars: AIRFLOW_CTX_DAG_OWNER='***' AIRFLOW_CTX_DAG_ID='brewery_bronze_layer' AIRFLOW_CTX_TASK_ID='extract_brewery_data' AIRFLOW_CTX_EXECUTION_DATE='2024-11-28T03:53:58.199780+00:00' AIRFLOW_CTX_TRY_NUMBER='1' AIRFLOW_CTX_DAG_RUN_ID='manual__2024-11-28T03:53:58.199780+00:00'
[2024-11-28T03:54:01.983+0000] {taskinstance.py:731} INFO - ::endgroup::
[2024-11-28T03:54:02.014+0000] {load_bronze_module.py:88} INFO - Iniciando a extração de dados da API
[2024-11-28T03:54:09.736+0000] {load_bronze_module.py:97} INFO - Parando a coleta de dados na página 169 devido a dados vazios.
[2024-11-28T03:54:09.940+0000] {load_bronze_module.py:105} INFO - Extraídos dados de 8355 cervejarias.
[2024-11-28T03:54:09.950+0000] {python.py:240} INFO - Done. Returned value was: None
[2024-11-28T03:54:09.958+0000] {taskinstance.py:340} INFO - ::group::Post task execution logs
[2024-11-28T03:54:09.959+0000] {taskinstance.py:352} INFO - Marking task as SUCCESS. dag_id=brewery_bronze_layer, task_id=extract_brewery_data, run_id=manual__2024-11-28T03:53:58.199780+00:00, execution_date=20241128T035358, start_date=20241128T035401, end_date=20241128T035409
[2024-11-28T03:54:09.981+0000] {local_task_job_runner.py:266} INFO - Task exited with return code 0
[2024-11-28T03:54:10.001+0000] {taskinstance.py:3895} INFO - 1 downstream tasks scheduled from follow-on schedule check
[2024-11-28T03:54:10.002+0000] {local_task_job_runner.py:245} INFO - ::endgroup::
