[2024-11-28T02:41:44.598+0000] {local_task_job_runner.py:123} INFO - ::group::Pre task execution logs
[2024-11-28T02:41:44.609+0000] {taskinstance.py:2613} INFO - Dependencies all met for dep_context=non-requeueable deps ti=<TaskInstance: brewery_bronze_layer.extract_brewery_data manual__2024-11-28T02:41:41.585930+00:00 [queued]>
[2024-11-28T02:41:44.614+0000] {taskinstance.py:2613} INFO - Dependencies all met for dep_context=requeueable deps ti=<TaskInstance: brewery_bronze_layer.extract_brewery_data manual__2024-11-28T02:41:41.585930+00:00 [queued]>
[2024-11-28T02:41:44.614+0000] {taskinstance.py:2866} INFO - Starting attempt 1 of 2
[2024-11-28T02:41:44.623+0000] {taskinstance.py:2889} INFO - Executing <Task(PythonOperator): extract_brewery_data> on 2024-11-28 02:41:41.585930+00:00
[2024-11-28T02:41:44.626+0000] {standard_task_runner.py:72} INFO - Started process 49 to run task
[2024-11-28T02:41:44.629+0000] {standard_task_runner.py:104} INFO - Running: ['***', 'tasks', 'run', 'brewery_bronze_layer', 'extract_brewery_data', 'manual__2024-11-28T02:41:41.585930+00:00', '--job-id', '61', '--raw', '--subdir', 'DAGS_FOLDER/openbrewery_dag.py', '--cfg-path', '/tmp/tmpufsikp2e']
[2024-11-28T02:41:44.630+0000] {standard_task_runner.py:105} INFO - Job 61: Subtask extract_brewery_data
[2024-11-28T02:41:44.665+0000] {task_command.py:467} INFO - Running <TaskInstance: brewery_bronze_layer.extract_brewery_data manual__2024-11-28T02:41:41.585930+00:00 [running]> on host 422e0c9ce1aa
[2024-11-28T02:41:44.732+0000] {taskinstance.py:3132} INFO - Exporting env vars: AIRFLOW_CTX_DAG_OWNER='***' AIRFLOW_CTX_DAG_ID='brewery_bronze_layer' AIRFLOW_CTX_TASK_ID='extract_brewery_data' AIRFLOW_CTX_EXECUTION_DATE='2024-11-28T02:41:41.585930+00:00' AIRFLOW_CTX_TRY_NUMBER='1' AIRFLOW_CTX_DAG_RUN_ID='manual__2024-11-28T02:41:41.585930+00:00'
[2024-11-28T02:41:44.733+0000] {taskinstance.py:731} INFO - ::endgroup::
[2024-11-28T02:41:44.757+0000] {load_bronze_module.py:67} INFO - Iniciando a extração de dados da API
[2024-11-28T02:41:51.567+0000] {load_bronze_module.py:76} INFO - Parando a coleta de dados na página 169 devido a dados vazios.
[2024-11-28T02:41:51.729+0000] {load_bronze_module.py:84} INFO - Extraídos dados de 8355 cervejarias.
[2024-11-28T02:41:51.738+0000] {python.py:240} INFO - Done. Returned value was: None
[2024-11-28T02:41:51.747+0000] {taskinstance.py:340} INFO - ::group::Post task execution logs
[2024-11-28T02:41:51.747+0000] {taskinstance.py:352} INFO - Marking task as SUCCESS. dag_id=brewery_bronze_layer, task_id=extract_brewery_data, run_id=manual__2024-11-28T02:41:41.585930+00:00, execution_date=20241128T024141, start_date=20241128T024144, end_date=20241128T024151
[2024-11-28T02:41:51.771+0000] {local_task_job_runner.py:266} INFO - Task exited with return code 0
[2024-11-28T02:41:51.793+0000] {taskinstance.py:3895} INFO - 1 downstream tasks scheduled from follow-on schedule check
[2024-11-28T02:41:51.796+0000] {local_task_job_runner.py:245} INFO - ::endgroup::
