[2024-11-28T21:13:23.304+0000] {local_task_job_runner.py:123} INFO - ::group::Pre task execution logs
[2024-11-28T21:13:23.320+0000] {taskinstance.py:2613} INFO - Dependencies all met for dep_context=non-requeueable deps ti=<TaskInstance: brewery_ETL.transform_silver manual__2024-11-28T21:10:36.122802+00:00 [queued]>
[2024-11-28T21:13:23.328+0000] {taskinstance.py:2613} INFO - Dependencies all met for dep_context=requeueable deps ti=<TaskInstance: brewery_ETL.transform_silver manual__2024-11-28T21:10:36.122802+00:00 [queued]>
[2024-11-28T21:13:23.328+0000] {taskinstance.py:2866} INFO - Starting attempt 1 of 2
[2024-11-28T21:13:23.339+0000] {taskinstance.py:2889} INFO - Executing <Task(PythonOperator): transform_silver> on 2024-11-28 21:10:36.122802+00:00
[2024-11-28T21:13:23.345+0000] {standard_task_runner.py:72} INFO - Started process 939 to run task
[2024-11-28T21:13:23.350+0000] {standard_task_runner.py:104} INFO - Running: ['***', 'tasks', 'run', 'brewery_ETL', 'transform_silver', 'manual__2024-11-28T21:10:36.122802+00:00', '--job-id', '200', '--raw', '--subdir', 'DAGS_FOLDER/openbrewery_dag.py', '--cfg-path', '/tmp/tmpovt5ai66']
[2024-11-28T21:13:23.351+0000] {standard_task_runner.py:105} INFO - Job 200: Subtask transform_silver
[2024-11-28T21:13:23.390+0000] {task_command.py:467} INFO - Running <TaskInstance: brewery_ETL.transform_silver manual__2024-11-28T21:10:36.122802+00:00 [running]> on host 069cb432e570
[2024-11-28T21:13:23.451+0000] {taskinstance.py:3132} INFO - Exporting env vars: AIRFLOW_CTX_DAG_OWNER='***' AIRFLOW_CTX_DAG_ID='brewery_ETL' AIRFLOW_CTX_TASK_ID='transform_silver' AIRFLOW_CTX_EXECUTION_DATE='2024-11-28T21:10:36.122802+00:00' AIRFLOW_CTX_TRY_NUMBER='1' AIRFLOW_CTX_DAG_RUN_ID='manual__2024-11-28T21:10:36.122802+00:00'
[2024-11-28T21:13:23.452+0000] {taskinstance.py:731} INFO - ::endgroup::
[2024-11-28T21:13:23.463+0000] {transform_silver.py:112} INFO - Iniciando a tarefa transform_silver
[2024-11-28T21:13:23.464+0000] {transform_silver.py:126} INFO - Data de execução: 2024-11-28
[2024-11-28T21:13:23.464+0000] {transform_silver.py:16} INFO - Iniciando criação da sessão Spark para transformação Silver
[2024-11-28T21:13:33.975+0000] {transform_silver.py:40} INFO - Sessão Spark criada com sucesso para transformação Silver
[2024-11-28T21:13:33.975+0000] {transform_silver.py:49} INFO - Lendo dados da camada Bronze: s3a://breweris-etl-prod-sp/bronze/date=2024-11-28
[2024-11-28T21:13:53.402+0000] {job.py:229} INFO - Heartbeat recovered after 16.90 seconds
[2024-11-28T21:13:56.590+0000] {transform_silver.py:52} INFO - Dados da camada Bronze carregados: 50 registros
[2024-11-28T21:13:56.591+0000] {transform_silver.py:61} INFO - Iniciando transformações na camada Silver
[2024-11-28T21:13:58.546+0000] {transform_silver.py:66} INFO - Duplicatas removidas. Total de registros: 50
[2024-11-28T21:13:58.676+0000] {transform_silver.py:82} INFO - Coluna 'localizacao' adicionada ao DataFrame
[2024-11-28T21:13:58.677+0000] {transform_silver.py:86} INFO - Tipos de dados convertidos com sucesso e coluna 'localizacao' garantida
[2024-11-28T21:13:58.678+0000] {transform_silver.py:88} INFO - Transformações na camada Silver concluídas
[2024-11-28T21:13:58.692+0000] {transform_silver.py:140} INFO - Schema do DataFrame após transformações na camada Silver:
[2024-11-28T21:13:58.695+0000] {logging_mixin.py:190} INFO - root
 |-- id: string (nullable = true)
 |-- name: string (nullable = true)
 |-- brewery_type: string (nullable = true)
 |-- street: string (nullable = true)
 |-- city: string (nullable = true)
 |-- state: string (nullable = true)
 |-- postal_code: string (nullable = true)
 |-- country: string (nullable = true)
 |-- longitude: float (nullable = true)
 |-- latitude: float (nullable = true)
 |-- phone: string (nullable = true)
 |-- website_url: string (nullable = true)
 |-- updated_at: string (nullable = true)
 |-- tag_list: array (nullable = true)
 |    |-- element: string (containsNull = true)
 |-- localizacao: string (nullable = false)
 |-- date: string (nullable = false)
[2024-11-28T21:13:58.695+0000] {transform_silver.py:97} INFO - Escrevendo dados na camada Silver: s3a://breweris-etl-prod-sp/silver/date=2024-11-28
[2024-11-28T21:13:59.501+0000] {job.py:229} INFO - Heartbeat recovered after 17.95 seconds
[2024-11-28T21:14:43.141+0000] {transform_silver.py:105} INFO - Dados escritos com sucesso na camada Silver particionados por 'localizacao' e 'date'
[2024-11-28T21:14:43.141+0000] {transform_silver.py:146} INFO - Tarefa transform_silver concluída com sucesso
[2024-11-28T21:14:43.230+0000] {transform_silver.py:153} INFO - Sessão Spark finalizada para a tarefa transform_silver
[2024-11-28T21:14:43.230+0000] {python.py:240} INFO - Done. Returned value was: None
[2024-11-28T21:14:43.248+0000] {taskinstance.py:340} INFO - ::group::Post task execution logs
[2024-11-28T21:14:43.249+0000] {taskinstance.py:352} INFO - Marking task as SUCCESS. dag_id=brewery_ETL, task_id=transform_silver, run_id=manual__2024-11-28T21:10:36.122802+00:00, execution_date=20241128T211036, start_date=20241128T211323, end_date=20241128T211443
[2024-11-28T21:14:43.310+0000] {local_task_job_runner.py:266} INFO - Task exited with return code 0
[2024-11-28T21:14:43.334+0000] {taskinstance.py:3895} INFO - 1 downstream tasks scheduled from follow-on schedule check
[2024-11-28T21:14:43.336+0000] {local_task_job_runner.py:245} INFO - ::endgroup::
