[2024-11-28T07:05:15.123+0000] {local_task_job_runner.py:123} INFO - ::group::Pre task execution logs
[2024-11-28T07:05:15.153+0000] {taskinstance.py:2613} INFO - Dependencies all met for dep_context=non-requeueable deps ti=<TaskInstance: brewery_ETL.transform_gold manual__2024-11-28T06:01:52.537689+00:00 [queued]>
[2024-11-28T07:05:15.172+0000] {taskinstance.py:2613} INFO - Dependencies all met for dep_context=requeueable deps ti=<TaskInstance: brewery_ETL.transform_gold manual__2024-11-28T06:01:52.537689+00:00 [queued]>
[2024-11-28T07:05:15.181+0000] {taskinstance.py:2866} INFO - Starting attempt 1 of 2
[2024-11-28T07:05:15.205+0000] {taskinstance.py:2889} INFO - Executing <Task(PythonOperator): transform_gold> on 2024-11-28 06:01:52.537689+00:00
[2024-11-28T07:05:15.211+0000] {standard_task_runner.py:72} INFO - Started process 1687 to run task
[2024-11-28T07:05:15.220+0000] {standard_task_runner.py:104} INFO - Running: ['***', 'tasks', 'run', 'brewery_ETL', 'transform_gold', 'manual__2024-11-28T06:01:52.537689+00:00', '--job-id', '170', '--raw', '--subdir', 'DAGS_FOLDER/openbrewery_dag.py', '--cfg-path', '/tmp/tmpixx3yng9']
[2024-11-28T07:05:15.222+0000] {standard_task_runner.py:105} INFO - Job 170: Subtask transform_gold
[2024-11-28T07:05:15.295+0000] {task_command.py:467} INFO - Running <TaskInstance: brewery_ETL.transform_gold manual__2024-11-28T06:01:52.537689+00:00 [running]> on host ba575f344099
[2024-11-28T07:05:15.444+0000] {taskinstance.py:3132} INFO - Exporting env vars: AIRFLOW_CTX_DAG_OWNER='***' AIRFLOW_CTX_DAG_ID='brewery_ETL' AIRFLOW_CTX_TASK_ID='transform_gold' AIRFLOW_CTX_EXECUTION_DATE='2024-11-28T06:01:52.537689+00:00' AIRFLOW_CTX_TRY_NUMBER='1' AIRFLOW_CTX_DAG_RUN_ID='manual__2024-11-28T06:01:52.537689+00:00'
[2024-11-28T07:05:15.451+0000] {taskinstance.py:731} INFO - ::endgroup::
[2024-11-28T07:05:15.482+0000] {transform_gold.py:87} INFO - Iniciando a tarefa transform_gold
[2024-11-28T07:05:15.482+0000] {transform_gold.py:101} INFO - Data de execução: 2024-11-28
[2024-11-28T07:05:15.482+0000] {transform_gold.py:15} INFO - Iniciando criação da sessão Spark para transformação Gold
[2024-11-28T07:05:26.417+0000] {transform_gold.py:39} INFO - Sessão Spark criada com sucesso para transformação Gold
[2024-11-28T07:05:26.418+0000] {transform_gold.py:48} INFO - Lendo dados da camada Silver: s3a://breweris-etl-prod-sp/silver/date=2024-11-28
[2024-11-28T07:07:12.251+0000] {transform_gold.py:51} INFO - Dados da camada Silver carregados: 8355 registros
[2024-11-28T07:07:12.252+0000] {transform_gold.py:60} INFO - Iniciando agregação dos dados para camada Gold
[2024-11-28T07:07:12.308+0000] {transform_gold.py:66} INFO - Agregação concluída com sucesso
[2024-11-28T07:07:12.308+0000] {transform_gold.py:75} INFO - Escrevendo dados na camada Gold: s3a://breweris-etl-prod-sp/gold/date=2024-11-28
[2024-11-28T07:20:26.169+0000] {job.py:229} INFO - Heartbeat recovered after 187.56 seconds
[2024-11-28T07:31:55.805+0000] {job.py:229} INFO - Heartbeat recovered after 189.61 seconds
[2024-11-28T07:37:08.228+0000] {job.py:229} INFO - Heartbeat recovered after 187.91 seconds
[2024-11-28T07:40:12.187+0000] {transform_gold.py:80} INFO - Dados escritos com sucesso na camada Gold particionados por 'brewery_type' e 'localizacao'
[2024-11-28T07:40:12.188+0000] {transform_gold.py:115} INFO - Tarefa transform_gold concluída com sucesso
[2024-11-28T07:40:12.523+0000] {transform_gold.py:122} INFO - Sessão Spark finalizada para a tarefa transform_gold
[2024-11-28T07:40:12.523+0000] {python.py:240} INFO - Done. Returned value was: None
[2024-11-28T07:40:12.533+0000] {taskinstance.py:340} INFO - ::group::Post task execution logs
[2024-11-28T07:40:12.534+0000] {taskinstance.py:352} INFO - Marking task as SUCCESS. dag_id=brewery_ETL, task_id=transform_gold, run_id=manual__2024-11-28T06:01:52.537689+00:00, execution_date=20241128T060152, start_date=20241128T070515, end_date=20241128T074012
[2024-11-28T07:42:21.698+0000] {job.py:229} INFO - Heartbeat recovered after 185.70 seconds
[2024-11-28T07:42:21.706+0000] {local_task_job_runner.py:266} INFO - Task exited with return code 0
[2024-11-28T07:42:21.717+0000] {taskinstance.py:3895} INFO - 0 downstream tasks scheduled from follow-on schedule check
[2024-11-28T07:42:21.719+0000] {local_task_job_runner.py:245} INFO - ::endgroup::
