[2024-11-27T04:08:40.501+0000] {taskinstance.py:1157} INFO - Dependencies all met for dep_context=non-requeueable deps ti=<TaskInstance: brewery_bronze_layer.extract_brewery_data scheduled__2024-11-26T00:00:00+00:00 [queued]>
[2024-11-27T04:08:40.518+0000] {taskinstance.py:1157} INFO - Dependencies all met for dep_context=requeueable deps ti=<TaskInstance: brewery_bronze_layer.extract_brewery_data scheduled__2024-11-26T00:00:00+00:00 [queued]>
[2024-11-27T04:08:40.521+0000] {taskinstance.py:1359} INFO - Starting attempt 1 of 2
[2024-11-27T04:08:40.555+0000] {taskinstance.py:1380} INFO - Executing <Task(PythonOperator): extract_brewery_data> on 2024-11-26 00:00:00+00:00
[2024-11-27T04:08:40.572+0000] {standard_task_runner.py:57} INFO - Started process 222 to run task
[2024-11-27T04:08:40.577+0000] {standard_task_runner.py:84} INFO - Running: ['***', 'tasks', 'run', 'brewery_bronze_layer', 'extract_brewery_data', 'scheduled__2024-11-26T00:00:00+00:00', '--job-id', '20', '--raw', '--subdir', 'DAGS_FOLDER/openbrewery_dag.py', '--cfg-path', '/tmp/tmpsjafruup']
[2024-11-27T04:08:40.582+0000] {standard_task_runner.py:85} INFO - Job 20: Subtask extract_brewery_data
[2024-11-27T04:08:40.681+0000] {task_command.py:415} INFO - Running <TaskInstance: brewery_bronze_layer.extract_brewery_data scheduled__2024-11-26T00:00:00+00:00 [running]> on host df4e9c023f45
[2024-11-27T04:08:40.835+0000] {taskinstance.py:1660} INFO - Exporting env vars: AIRFLOW_CTX_DAG_OWNER='***' AIRFLOW_CTX_DAG_ID='brewery_bronze_layer' AIRFLOW_CTX_TASK_ID='extract_brewery_data' AIRFLOW_CTX_EXECUTION_DATE='2024-11-26T00:00:00+00:00' AIRFLOW_CTX_TRY_NUMBER='1' AIRFLOW_CTX_DAG_RUN_ID='scheduled__2024-11-26T00:00:00+00:00'
[2024-11-27T04:10:06.468+0000] {load_bronze_module.py:59} INFO - Parando a coleta de dados na página 169 devido a dados vazios.
[2024-11-27T04:10:06.682+0000] {load_bronze_module.py:67} INFO - Extraídos dados de 8355 cervejarias.
[2024-11-27T04:10:06.689+0000] {python.py:194} INFO - Done. Returned value was: None
[2024-11-27T04:10:06.701+0000] {taskinstance.py:1398} INFO - Marking task as SUCCESS. dag_id=brewery_bronze_layer, task_id=extract_brewery_data, execution_date=20241126T000000, start_date=20241127T040840, end_date=20241127T041006
[2024-11-27T04:10:06.769+0000] {local_task_job_runner.py:228} INFO - Task exited with return code 0
[2024-11-27T04:10:06.785+0000] {taskinstance.py:2776} INFO - 1 downstream tasks scheduled from follow-on schedule check
[2024-11-27T04:25:52.795+0000] {taskinstance.py:1157} INFO - Dependencies all met for dep_context=non-requeueable deps ti=<TaskInstance: brewery_bronze_layer.extract_brewery_data scheduled__2024-11-26T00:00:00+00:00 [queued]>
[2024-11-27T04:25:52.802+0000] {taskinstance.py:1157} INFO - Dependencies all met for dep_context=requeueable deps ti=<TaskInstance: brewery_bronze_layer.extract_brewery_data scheduled__2024-11-26T00:00:00+00:00 [queued]>
[2024-11-27T04:25:52.803+0000] {taskinstance.py:1359} INFO - Starting attempt 1 of 2
[2024-11-27T04:25:52.814+0000] {taskinstance.py:1380} INFO - Executing <Task(PythonOperator): extract_brewery_data> on 2024-11-26 00:00:00+00:00
[2024-11-27T04:25:52.821+0000] {standard_task_runner.py:57} INFO - Started process 261 to run task
[2024-11-27T04:25:52.826+0000] {standard_task_runner.py:84} INFO - Running: ['***', 'tasks', 'run', 'brewery_bronze_layer', 'extract_brewery_data', 'scheduled__2024-11-26T00:00:00+00:00', '--job-id', '31', '--raw', '--subdir', 'DAGS_FOLDER/openbrewery_dag.py', '--cfg-path', '/tmp/tmp89pix3jf']
[2024-11-27T04:25:52.829+0000] {standard_task_runner.py:85} INFO - Job 31: Subtask extract_brewery_data
[2024-11-27T04:25:52.882+0000] {task_command.py:415} INFO - Running <TaskInstance: brewery_bronze_layer.extract_brewery_data scheduled__2024-11-26T00:00:00+00:00 [running]> on host c559e0f5374b
[2024-11-27T04:25:52.976+0000] {taskinstance.py:1660} INFO - Exporting env vars: AIRFLOW_CTX_DAG_OWNER='***' AIRFLOW_CTX_DAG_ID='brewery_bronze_layer' AIRFLOW_CTX_TASK_ID='extract_brewery_data' AIRFLOW_CTX_EXECUTION_DATE='2024-11-26T00:00:00+00:00' AIRFLOW_CTX_TRY_NUMBER='1' AIRFLOW_CTX_DAG_RUN_ID='scheduled__2024-11-26T00:00:00+00:00'
[2024-11-27T04:26:39.617+0000] {load_bronze_module.py:59} INFO - Parando a coleta de dados na página 169 devido a dados vazios.
[2024-11-27T04:26:39.821+0000] {load_bronze_module.py:67} INFO - Extraídos dados de 8355 cervejarias.
[2024-11-27T04:26:39.829+0000] {python.py:194} INFO - Done. Returned value was: None
[2024-11-27T04:26:39.837+0000] {taskinstance.py:1398} INFO - Marking task as SUCCESS. dag_id=brewery_bronze_layer, task_id=extract_brewery_data, execution_date=20241126T000000, start_date=20241127T042552, end_date=20241127T042639
[2024-11-27T04:26:39.872+0000] {local_task_job_runner.py:228} INFO - Task exited with return code 0
[2024-11-27T04:26:39.889+0000] {taskinstance.py:2776} INFO - 1 downstream tasks scheduled from follow-on schedule check
