[2024-11-28T22:16:52.526+0000] {local_task_job_runner.py:123} INFO - ::group::Pre task execution logs
[2024-11-28T22:16:52.539+0000] {taskinstance.py:2613} INFO - Dependencies all met for dep_context=non-requeueable deps ti=<TaskInstance: brewery_ETL.load_bronze manual__2024-11-28T22:16:44.284541+00:00 [queued]>
[2024-11-28T22:16:52.549+0000] {taskinstance.py:2613} INFO - Dependencies all met for dep_context=requeueable deps ti=<TaskInstance: brewery_ETL.load_bronze manual__2024-11-28T22:16:44.284541+00:00 [queued]>
[2024-11-28T22:16:52.549+0000] {taskinstance.py:2866} INFO - Starting attempt 1 of 2
[2024-11-28T22:16:52.563+0000] {taskinstance.py:2889} INFO - Executing <Task(PythonOperator): load_bronze> on 2024-11-28 22:16:44.284541+00:00
[2024-11-28T22:16:52.567+0000] {standard_task_runner.py:72} INFO - Started process 64 to run task
[2024-11-28T22:16:52.570+0000] {standard_task_runner.py:104} INFO - Running: ['***', 'tasks', 'run', 'brewery_ETL', 'load_bronze', 'manual__2024-11-28T22:16:44.284541+00:00', '--job-id', '240', '--raw', '--subdir', 'DAGS_FOLDER/openbrewery_dag.py', '--cfg-path', '/tmp/tmp0ms75yf2']
[2024-11-28T22:16:52.572+0000] {standard_task_runner.py:105} INFO - Job 240: Subtask load_bronze
[2024-11-28T22:16:52.615+0000] {task_command.py:467} INFO - Running <TaskInstance: brewery_ETL.load_bronze manual__2024-11-28T22:16:44.284541+00:00 [running]> on host dc991f0d715f
[2024-11-28T22:16:52.687+0000] {taskinstance.py:3132} INFO - Exporting env vars: AIRFLOW_CTX_DAG_OWNER='***' AIRFLOW_CTX_DAG_ID='brewery_ETL' AIRFLOW_CTX_TASK_ID='load_bronze' AIRFLOW_CTX_EXECUTION_DATE='2024-11-28T22:16:44.284541+00:00' AIRFLOW_CTX_TRY_NUMBER='1' AIRFLOW_CTX_DAG_RUN_ID='manual__2024-11-28T22:16:44.284541+00:00'
[2024-11-28T22:16:52.688+0000] {taskinstance.py:731} INFO - ::endgroup::
[2024-11-28T22:16:52.700+0000] {load_bronze_module.py:133} INFO - Iniciando a tarefa load_bronze
[2024-11-28T22:16:52.712+0000] {load_bronze_module.py:152} INFO - Recebidos 50 registros para carregar na camada Bronze
[2024-11-28T22:16:52.712+0000] {load_bronze_module.py:42} INFO - Iniciando criação da sessão Spark
[2024-11-28T22:17:33.935+0000] {job.py:229} INFO - Heartbeat recovered after 14.97 seconds
[2024-11-28T22:17:36.222+0000] {load_bronze_module.py:66} INFO - Sessão Spark criada com sucesso
[2024-11-28T22:17:36.223+0000] {load_bronze_module.py:156} INFO - Sessão Spark criada com sucesso
[2024-11-28T22:17:36.224+0000] {load_bronze_module.py:176} INFO - Criando DataFrame com Spark
[2024-11-28T22:17:38.983+0000] {job.py:229} INFO - Heartbeat recovered after 14.94 seconds
[2024-11-28T22:17:39.388+0000] {load_bronze_module.py:179} INFO - DataFrame criado com sucesso
[2024-11-28T22:17:39.388+0000] {load_bronze_module.py:181} INFO - Verificando dados que não atendem ao padrão
[2024-11-28T22:18:22.914+0000] {load_bronze_module.py:188} ERROR - Existem 10 registros com longitude inválida.
[2024-11-28T22:18:22.924+0000] {load_bronze_module.py:192} INFO - Salvando registros inválidos em: s3a://breweris-etl-prod-sp/bronze/errors/date=2024-11-28/invalid_longitudes.json
[2024-11-28T22:19:07.558+0000] {load_bronze_module.py:203} INFO - Salvando dados no S3 em: s3a://breweris-etl-prod-sp/bronze/date=2024-11-28
[2024-11-28T22:19:17.412+0000] {load_bronze_module.py:207} INFO - Dados salvos com sucesso na camada Bronze: bronze/date=2024-11-28
[2024-11-28T22:19:18.067+0000] {load_bronze_module.py:214} INFO - Sessão Spark finalizada e tarefa load_bronze concluída
[2024-11-28T22:19:18.068+0000] {python.py:240} INFO - Done. Returned value was: None
[2024-11-28T22:19:18.078+0000] {taskinstance.py:340} INFO - ::group::Post task execution logs
[2024-11-28T22:19:18.078+0000] {taskinstance.py:352} INFO - Marking task as SUCCESS. dag_id=brewery_ETL, task_id=load_bronze, run_id=manual__2024-11-28T22:16:44.284541+00:00, execution_date=20241128T221644, start_date=20241128T221652, end_date=20241128T221918
[2024-11-28T22:21:23.100+0000] {job.py:229} INFO - Heartbeat recovered after 190.86 seconds
[2024-11-28T22:21:23.108+0000] {local_task_job_runner.py:266} INFO - Task exited with return code 0
[2024-11-28T22:21:23.133+0000] {taskinstance.py:3895} INFO - 1 downstream tasks scheduled from follow-on schedule check
[2024-11-28T22:21:23.136+0000] {local_task_job_runner.py:245} INFO - ::endgroup::
