[2024-11-28T22:27:06.526+0000] {local_task_job_runner.py:123} INFO - ::group::Pre task execution logs
[2024-11-28T22:27:06.537+0000] {taskinstance.py:2613} INFO - Dependencies all met for dep_context=non-requeueable deps ti=<TaskInstance: brewery_ETL.load_bronze manual__2024-11-28T22:26:59.044597+00:00 [queued]>
[2024-11-28T22:27:06.542+0000] {taskinstance.py:2613} INFO - Dependencies all met for dep_context=requeueable deps ti=<TaskInstance: brewery_ETL.load_bronze manual__2024-11-28T22:26:59.044597+00:00 [queued]>
[2024-11-28T22:27:06.542+0000] {taskinstance.py:2866} INFO - Starting attempt 1 of 2
[2024-11-28T22:27:06.551+0000] {taskinstance.py:2889} INFO - Executing <Task(PythonOperator): load_bronze> on 2024-11-28 22:26:59.044597+00:00
[2024-11-28T22:27:06.554+0000] {standard_task_runner.py:72} INFO - Started process 61 to run task
[2024-11-28T22:27:06.558+0000] {standard_task_runner.py:104} INFO - Running: ['***', 'tasks', 'run', 'brewery_ETL', 'load_bronze', 'manual__2024-11-28T22:26:59.044597+00:00', '--job-id', '245', '--raw', '--subdir', 'DAGS_FOLDER/openbrewery_dag.py', '--cfg-path', '/tmp/tmp427tbmdv']
[2024-11-28T22:27:06.560+0000] {standard_task_runner.py:105} INFO - Job 245: Subtask load_bronze
[2024-11-28T22:27:06.598+0000] {task_command.py:467} INFO - Running <TaskInstance: brewery_ETL.load_bronze manual__2024-11-28T22:26:59.044597+00:00 [running]> on host dbd050a9659a
[2024-11-28T22:27:06.656+0000] {taskinstance.py:3132} INFO - Exporting env vars: AIRFLOW_CTX_DAG_OWNER='***' AIRFLOW_CTX_DAG_ID='brewery_ETL' AIRFLOW_CTX_TASK_ID='load_bronze' AIRFLOW_CTX_EXECUTION_DATE='2024-11-28T22:26:59.044597+00:00' AIRFLOW_CTX_TRY_NUMBER='1' AIRFLOW_CTX_DAG_RUN_ID='manual__2024-11-28T22:26:59.044597+00:00'
[2024-11-28T22:27:06.657+0000] {taskinstance.py:731} INFO - ::endgroup::
[2024-11-28T22:27:06.668+0000] {load_bronze_module.py:133} INFO - Iniciando a tarefa load_bronze
[2024-11-28T22:27:06.678+0000] {load_bronze_module.py:152} INFO - Recebidos 50 registros para carregar na camada Bronze
[2024-11-28T22:27:06.679+0000] {load_bronze_module.py:42} INFO - Iniciando criação da sessão Spark
[2024-11-28T22:27:54.934+0000] {job.py:229} INFO - Heartbeat recovered after 11.37 seconds
[2024-11-28T22:27:57.221+0000] {load_bronze_module.py:66} INFO - Sessão Spark criada com sucesso
[2024-11-28T22:27:57.222+0000] {load_bronze_module.py:156} INFO - Sessão Spark criada com sucesso
[2024-11-28T22:27:57.222+0000] {load_bronze_module.py:176} INFO - Criando DataFrame com Spark
[2024-11-28T22:27:59.989+0000] {job.py:229} INFO - Heartbeat recovered after 11.36 seconds
[2024-11-28T22:28:01.010+0000] {load_bronze_module.py:179} INFO - DataFrame criado com sucesso
[2024-11-28T22:28:01.011+0000] {load_bronze_module.py:181} INFO - Verificando dados que não atendem ao padrão
[2024-11-28T22:28:55.300+0000] {load_bronze_module.py:188} ERROR - Existem 10 registros com longitude inválida.
[2024-11-28T22:28:55.316+0000] {load_bronze_module.py:192} INFO - Salvando registros inválidos em: s3a://breweris-etl-prod-sp/bronze/errors/date=2024-11-28/invalid_longitudes.json
[2024-11-28T22:29:56.595+0000] {load_bronze_module.py:203} INFO - Salvando dados no S3 em: s3a://breweris-etl-prod-sp/bronze/date=2024-11-28
[2024-11-28T22:30:07.521+0000] {load_bronze_module.py:207} INFO - Dados salvos com sucesso na camada Bronze: bronze/date=2024-11-28
[2024-11-28T22:30:08.533+0000] {load_bronze_module.py:214} INFO - Sessão Spark finalizada e tarefa load_bronze concluída
[2024-11-28T22:30:08.569+0000] {python.py:240} INFO - Done. Returned value was: None
[2024-11-28T22:30:09.073+0000] {taskinstance.py:340} INFO - ::group::Post task execution logs
[2024-11-28T22:30:09.081+0000] {taskinstance.py:352} INFO - Marking task as SUCCESS. dag_id=brewery_ETL, task_id=load_bronze, run_id=manual__2024-11-28T22:26:59.044597+00:00, execution_date=20241128T222659, start_date=20241128T222706, end_date=20241128T223009
[2024-11-28T22:30:09.289+0000] {local_task_job_runner.py:266} INFO - Task exited with return code 0
[2024-11-28T22:30:09.541+0000] {taskinstance.py:3895} INFO - 1 downstream tasks scheduled from follow-on schedule check
[2024-11-28T22:30:09.544+0000] {local_task_job_runner.py:245} INFO - ::endgroup::
