[2024-11-28T04:42:18.130+0000] {local_task_job_runner.py:123} INFO - ::group::Pre task execution logs
[2024-11-28T04:42:18.141+0000] {taskinstance.py:2613} INFO - Dependencies all met for dep_context=non-requeueable deps ti=<TaskInstance: brewery_bronze_layer.transform_silver manual__2024-11-28T04:38:52.455454+00:00 [queued]>
[2024-11-28T04:42:18.146+0000] {taskinstance.py:2613} INFO - Dependencies all met for dep_context=requeueable deps ti=<TaskInstance: brewery_bronze_layer.transform_silver manual__2024-11-28T04:38:52.455454+00:00 [queued]>
[2024-11-28T04:42:18.146+0000] {taskinstance.py:2866} INFO - Starting attempt 1 of 2
[2024-11-28T04:42:18.156+0000] {taskinstance.py:2889} INFO - Executing <Task(PythonOperator): transform_silver> on 2024-11-28 04:38:52.455454+00:00
[2024-11-28T04:42:18.160+0000] {standard_task_runner.py:72} INFO - Started process 758 to run task
[2024-11-28T04:42:18.163+0000] {standard_task_runner.py:104} INFO - Running: ['***', 'tasks', 'run', 'brewery_bronze_layer', 'transform_silver', 'manual__2024-11-28T04:38:52.455454+00:00', '--job-id', '146', '--raw', '--subdir', 'DAGS_FOLDER/openbrewery_dag.py', '--cfg-path', '/tmp/tmpyrlzsgy0']
[2024-11-28T04:42:18.164+0000] {standard_task_runner.py:105} INFO - Job 146: Subtask transform_silver
[2024-11-28T04:42:18.209+0000] {task_command.py:467} INFO - Running <TaskInstance: brewery_bronze_layer.transform_silver manual__2024-11-28T04:38:52.455454+00:00 [running]> on host fd32dabd61b1
[2024-11-28T04:42:18.266+0000] {taskinstance.py:3132} INFO - Exporting env vars: AIRFLOW_CTX_DAG_OWNER='***' AIRFLOW_CTX_DAG_ID='brewery_bronze_layer' AIRFLOW_CTX_TASK_ID='transform_silver' AIRFLOW_CTX_EXECUTION_DATE='2024-11-28T04:38:52.455454+00:00' AIRFLOW_CTX_TRY_NUMBER='1' AIRFLOW_CTX_DAG_RUN_ID='manual__2024-11-28T04:38:52.455454+00:00'
[2024-11-28T04:42:18.267+0000] {taskinstance.py:731} INFO - ::endgroup::
[2024-11-28T04:42:18.282+0000] {transform_silver.py:97} INFO - Iniciando a tarefa transform_silver
[2024-11-28T04:42:18.282+0000] {transform_silver.py:111} INFO - Data de execução: 2024-11-28
[2024-11-28T04:42:18.282+0000] {transform_silver.py:16} INFO - Iniciando criação da sessão Spark para transformação Silver
[2024-11-28T04:42:25.652+0000] {transform_silver.py:40} INFO - Sessão Spark criada com sucesso para transformação Silver
[2024-11-28T04:42:25.653+0000] {transform_silver.py:49} INFO - Lendo dados da camada Bronze: s3a://breweris-etl-prod-sp/bronze/date=2024-11-28
[2024-11-28T04:42:31.393+0000] {transform_silver.py:52} INFO - Dados da camada Bronze carregados: 8355 registros
[2024-11-28T04:42:31.394+0000] {transform_silver.py:61} INFO - Iniciando transformações na camada Silver
[2024-11-28T04:42:32.959+0000] {transform_silver.py:66} INFO - Duplicatas removidas. Total de registros: 8355
[2024-11-28T04:42:33.050+0000] {transform_silver.py:77} INFO - Tipos de dados convertidos com sucesso
[2024-11-28T04:42:33.050+0000] {transform_silver.py:79} INFO - Transformações na camada Silver concluídas
[2024-11-28T04:42:33.051+0000] {transform_silver.py:88} INFO - Escrevendo dados na camada Silver: s3a://breweris-etl-prod-sp/silver/date=2024-11-28
[2024-11-28T04:42:38.167+0000] {transform_silver.py:90} INFO - Dados escritos com sucesso na camada Silver
[2024-11-28T04:42:38.168+0000] {transform_silver.py:125} INFO - Tarefa transform_silver concluída com sucesso
[2024-11-28T04:42:38.541+0000] {transform_silver.py:132} INFO - Sessão Spark finalizada para a tarefa transform_silver
[2024-11-28T04:42:38.541+0000] {python.py:240} INFO - Done. Returned value was: None
[2024-11-28T04:42:38.553+0000] {taskinstance.py:340} INFO - ::group::Post task execution logs
[2024-11-28T04:42:38.554+0000] {taskinstance.py:352} INFO - Marking task as SUCCESS. dag_id=brewery_bronze_layer, task_id=transform_silver, run_id=manual__2024-11-28T04:38:52.455454+00:00, execution_date=20241128T043852, start_date=20241128T044218, end_date=20241128T044238
[2024-11-28T04:42:38.609+0000] {local_task_job_runner.py:266} INFO - Task exited with return code 0
[2024-11-28T04:42:38.623+0000] {taskinstance.py:3895} INFO - 0 downstream tasks scheduled from follow-on schedule check
[2024-11-28T04:42:38.625+0000] {local_task_job_runner.py:245} INFO - ::endgroup::
