[2024-11-28T22:30:19.870+0000] {local_task_job_runner.py:123} INFO - ::group::Pre task execution logs
[2024-11-28T22:30:19.903+0000] {taskinstance.py:2613} INFO - Dependencies all met for dep_context=non-requeueable deps ti=<TaskInstance: brewery_ETL.transform_silver manual__2024-11-28T22:26:59.044597+00:00 [queued]>
[2024-11-28T22:30:19.921+0000] {taskinstance.py:2613} INFO - Dependencies all met for dep_context=requeueable deps ti=<TaskInstance: brewery_ETL.transform_silver manual__2024-11-28T22:26:59.044597+00:00 [queued]>
[2024-11-28T22:30:19.922+0000] {taskinstance.py:2866} INFO - Starting attempt 1 of 2
[2024-11-28T22:30:19.952+0000] {taskinstance.py:2889} INFO - Executing <Task(PythonOperator): transform_silver> on 2024-11-28 22:26:59.044597+00:00
[2024-11-28T22:30:19.963+0000] {standard_task_runner.py:72} INFO - Started process 750 to run task
[2024-11-28T22:30:19.971+0000] {standard_task_runner.py:104} INFO - Running: ['***', 'tasks', 'run', 'brewery_ETL', 'transform_silver', 'manual__2024-11-28T22:26:59.044597+00:00', '--job-id', '246', '--raw', '--subdir', 'DAGS_FOLDER/openbrewery_dag.py', '--cfg-path', '/tmp/tmp7_n5ydzb']
[2024-11-28T22:30:19.975+0000] {standard_task_runner.py:105} INFO - Job 246: Subtask transform_silver
[2024-11-28T22:30:20.066+0000] {task_command.py:467} INFO - Running <TaskInstance: brewery_ETL.transform_silver manual__2024-11-28T22:26:59.044597+00:00 [running]> on host dbd050a9659a
[2024-11-28T22:30:20.191+0000] {taskinstance.py:3132} INFO - Exporting env vars: AIRFLOW_CTX_DAG_OWNER='***' AIRFLOW_CTX_DAG_ID='brewery_ETL' AIRFLOW_CTX_TASK_ID='transform_silver' AIRFLOW_CTX_EXECUTION_DATE='2024-11-28T22:26:59.044597+00:00' AIRFLOW_CTX_TRY_NUMBER='1' AIRFLOW_CTX_DAG_RUN_ID='manual__2024-11-28T22:26:59.044597+00:00'
[2024-11-28T22:30:20.193+0000] {taskinstance.py:731} INFO - ::endgroup::
[2024-11-28T22:30:20.217+0000] {transform_silver.py:112} INFO - Iniciando a tarefa transform_silver
[2024-11-28T22:30:20.217+0000] {transform_silver.py:126} INFO - Data de execução: 2024-11-28
[2024-11-28T22:30:20.218+0000] {transform_silver.py:16} INFO - Iniciando criação da sessão Spark para transformação Silver
[2024-11-28T22:30:28.910+0000] {transform_silver.py:40} INFO - Sessão Spark criada com sucesso para transformação Silver
[2024-11-28T22:30:28.911+0000] {transform_silver.py:49} INFO - Lendo dados da camada Bronze: s3a://breweris-etl-prod-sp/bronze/date=2024-11-28
[2024-11-28T22:30:35.222+0000] {transform_silver.py:52} INFO - Dados da camada Bronze carregados: 50 registros
[2024-11-28T22:30:35.222+0000] {transform_silver.py:61} INFO - Iniciando transformações na camada Silver
[2024-11-28T22:30:36.278+0000] {transform_silver.py:66} INFO - Duplicatas removidas. Total de registros: 50
[2024-11-28T22:30:36.451+0000] {transform_silver.py:82} INFO - Coluna 'localizacao' adicionada ao DataFrame
[2024-11-28T22:30:36.452+0000] {transform_silver.py:86} INFO - Tipos de dados convertidos com sucesso e coluna 'localizacao' garantida
[2024-11-28T22:30:36.452+0000] {transform_silver.py:88} INFO - Transformações na camada Silver concluídas
[2024-11-28T22:30:36.468+0000] {transform_silver.py:140} INFO - Schema do DataFrame após transformações na camada Silver:
[2024-11-28T22:30:36.471+0000] {logging_mixin.py:190} INFO - root
 |-- id: string (nullable = true)
 |-- name: string (nullable = true)
 |-- brewery_type: string (nullable = true)
 |-- street: string (nullable = true)
 |-- city: string (nullable = true)
 |-- state: string (nullable = true)
 |-- postal_code: string (nullable = true)
 |-- country: string (nullable = true)
 |-- longitude: float (nullable = true)
 |-- latitude: float (nullable = true)
 |-- phone: string (nullable = true)
 |-- website_url: string (nullable = true)
 |-- updated_at: string (nullable = true)
 |-- tag_list: array (nullable = true)
 |    |-- element: string (containsNull = true)
 |-- localizacao: string (nullable = false)
 |-- date: string (nullable = false)
[2024-11-28T22:30:36.471+0000] {transform_silver.py:97} INFO - Escrevendo dados na camada Silver: s3a://breweris-etl-prod-sp/silver/date=2024-11-28
[2024-11-28T22:31:27.748+0000] {transform_silver.py:105} INFO - Dados escritos com sucesso na camada Silver particionados por 'localizacao' e 'date'
[2024-11-28T22:31:27.749+0000] {transform_silver.py:146} INFO - Tarefa transform_silver concluída com sucesso
[2024-11-28T22:31:28.223+0000] {transform_silver.py:153} INFO - Sessão Spark finalizada para a tarefa transform_silver
[2024-11-28T22:31:28.224+0000] {python.py:240} INFO - Done. Returned value was: None
[2024-11-28T22:31:28.235+0000] {taskinstance.py:340} INFO - ::group::Post task execution logs
[2024-11-28T22:31:28.235+0000] {taskinstance.py:352} INFO - Marking task as SUCCESS. dag_id=brewery_ETL, task_id=transform_silver, run_id=manual__2024-11-28T22:26:59.044597+00:00, execution_date=20241128T222659, start_date=20241128T223019, end_date=20241128T223128
[2024-11-28T22:31:28.293+0000] {local_task_job_runner.py:266} INFO - Task exited with return code 0
[2024-11-28T22:31:28.311+0000] {taskinstance.py:3895} INFO - 1 downstream tasks scheduled from follow-on schedule check
[2024-11-28T22:31:28.313+0000] {local_task_job_runner.py:245} INFO - ::endgroup::
