[2024-11-28T05:46:59.857+0000] {local_task_job_runner.py:123} INFO - ::group::Pre task execution logs
[2024-11-28T05:46:59.869+0000] {taskinstance.py:2613} INFO - Dependencies all met for dep_context=non-requeueable deps ti=<TaskInstance: brewery_ETL.transform_gold manual__2024-11-28T05:39:01.844305+00:00 [queued]>
[2024-11-28T05:46:59.874+0000] {taskinstance.py:2613} INFO - Dependencies all met for dep_context=requeueable deps ti=<TaskInstance: brewery_ETL.transform_gold manual__2024-11-28T05:39:01.844305+00:00 [queued]>
[2024-11-28T05:46:59.874+0000] {taskinstance.py:2866} INFO - Starting attempt 1 of 2
[2024-11-28T05:46:59.884+0000] {taskinstance.py:2889} INFO - Executing <Task(PythonOperator): transform_gold> on 2024-11-28 05:39:01.844305+00:00
[2024-11-28T05:46:59.888+0000] {standard_task_runner.py:72} INFO - Started process 2051 to run task
[2024-11-28T05:46:59.891+0000] {standard_task_runner.py:104} INFO - Running: ['***', 'tasks', 'run', 'brewery_ETL', 'transform_gold', 'manual__2024-11-28T05:39:01.844305+00:00', '--job-id', '165', '--raw', '--subdir', 'DAGS_FOLDER/openbrewery_dag.py', '--cfg-path', '/tmp/tmpykotvnsm']
[2024-11-28T05:46:59.893+0000] {standard_task_runner.py:105} INFO - Job 165: Subtask transform_gold
[2024-11-28T05:46:59.928+0000] {task_command.py:467} INFO - Running <TaskInstance: brewery_ETL.transform_gold manual__2024-11-28T05:39:01.844305+00:00 [running]> on host 9d1ad07a939d
[2024-11-28T05:46:59.983+0000] {taskinstance.py:3132} INFO - Exporting env vars: AIRFLOW_CTX_DAG_OWNER='***' AIRFLOW_CTX_DAG_ID='brewery_ETL' AIRFLOW_CTX_TASK_ID='transform_gold' AIRFLOW_CTX_EXECUTION_DATE='2024-11-28T05:39:01.844305+00:00' AIRFLOW_CTX_TRY_NUMBER='1' AIRFLOW_CTX_DAG_RUN_ID='manual__2024-11-28T05:39:01.844305+00:00'
[2024-11-28T05:46:59.983+0000] {taskinstance.py:731} INFO - ::endgroup::
[2024-11-28T05:46:59.993+0000] {transform_gold.py:87} INFO - Iniciando a tarefa transform_gold
[2024-11-28T05:46:59.993+0000] {transform_gold.py:101} INFO - Data de execução: 2024-11-28
[2024-11-28T05:46:59.993+0000] {transform_gold.py:15} INFO - Iniciando criação da sessão Spark para transformação Gold
[2024-11-28T05:47:06.545+0000] {transform_gold.py:39} INFO - Sessão Spark criada com sucesso para transformação Gold
[2024-11-28T05:47:06.545+0000] {transform_gold.py:48} INFO - Lendo dados da camada Silver: s3a://breweris-etl-prod-sp/silver/date=2024-11-28
[2024-11-28T05:47:13.432+0000] {transform_gold.py:51} INFO - Dados da camada Silver carregados: 50 registros
[2024-11-28T05:47:13.433+0000] {transform_gold.py:60} INFO - Iniciando agregação dos dados para camada Gold
[2024-11-28T05:47:13.479+0000] {transform_gold.py:66} INFO - Agregação concluída com sucesso
[2024-11-28T05:47:13.480+0000] {transform_gold.py:75} INFO - Escrevendo dados na camada Gold: s3a://breweris-etl-prod-sp/gold/date=2024-11-28
[2024-11-28T05:47:40.402+0000] {transform_gold.py:80} INFO - Dados escritos com sucesso na camada Gold particionados por 'brewery_type' e 'localizacao'
[2024-11-28T05:47:40.403+0000] {transform_gold.py:115} INFO - Tarefa transform_gold concluída com sucesso
[2024-11-28T05:47:40.562+0000] {transform_gold.py:122} INFO - Sessão Spark finalizada para a tarefa transform_gold
[2024-11-28T05:47:40.563+0000] {python.py:240} INFO - Done. Returned value was: None
[2024-11-28T05:47:40.578+0000] {taskinstance.py:340} INFO - ::group::Post task execution logs
[2024-11-28T05:47:40.578+0000] {taskinstance.py:352} INFO - Marking task as SUCCESS. dag_id=brewery_ETL, task_id=transform_gold, run_id=manual__2024-11-28T05:39:01.844305+00:00, execution_date=20241128T053901, start_date=20241128T054659, end_date=20241128T054740
[2024-11-28T05:47:40.628+0000] {local_task_job_runner.py:266} INFO - Task exited with return code 0
[2024-11-28T05:47:40.649+0000] {taskinstance.py:3895} INFO - 0 downstream tasks scheduled from follow-on schedule check
[2024-11-28T05:47:40.652+0000] {local_task_job_runner.py:245} INFO - ::endgroup::
