[2024-11-28T05:32:49.607+0000] {local_task_job_runner.py:123} INFO - ::group::Pre task execution logs
[2024-11-28T05:32:49.622+0000] {taskinstance.py:2613} INFO - Dependencies all met for dep_context=non-requeueable deps ti=<TaskInstance: brewery_ETL.transform_silver manual__2024-11-28T05:24:30.850033+00:00 [queued]>
[2024-11-28T05:32:49.629+0000] {taskinstance.py:2613} INFO - Dependencies all met for dep_context=requeueable deps ti=<TaskInstance: brewery_ETL.transform_silver manual__2024-11-28T05:24:30.850033+00:00 [queued]>
[2024-11-28T05:32:49.629+0000] {taskinstance.py:2866} INFO - Starting attempt 1 of 2
[2024-11-28T05:32:49.643+0000] {taskinstance.py:2889} INFO - Executing <Task(PythonOperator): transform_silver> on 2024-11-28 05:24:30.850033+00:00
[2024-11-28T05:32:49.648+0000] {standard_task_runner.py:72} INFO - Started process 759 to run task
[2024-11-28T05:32:49.651+0000] {standard_task_runner.py:104} INFO - Running: ['***', 'tasks', 'run', 'brewery_ETL', 'transform_silver', 'manual__2024-11-28T05:24:30.850033+00:00', '--job-id', '158', '--raw', '--subdir', 'DAGS_FOLDER/openbrewery_dag.py', '--cfg-path', '/tmp/tmphkpimj83']
[2024-11-28T05:32:49.653+0000] {standard_task_runner.py:105} INFO - Job 158: Subtask transform_silver
[2024-11-28T05:32:49.694+0000] {task_command.py:467} INFO - Running <TaskInstance: brewery_ETL.transform_silver manual__2024-11-28T05:24:30.850033+00:00 [running]> on host c1fc4a7f2ea7
[2024-11-28T05:32:49.768+0000] {taskinstance.py:3132} INFO - Exporting env vars: AIRFLOW_CTX_DAG_OWNER='***' AIRFLOW_CTX_DAG_ID='brewery_ETL' AIRFLOW_CTX_TASK_ID='transform_silver' AIRFLOW_CTX_EXECUTION_DATE='2024-11-28T05:24:30.850033+00:00' AIRFLOW_CTX_TRY_NUMBER='1' AIRFLOW_CTX_DAG_RUN_ID='manual__2024-11-28T05:24:30.850033+00:00'
[2024-11-28T05:32:49.770+0000] {taskinstance.py:731} INFO - ::endgroup::
[2024-11-28T05:32:49.796+0000] {transform_silver.py:109} INFO - Iniciando a tarefa transform_silver
[2024-11-28T05:32:49.797+0000] {transform_silver.py:123} INFO - Data de execução: 2024-11-28
[2024-11-28T05:32:49.797+0000] {transform_silver.py:16} INFO - Iniciando criação da sessão Spark para transformação Silver
[2024-11-28T05:33:16.284+0000] {job.py:229} INFO - Heartbeat recovered after 15.84 seconds
[2024-11-28T05:33:17.269+0000] {transform_silver.py:40} INFO - Sessão Spark criada com sucesso para transformação Silver
[2024-11-28T05:33:17.270+0000] {transform_silver.py:49} INFO - Lendo dados da camada Bronze: s3a://breweris-etl-prod-sp/bronze/date=2024-11-28
[2024-11-28T05:33:21.359+0000] {job.py:229} INFO - Heartbeat recovered after 11.74 seconds
[2024-11-28T05:33:24.760+0000] {transform_silver.py:52} INFO - Dados da camada Bronze carregados: 50 registros
[2024-11-28T05:33:24.761+0000] {transform_silver.py:61} INFO - Iniciando transformações na camada Silver
[2024-11-28T05:33:25.890+0000] {transform_silver.py:66} INFO - Duplicatas removidas. Total de registros: 50
[2024-11-28T05:33:26.047+0000] {transform_silver.py:82} INFO - Coluna 'localizacao' adicionada ao DataFrame
[2024-11-28T05:33:26.048+0000] {transform_silver.py:86} INFO - Tipos de dados convertidos com sucesso e coluna 'localizacao' garantida
[2024-11-28T05:33:26.048+0000] {transform_silver.py:88} INFO - Transformações na camada Silver concluídas
[2024-11-28T05:33:26.198+0000] {transform_silver.py:142} ERROR - Erro na tarefa transform_silver: [UNRESOLVED_COLUMN.WITH_SUGGESTION] A column or function parameter with name `date` cannot be resolved. Did you mean one of the following? [`name`, `state`, `city`, `id`, `phone`].;
'Project [id#0, name#1, brewery_type#2, street#3, city#4, state#5, postal_code#6, country#7, longitude#108, latitude#123, phone#93, website_url#11, updated_at#12, tag_list#13, localizacao#138, 'date AS date#154]
+- Project [id#0, name#1, brewery_type#2, street#3, city#4, state#5, postal_code#6, country#7, longitude#108, latitude#123, phone#93, website_url#11, updated_at#12, tag_list#13, concat_ws(, , city#4, state#5) AS localizacao#138]
   +- Project [id#0, name#1, brewery_type#2, street#3, city#4, state#5, postal_code#6, country#7, longitude#108, cast(latitude#9 as float) AS latitude#123, phone#93, website_url#11, updated_at#12, tag_list#13]
      +- Project [id#0, name#1, brewery_type#2, street#3, city#4, state#5, postal_code#6, country#7, cast(longitude#8 as float) AS longitude#108, latitude#9, phone#93, website_url#11, updated_at#12, tag_list#13]
         +- Project [id#0, name#1, brewery_type#2, street#3, city#4, state#5, postal_code#6, country#7, longitude#8, latitude#9, CASE WHEN isnull(phone#10) THEN N/A ELSE phone#10 END AS phone#93, website_url#11, updated_at#12, tag_list#13]
            +- Deduplicate [id#0]
               +- Relation [id#0,name#1,brewery_type#2,street#3,city#4,state#5,postal_code#6,country#7,longitude#8,latitude#9,phone#10,website_url#11,updated_at#12,tag_list#13] parquet

[2024-11-28T05:33:26.628+0000] {transform_silver.py:147} INFO - Sessão Spark finalizada para a tarefa transform_silver
[2024-11-28T05:33:26.629+0000] {taskinstance.py:3311} ERROR - Task failed with exception
Traceback (most recent call last):
  File "/home/airflow/.local/lib/python3.9/site-packages/airflow/models/taskinstance.py", line 767, in _execute_task
    result = _execute_callable(context=context, **execute_callable_kwargs)
  File "/home/airflow/.local/lib/python3.9/site-packages/airflow/models/taskinstance.py", line 733, in _execute_callable
    return ExecutionCallableRunner(
  File "/home/airflow/.local/lib/python3.9/site-packages/airflow/utils/operator_helpers.py", line 252, in run
    return self.func(*args, **kwargs)
  File "/home/airflow/.local/lib/python3.9/site-packages/airflow/models/baseoperator.py", line 417, in wrapper
    return func(self, *args, **kwargs)
  File "/home/airflow/.local/lib/python3.9/site-packages/airflow/operators/python.py", line 238, in execute
    return_value = self.execute_callable()
  File "/home/airflow/.local/lib/python3.9/site-packages/airflow/operators/python.py", line 256, in execute_callable
    return runner.run(*self.op_args, **self.op_kwargs)
  File "/home/airflow/.local/lib/python3.9/site-packages/airflow/utils/operator_helpers.py", line 252, in run
    return self.func(*args, **kwargs)
  File "/opt/airflow/scripts/transform_silver.py", line 135, in transform_silver
    df_silver = df_silver.withColumn("date", col("date"))  # Supondo que a coluna 'date' existe ou foi adicionada
  File "/home/airflow/.local/lib/python3.9/site-packages/pyspark/sql/dataframe.py", line 4789, in withColumn
    return DataFrame(self._jdf.withColumn(colName, col._jc), self.sparkSession)
  File "/home/airflow/.local/lib/python3.9/site-packages/py4j/java_gateway.py", line 1322, in __call__
    return_value = get_return_value(
  File "/home/airflow/.local/lib/python3.9/site-packages/pyspark/errors/exceptions/captured.py", line 175, in deco
    raise converted from None
pyspark.errors.exceptions.captured.AnalysisException: [UNRESOLVED_COLUMN.WITH_SUGGESTION] A column or function parameter with name `date` cannot be resolved. Did you mean one of the following? [`name`, `state`, `city`, `id`, `phone`].;
'Project [id#0, name#1, brewery_type#2, street#3, city#4, state#5, postal_code#6, country#7, longitude#108, latitude#123, phone#93, website_url#11, updated_at#12, tag_list#13, localizacao#138, 'date AS date#154]
+- Project [id#0, name#1, brewery_type#2, street#3, city#4, state#5, postal_code#6, country#7, longitude#108, latitude#123, phone#93, website_url#11, updated_at#12, tag_list#13, concat_ws(, , city#4, state#5) AS localizacao#138]
   +- Project [id#0, name#1, brewery_type#2, street#3, city#4, state#5, postal_code#6, country#7, longitude#108, cast(latitude#9 as float) AS latitude#123, phone#93, website_url#11, updated_at#12, tag_list#13]
      +- Project [id#0, name#1, brewery_type#2, street#3, city#4, state#5, postal_code#6, country#7, cast(longitude#8 as float) AS longitude#108, latitude#9, phone#93, website_url#11, updated_at#12, tag_list#13]
         +- Project [id#0, name#1, brewery_type#2, street#3, city#4, state#5, postal_code#6, country#7, longitude#8, latitude#9, CASE WHEN isnull(phone#10) THEN N/A ELSE phone#10 END AS phone#93, website_url#11, updated_at#12, tag_list#13]
            +- Deduplicate [id#0]
               +- Relation [id#0,name#1,brewery_type#2,street#3,city#4,state#5,postal_code#6,country#7,longitude#8,latitude#9,phone#10,website_url#11,updated_at#12,tag_list#13] parquet

[2024-11-28T05:33:26.660+0000] {taskinstance.py:1225} INFO - Marking task as UP_FOR_RETRY. dag_id=brewery_ETL, task_id=transform_silver, run_id=manual__2024-11-28T05:24:30.850033+00:00, execution_date=20241128T052430, start_date=20241128T053249, end_date=20241128T053326
[2024-11-28T05:33:26.679+0000] {taskinstance.py:340} INFO - ::group::Post task execution logs
[2024-11-28T05:33:26.680+0000] {standard_task_runner.py:124} ERROR - Failed to execute job 158 for task transform_silver ([UNRESOLVED_COLUMN.WITH_SUGGESTION] A column or function parameter with name `date` cannot be resolved. Did you mean one of the following? [`name`, `state`, `city`, `id`, `phone`].;
'Project [id#0, name#1, brewery_type#2, street#3, city#4, state#5, postal_code#6, country#7, longitude#108, latitude#123, phone#93, website_url#11, updated_at#12, tag_list#13, localizacao#138, 'date AS date#154]
+- Project [id#0, name#1, brewery_type#2, street#3, city#4, state#5, postal_code#6, country#7, longitude#108, latitude#123, phone#93, website_url#11, updated_at#12, tag_list#13, concat_ws(, , city#4, state#5) AS localizacao#138]
   +- Project [id#0, name#1, brewery_type#2, street#3, city#4, state#5, postal_code#6, country#7, longitude#108, cast(latitude#9 as float) AS latitude#123, phone#93, website_url#11, updated_at#12, tag_list#13]
      +- Project [id#0, name#1, brewery_type#2, street#3, city#4, state#5, postal_code#6, country#7, cast(longitude#8 as float) AS longitude#108, latitude#9, phone#93, website_url#11, updated_at#12, tag_list#13]
         +- Project [id#0, name#1, brewery_type#2, street#3, city#4, state#5, postal_code#6, country#7, longitude#8, latitude#9, CASE WHEN isnull(phone#10) THEN N/A ELSE phone#10 END AS phone#93, website_url#11, updated_at#12, tag_list#13]
            +- Deduplicate [id#0]
               +- Relation [id#0,name#1,brewery_type#2,street#3,city#4,state#5,postal_code#6,country#7,longitude#8,latitude#9,phone#10,website_url#11,updated_at#12,tag_list#13] parquet
; 759)
Traceback (most recent call last):
  File "/home/airflow/.local/lib/python3.9/site-packages/airflow/task/task_runner/standard_task_runner.py", line 117, in _start_by_fork
    ret = args.func(args, dag=self.dag)
  File "/home/airflow/.local/lib/python3.9/site-packages/airflow/cli/cli_config.py", line 49, in command
    return func(*args, **kwargs)
  File "/home/airflow/.local/lib/python3.9/site-packages/airflow/utils/cli.py", line 116, in wrapper
    return f(*args, **kwargs)
  File "/home/airflow/.local/lib/python3.9/site-packages/airflow/cli/commands/task_command.py", line 483, in task_run
    task_return_code = _run_task_by_selected_method(args, _dag, ti)
  File "/home/airflow/.local/lib/python3.9/site-packages/airflow/cli/commands/task_command.py", line 256, in _run_task_by_selected_method
    return _run_raw_task(args, ti)
  File "/home/airflow/.local/lib/python3.9/site-packages/airflow/cli/commands/task_command.py", line 341, in _run_raw_task
    return ti._run_raw_task(
  File "/home/airflow/.local/lib/python3.9/site-packages/airflow/utils/session.py", line 97, in wrapper
    return func(*args, session=session, **kwargs)
  File "/home/airflow/.local/lib/python3.9/site-packages/airflow/models/taskinstance.py", line 3005, in _run_raw_task
    return _run_raw_task(
  File "/home/airflow/.local/lib/python3.9/site-packages/airflow/models/taskinstance.py", line 273, in _run_raw_task
    TaskInstance._execute_task_with_callbacks(
  File "/home/airflow/.local/lib/python3.9/site-packages/airflow/models/taskinstance.py", line 3159, in _execute_task_with_callbacks
    result = self._execute_task(context, task_orig)
  File "/home/airflow/.local/lib/python3.9/site-packages/airflow/models/taskinstance.py", line 3183, in _execute_task
    return _execute_task(self, context, task_orig)
  File "/home/airflow/.local/lib/python3.9/site-packages/airflow/models/taskinstance.py", line 767, in _execute_task
    result = _execute_callable(context=context, **execute_callable_kwargs)
  File "/home/airflow/.local/lib/python3.9/site-packages/airflow/models/taskinstance.py", line 733, in _execute_callable
    return ExecutionCallableRunner(
  File "/home/airflow/.local/lib/python3.9/site-packages/airflow/utils/operator_helpers.py", line 252, in run
    return self.func(*args, **kwargs)
  File "/home/airflow/.local/lib/python3.9/site-packages/airflow/models/baseoperator.py", line 417, in wrapper
    return func(self, *args, **kwargs)
  File "/home/airflow/.local/lib/python3.9/site-packages/airflow/operators/python.py", line 238, in execute
    return_value = self.execute_callable()
  File "/home/airflow/.local/lib/python3.9/site-packages/airflow/operators/python.py", line 256, in execute_callable
    return runner.run(*self.op_args, **self.op_kwargs)
  File "/home/airflow/.local/lib/python3.9/site-packages/airflow/utils/operator_helpers.py", line 252, in run
    return self.func(*args, **kwargs)
  File "/opt/airflow/scripts/transform_silver.py", line 135, in transform_silver
    df_silver = df_silver.withColumn("date", col("date"))  # Supondo que a coluna 'date' existe ou foi adicionada
  File "/home/airflow/.local/lib/python3.9/site-packages/pyspark/sql/dataframe.py", line 4789, in withColumn
    return DataFrame(self._jdf.withColumn(colName, col._jc), self.sparkSession)
  File "/home/airflow/.local/lib/python3.9/site-packages/py4j/java_gateway.py", line 1322, in __call__
    return_value = get_return_value(
  File "/home/airflow/.local/lib/python3.9/site-packages/pyspark/errors/exceptions/captured.py", line 175, in deco
    raise converted from None
pyspark.errors.exceptions.captured.AnalysisException: [UNRESOLVED_COLUMN.WITH_SUGGESTION] A column or function parameter with name `date` cannot be resolved. Did you mean one of the following? [`name`, `state`, `city`, `id`, `phone`].;
'Project [id#0, name#1, brewery_type#2, street#3, city#4, state#5, postal_code#6, country#7, longitude#108, latitude#123, phone#93, website_url#11, updated_at#12, tag_list#13, localizacao#138, 'date AS date#154]
+- Project [id#0, name#1, brewery_type#2, street#3, city#4, state#5, postal_code#6, country#7, longitude#108, latitude#123, phone#93, website_url#11, updated_at#12, tag_list#13, concat_ws(, , city#4, state#5) AS localizacao#138]
   +- Project [id#0, name#1, brewery_type#2, street#3, city#4, state#5, postal_code#6, country#7, longitude#108, cast(latitude#9 as float) AS latitude#123, phone#93, website_url#11, updated_at#12, tag_list#13]
      +- Project [id#0, name#1, brewery_type#2, street#3, city#4, state#5, postal_code#6, country#7, cast(longitude#8 as float) AS longitude#108, latitude#9, phone#93, website_url#11, updated_at#12, tag_list#13]
         +- Project [id#0, name#1, brewery_type#2, street#3, city#4, state#5, postal_code#6, country#7, longitude#8, latitude#9, CASE WHEN isnull(phone#10) THEN N/A ELSE phone#10 END AS phone#93, website_url#11, updated_at#12, tag_list#13]
            +- Deduplicate [id#0]
               +- Relation [id#0,name#1,brewery_type#2,street#3,city#4,state#5,postal_code#6,country#7,longitude#8,latitude#9,phone#10,website_url#11,updated_at#12,tag_list#13] parquet

[2024-11-28T05:33:26.715+0000] {local_task_job_runner.py:266} INFO - Task exited with return code 1
[2024-11-28T05:33:26.735+0000] {taskinstance.py:3895} INFO - 0 downstream tasks scheduled from follow-on schedule check
[2024-11-28T05:33:26.740+0000] {local_task_job_runner.py:245} INFO - ::endgroup::
