[2024-11-28T05:38:34.624+0000] {local_task_job_runner.py:123} INFO - ::group::Pre task execution logs
[2024-11-28T05:38:34.635+0000] {taskinstance.py:2613} INFO - Dependencies all met for dep_context=non-requeueable deps ti=<TaskInstance: brewery_ETL.transform_silver manual__2024-11-28T05:24:30.850033+00:00 [queued]>
[2024-11-28T05:38:34.641+0000] {taskinstance.py:2613} INFO - Dependencies all met for dep_context=requeueable deps ti=<TaskInstance: brewery_ETL.transform_silver manual__2024-11-28T05:24:30.850033+00:00 [queued]>
[2024-11-28T05:38:34.641+0000] {taskinstance.py:2866} INFO - Starting attempt 2 of 2
[2024-11-28T05:38:34.650+0000] {taskinstance.py:2889} INFO - Executing <Task(PythonOperator): transform_silver> on 2024-11-28 05:24:30.850033+00:00
[2024-11-28T05:38:34.655+0000] {standard_task_runner.py:72} INFO - Started process 45 to run task
[2024-11-28T05:38:34.659+0000] {standard_task_runner.py:104} INFO - Running: ['***', 'tasks', 'run', 'brewery_ETL', 'transform_silver', 'manual__2024-11-28T05:24:30.850033+00:00', '--job-id', '160', '--raw', '--subdir', 'DAGS_FOLDER/openbrewery_dag.py', '--cfg-path', '/tmp/tmp3t52mp44']
[2024-11-28T05:38:34.661+0000] {standard_task_runner.py:105} INFO - Job 160: Subtask transform_silver
[2024-11-28T05:38:34.696+0000] {task_command.py:467} INFO - Running <TaskInstance: brewery_ETL.transform_silver manual__2024-11-28T05:24:30.850033+00:00 [running]> on host 9d1ad07a939d
[2024-11-28T05:38:34.767+0000] {taskinstance.py:3132} INFO - Exporting env vars: AIRFLOW_CTX_DAG_OWNER='***' AIRFLOW_CTX_DAG_ID='brewery_ETL' AIRFLOW_CTX_TASK_ID='transform_silver' AIRFLOW_CTX_EXECUTION_DATE='2024-11-28T05:24:30.850033+00:00' AIRFLOW_CTX_TRY_NUMBER='2' AIRFLOW_CTX_DAG_RUN_ID='manual__2024-11-28T05:24:30.850033+00:00'
[2024-11-28T05:38:34.768+0000] {taskinstance.py:731} INFO - ::endgroup::
[2024-11-28T05:38:34.794+0000] {transform_silver.py:112} INFO - Iniciando a tarefa transform_silver
[2024-11-28T05:38:34.795+0000] {transform_silver.py:126} INFO - Data de execução: 2024-11-28
[2024-11-28T05:38:34.795+0000] {transform_silver.py:16} INFO - Iniciando criação da sessão Spark para transformação Silver
[2024-11-28T05:39:03.451+0000] {transform_silver.py:40} INFO - Sessão Spark criada com sucesso para transformação Silver
[2024-11-28T05:39:03.451+0000] {transform_silver.py:49} INFO - Lendo dados da camada Bronze: s3a://breweris-etl-prod-sp/bronze/date=2024-11-28
[2024-11-28T05:39:11.891+0000] {transform_silver.py:52} INFO - Dados da camada Bronze carregados: 50 registros
[2024-11-28T05:39:11.892+0000] {transform_silver.py:61} INFO - Iniciando transformações na camada Silver
[2024-11-28T05:39:13.110+0000] {transform_silver.py:66} INFO - Duplicatas removidas. Total de registros: 50
[2024-11-28T05:39:13.272+0000] {transform_silver.py:82} INFO - Coluna 'localizacao' adicionada ao DataFrame
[2024-11-28T05:39:13.272+0000] {transform_silver.py:86} INFO - Tipos de dados convertidos com sucesso e coluna 'localizacao' garantida
[2024-11-28T05:39:13.273+0000] {transform_silver.py:88} INFO - Transformações na camada Silver concluídas
[2024-11-28T05:39:13.288+0000] {transform_silver.py:97} INFO - Escrevendo dados na camada Silver: s3a://breweris-etl-prod-sp/silver/date=2024-11-28
[2024-11-28T05:39:19.436+0000] {job.py:229} INFO - Heartbeat recovered after 13.63 seconds
[2024-11-28T05:39:24.498+0000] {job.py:229} INFO - Heartbeat recovered after 10.93 seconds
[2024-11-28T05:40:02.160+0000] {transform_silver.py:105} INFO - Dados escritos com sucesso na camada Silver particionados por 'localizacao' e 'date'
[2024-11-28T05:40:02.161+0000] {transform_silver.py:143} INFO - Tarefa transform_silver concluída com sucesso
[2024-11-28T05:40:02.362+0000] {transform_silver.py:150} INFO - Sessão Spark finalizada para a tarefa transform_silver
[2024-11-28T05:40:02.363+0000] {python.py:240} INFO - Done. Returned value was: None
[2024-11-28T05:40:02.375+0000] {taskinstance.py:340} INFO - ::group::Post task execution logs
[2024-11-28T05:40:02.376+0000] {taskinstance.py:352} INFO - Marking task as SUCCESS. dag_id=brewery_ETL, task_id=transform_silver, run_id=manual__2024-11-28T05:24:30.850033+00:00, execution_date=20241128T052430, start_date=20241128T053834, end_date=20241128T054002
[2024-11-28T05:40:02.402+0000] {local_task_job_runner.py:266} INFO - Task exited with return code 0
[2024-11-28T05:40:02.423+0000] {taskinstance.py:3895} INFO - 1 downstream tasks scheduled from follow-on schedule check
[2024-11-28T05:40:02.425+0000] {local_task_job_runner.py:245} INFO - ::endgroup::
