[2024-11-28T03:37:05.093+0000] {local_task_job_runner.py:123} INFO - ::group::Pre task execution logs
[2024-11-28T03:37:05.113+0000] {taskinstance.py:2613} INFO - Dependencies all met for dep_context=non-requeueable deps ti=<TaskInstance: brewery_bronze_layer.extract_brewery_data manual__2024-11-28T03:37:01.347786+00:00 [queued]>
[2024-11-28T03:37:05.121+0000] {taskinstance.py:2613} INFO - Dependencies all met for dep_context=requeueable deps ti=<TaskInstance: brewery_bronze_layer.extract_brewery_data manual__2024-11-28T03:37:01.347786+00:00 [queued]>
[2024-11-28T03:37:05.122+0000] {taskinstance.py:2866} INFO - Starting attempt 1 of 2
[2024-11-28T03:37:05.132+0000] {taskinstance.py:2889} INFO - Executing <Task(PythonOperator): extract_brewery_data> on 2024-11-28 03:37:01.347786+00:00
[2024-11-28T03:37:05.136+0000] {standard_task_runner.py:72} INFO - Started process 48 to run task
[2024-11-28T03:37:05.141+0000] {standard_task_runner.py:104} INFO - Running: ['***', 'tasks', 'run', 'brewery_bronze_layer', 'extract_brewery_data', 'manual__2024-11-28T03:37:01.347786+00:00', '--job-id', '104', '--raw', '--subdir', 'DAGS_FOLDER/openbrewery_dag.py', '--cfg-path', '/tmp/tmpchazv7h_']
[2024-11-28T03:37:05.143+0000] {standard_task_runner.py:105} INFO - Job 104: Subtask extract_brewery_data
[2024-11-28T03:37:05.188+0000] {task_command.py:467} INFO - Running <TaskInstance: brewery_bronze_layer.extract_brewery_data manual__2024-11-28T03:37:01.347786+00:00 [running]> on host 369c7674d54c
[2024-11-28T03:37:05.263+0000] {taskinstance.py:3132} INFO - Exporting env vars: AIRFLOW_CTX_DAG_OWNER='***' AIRFLOW_CTX_DAG_ID='brewery_bronze_layer' AIRFLOW_CTX_TASK_ID='extract_brewery_data' AIRFLOW_CTX_EXECUTION_DATE='2024-11-28T03:37:01.347786+00:00' AIRFLOW_CTX_TRY_NUMBER='1' AIRFLOW_CTX_DAG_RUN_ID='manual__2024-11-28T03:37:01.347786+00:00'
[2024-11-28T03:37:05.264+0000] {taskinstance.py:731} INFO - ::endgroup::
[2024-11-28T03:37:05.292+0000] {load_bronze_module.py:91} INFO - Iniciando a extração de dados da API
[2024-11-28T03:37:13.563+0000] {load_bronze_module.py:100} INFO - Parando a coleta de dados na página 169 devido a dados vazios.
[2024-11-28T03:37:13.787+0000] {load_bronze_module.py:108} INFO - Extraídos dados de 8355 cervejarias.
[2024-11-28T03:37:13.798+0000] {python.py:240} INFO - Done. Returned value was: None
[2024-11-28T03:37:13.808+0000] {taskinstance.py:340} INFO - ::group::Post task execution logs
[2024-11-28T03:37:13.809+0000] {taskinstance.py:352} INFO - Marking task as SUCCESS. dag_id=brewery_bronze_layer, task_id=extract_brewery_data, run_id=manual__2024-11-28T03:37:01.347786+00:00, execution_date=20241128T033701, start_date=20241128T033705, end_date=20241128T033713
[2024-11-28T03:37:13.832+0000] {local_task_job_runner.py:266} INFO - Task exited with return code 0
[2024-11-28T03:37:13.852+0000] {taskinstance.py:3895} INFO - 1 downstream tasks scheduled from follow-on schedule check
[2024-11-28T03:37:13.856+0000] {local_task_job_runner.py:245} INFO - ::endgroup::
