[2024-11-28T05:01:14.971+0000] {local_task_job_runner.py:123} INFO - ::group::Pre task execution logs
[2024-11-28T05:01:14.989+0000] {taskinstance.py:2613} INFO - Dependencies all met for dep_context=non-requeueable deps ti=<TaskInstance: brewery_ETL.transform_silver scheduled__2024-11-27T00:00:00+00:00 [queued]>
[2024-11-28T05:01:14.998+0000] {taskinstance.py:2613} INFO - Dependencies all met for dep_context=requeueable deps ti=<TaskInstance: brewery_ETL.transform_silver scheduled__2024-11-27T00:00:00+00:00 [queued]>
[2024-11-28T05:01:14.998+0000] {taskinstance.py:2866} INFO - Starting attempt 1 of 2
[2024-11-28T05:01:15.012+0000] {taskinstance.py:2889} INFO - Executing <Task(PythonOperator): transform_silver> on 2024-11-27 00:00:00+00:00
[2024-11-28T05:01:15.018+0000] {standard_task_runner.py:72} INFO - Started process 1428 to run task
[2024-11-28T05:01:15.022+0000] {standard_task_runner.py:104} INFO - Running: ['***', 'tasks', 'run', 'brewery_ETL', 'transform_silver', 'scheduled__2024-11-27T00:00:00+00:00', '--job-id', '152', '--raw', '--subdir', 'DAGS_FOLDER/openbrewery_dag.py', '--cfg-path', '/tmp/tmpg0tkkv4i']
[2024-11-28T05:01:15.024+0000] {standard_task_runner.py:105} INFO - Job 152: Subtask transform_silver
[2024-11-28T05:01:15.071+0000] {task_command.py:467} INFO - Running <TaskInstance: brewery_ETL.transform_silver scheduled__2024-11-27T00:00:00+00:00 [running]> on host b3d601393134
[2024-11-28T05:01:15.155+0000] {taskinstance.py:3132} INFO - Exporting env vars: AIRFLOW_CTX_DAG_OWNER='***' AIRFLOW_CTX_DAG_ID='brewery_ETL' AIRFLOW_CTX_TASK_ID='transform_silver' AIRFLOW_CTX_EXECUTION_DATE='2024-11-27T00:00:00+00:00' AIRFLOW_CTX_TRY_NUMBER='1' AIRFLOW_CTX_DAG_RUN_ID='scheduled__2024-11-27T00:00:00+00:00'
[2024-11-28T05:01:15.156+0000] {taskinstance.py:731} INFO - ::endgroup::
[2024-11-28T05:01:15.170+0000] {transform_silver.py:97} INFO - Iniciando a tarefa transform_silver
[2024-11-28T05:01:15.171+0000] {transform_silver.py:111} INFO - Data de execução: 2024-11-27
[2024-11-28T05:01:15.171+0000] {transform_silver.py:16} INFO - Iniciando criação da sessão Spark para transformação Silver
[2024-11-28T05:01:21.690+0000] {transform_silver.py:40} INFO - Sessão Spark criada com sucesso para transformação Silver
[2024-11-28T05:01:21.690+0000] {transform_silver.py:49} INFO - Lendo dados da camada Bronze: s3a://breweris-etl-prod-sp/bronze/date=2024-11-27
[2024-11-28T05:01:27.418+0000] {transform_silver.py:52} INFO - Dados da camada Bronze carregados: 50 registros
[2024-11-28T05:01:27.419+0000] {transform_silver.py:61} INFO - Iniciando transformações na camada Silver
[2024-11-28T05:01:28.459+0000] {transform_silver.py:66} INFO - Duplicatas removidas. Total de registros: 50
[2024-11-28T05:01:28.579+0000] {transform_silver.py:77} INFO - Tipos de dados convertidos com sucesso
[2024-11-28T05:01:28.581+0000] {transform_silver.py:79} INFO - Transformações na camada Silver concluídas
[2024-11-28T05:01:28.582+0000] {transform_silver.py:88} INFO - Escrevendo dados na camada Silver: s3a://breweris-etl-prod-sp/silver/date=2024-11-27
[2024-11-28T05:01:34.878+0000] {transform_silver.py:90} INFO - Dados escritos com sucesso na camada Silver
[2024-11-28T05:01:34.878+0000] {transform_silver.py:125} INFO - Tarefa transform_silver concluída com sucesso
[2024-11-28T05:01:35.306+0000] {transform_silver.py:132} INFO - Sessão Spark finalizada para a tarefa transform_silver
[2024-11-28T05:01:35.306+0000] {python.py:240} INFO - Done. Returned value was: None
[2024-11-28T05:01:35.319+0000] {taskinstance.py:340} INFO - ::group::Post task execution logs
[2024-11-28T05:01:35.320+0000] {taskinstance.py:352} INFO - Marking task as SUCCESS. dag_id=brewery_ETL, task_id=transform_silver, run_id=scheduled__2024-11-27T00:00:00+00:00, execution_date=20241127T000000, start_date=20241128T050114, end_date=20241128T050135
[2024-11-28T05:01:35.366+0000] {local_task_job_runner.py:266} INFO - Task exited with return code 0
[2024-11-28T05:01:35.387+0000] {taskinstance.py:3895} INFO - 0 downstream tasks scheduled from follow-on schedule check
[2024-11-28T05:01:35.389+0000] {local_task_job_runner.py:245} INFO - ::endgroup::
