[2024-11-28T04:56:57.131+0000] {local_task_job_runner.py:123} INFO - ::group::Pre task execution logs
[2024-11-28T04:56:57.144+0000] {taskinstance.py:2613} INFO - Dependencies all met for dep_context=non-requeueable deps ti=<TaskInstance: brewery_ETL.load_bronze scheduled__2024-11-27T00:00:00+00:00 [queued]>
[2024-11-28T04:56:57.150+0000] {taskinstance.py:2613} INFO - Dependencies all met for dep_context=requeueable deps ti=<TaskInstance: brewery_ETL.load_bronze scheduled__2024-11-27T00:00:00+00:00 [queued]>
[2024-11-28T04:56:57.150+0000] {taskinstance.py:2866} INFO - Starting attempt 1 of 2
[2024-11-28T04:56:57.160+0000] {taskinstance.py:2889} INFO - Executing <Task(PythonOperator): load_bronze> on 2024-11-27 00:00:00+00:00
[2024-11-28T04:56:57.164+0000] {standard_task_runner.py:72} INFO - Started process 78 to run task
[2024-11-28T04:56:57.167+0000] {standard_task_runner.py:104} INFO - Running: ['***', 'tasks', 'run', 'brewery_ETL', 'load_bronze', 'scheduled__2024-11-27T00:00:00+00:00', '--job-id', '150', '--raw', '--subdir', 'DAGS_FOLDER/openbrewery_dag.py', '--cfg-path', '/tmp/tmpqzah7hjv']
[2024-11-28T04:56:57.169+0000] {standard_task_runner.py:105} INFO - Job 150: Subtask load_bronze
[2024-11-28T04:56:57.215+0000] {task_command.py:467} INFO - Running <TaskInstance: brewery_ETL.load_bronze scheduled__2024-11-27T00:00:00+00:00 [running]> on host b3d601393134
[2024-11-28T04:56:57.287+0000] {taskinstance.py:3132} INFO - Exporting env vars: AIRFLOW_CTX_DAG_OWNER='***' AIRFLOW_CTX_DAG_ID='brewery_ETL' AIRFLOW_CTX_TASK_ID='load_bronze' AIRFLOW_CTX_EXECUTION_DATE='2024-11-27T00:00:00+00:00' AIRFLOW_CTX_TRY_NUMBER='1' AIRFLOW_CTX_DAG_RUN_ID='scheduled__2024-11-27T00:00:00+00:00'
[2024-11-28T04:56:57.288+0000] {taskinstance.py:731} INFO - ::endgroup::
[2024-11-28T04:56:57.300+0000] {load_bronze_module.py:133} INFO - Iniciando a tarefa load_bronze
[2024-11-28T04:56:57.311+0000] {load_bronze_module.py:152} INFO - Recebidos 50 registros para carregar na camada Bronze
[2024-11-28T04:56:57.311+0000] {load_bronze_module.py:42} INFO - Iniciando criação da sessão Spark
[2024-11-28T04:57:36.907+0000] {job.py:229} INFO - Heartbeat recovered after 14.50 seconds
[2024-11-28T04:57:38.004+0000] {load_bronze_module.py:66} INFO - Sessão Spark criada com sucesso
[2024-11-28T04:57:38.005+0000] {load_bronze_module.py:156} INFO - Sessão Spark criada com sucesso
[2024-11-28T04:57:38.005+0000] {load_bronze_module.py:176} INFO - Criando DataFrame com Spark
[2024-11-28T04:57:41.237+0000] {load_bronze_module.py:179} INFO - DataFrame criado com sucesso
[2024-11-28T04:57:41.238+0000] {load_bronze_module.py:181} INFO - Verificando dados que não atendem ao padrão
[2024-11-28T04:57:41.952+0000] {job.py:229} INFO - Heartbeat recovered after 13.49 seconds
[2024-11-28T04:58:23.047+0000] {load_bronze_module.py:188} ERROR - Existem 10 registros com longitude inválida.
[2024-11-28T04:58:23.057+0000] {load_bronze_module.py:192} INFO - Salvando registros inválidos em: s3a://breweris-etl-prod-sp/bronze/errors/date=2024-11-27/invalid_longitudes.json
[2024-11-28T04:59:06.349+0000] {load_bronze_module.py:203} INFO - Salvando dados no S3 em: s3a://breweris-etl-prod-sp/bronze/date=2024-11-27
[2024-11-28T04:59:17.037+0000] {load_bronze_module.py:207} INFO - Dados salvos com sucesso na camada Bronze: bronze/date=2024-11-27
[2024-11-28T04:59:18.224+0000] {load_bronze_module.py:214} INFO - Sessão Spark finalizada e tarefa load_bronze concluída
[2024-11-28T04:59:18.225+0000] {python.py:240} INFO - Done. Returned value was: None
[2024-11-28T04:59:18.245+0000] {taskinstance.py:340} INFO - ::group::Post task execution logs
[2024-11-28T04:59:18.246+0000] {taskinstance.py:352} INFO - Marking task as SUCCESS. dag_id=brewery_ETL, task_id=load_bronze, run_id=scheduled__2024-11-27T00:00:00+00:00, execution_date=20241127T000000, start_date=20241128T045657, end_date=20241128T045918
[2024-11-28T04:59:18.277+0000] {local_task_job_runner.py:266} INFO - Task exited with return code 0
[2024-11-28T04:59:18.323+0000] {taskinstance.py:3895} INFO - 1 downstream tasks scheduled from follow-on schedule check
[2024-11-28T04:59:18.325+0000] {local_task_job_runner.py:245} INFO - ::endgroup::
[2024-11-28T20:51:55.321+0000] {local_task_job_runner.py:123} INFO - ::group::Pre task execution logs
[2024-11-28T20:51:55.333+0000] {taskinstance.py:2613} INFO - Dependencies all met for dep_context=non-requeueable deps ti=<TaskInstance: brewery_ETL.load_bronze scheduled__2024-11-27T00:00:00+00:00 [queued]>
[2024-11-28T20:51:55.339+0000] {taskinstance.py:2613} INFO - Dependencies all met for dep_context=requeueable deps ti=<TaskInstance: brewery_ETL.load_bronze scheduled__2024-11-27T00:00:00+00:00 [queued]>
[2024-11-28T20:51:55.339+0000] {taskinstance.py:2866} INFO - Starting attempt 1 of 2
[2024-11-28T20:51:55.348+0000] {taskinstance.py:2889} INFO - Executing <Task(PythonOperator): load_bronze> on 2024-11-27 00:00:00+00:00
[2024-11-28T20:51:55.351+0000] {standard_task_runner.py:72} INFO - Started process 77 to run task
[2024-11-28T20:51:55.355+0000] {standard_task_runner.py:104} INFO - Running: ['***', 'tasks', 'run', 'brewery_ETL', 'load_bronze', 'scheduled__2024-11-27T00:00:00+00:00', '--job-id', '185', '--raw', '--subdir', 'DAGS_FOLDER/openbrewery_dag.py', '--cfg-path', '/tmp/tmpg3vq3gq_']
[2024-11-28T20:51:55.356+0000] {standard_task_runner.py:105} INFO - Job 185: Subtask load_bronze
[2024-11-28T20:51:55.393+0000] {task_command.py:467} INFO - Running <TaskInstance: brewery_ETL.load_bronze scheduled__2024-11-27T00:00:00+00:00 [running]> on host 050b960281c7
[2024-11-28T20:51:55.452+0000] {taskinstance.py:3132} INFO - Exporting env vars: AIRFLOW_CTX_DAG_OWNER='***' AIRFLOW_CTX_DAG_ID='brewery_ETL' AIRFLOW_CTX_TASK_ID='load_bronze' AIRFLOW_CTX_EXECUTION_DATE='2024-11-27T00:00:00+00:00' AIRFLOW_CTX_TRY_NUMBER='1' AIRFLOW_CTX_DAG_RUN_ID='scheduled__2024-11-27T00:00:00+00:00'
[2024-11-28T20:51:55.453+0000] {taskinstance.py:731} INFO - ::endgroup::
[2024-11-28T20:51:55.463+0000] {load_bronze_module.py:133} INFO - Iniciando a tarefa load_bronze
[2024-11-28T20:51:55.472+0000] {load_bronze_module.py:152} INFO - Recebidos 50 registros para carregar na camada Bronze
[2024-11-28T20:51:55.472+0000] {load_bronze_module.py:42} INFO - Iniciando criação da sessão Spark
[2024-11-28T20:52:30.537+0000] {load_bronze_module.py:66} INFO - Sessão Spark criada com sucesso
[2024-11-28T20:52:30.538+0000] {load_bronze_module.py:156} INFO - Sessão Spark criada com sucesso
[2024-11-28T20:52:30.538+0000] {load_bronze_module.py:176} INFO - Criando DataFrame com Spark
[2024-11-28T20:52:34.627+0000] {load_bronze_module.py:179} INFO - DataFrame criado com sucesso
[2024-11-28T20:52:34.628+0000] {load_bronze_module.py:181} INFO - Verificando dados que não atendem ao padrão
[2024-11-28T20:53:20.146+0000] {load_bronze_module.py:188} ERROR - Existem 10 registros com longitude inválida.
[2024-11-28T20:53:20.178+0000] {load_bronze_module.py:192} INFO - Salvando registros inválidos em: s3a://breweris-etl-prod-sp/bronze/errors/date=2024-11-27/invalid_longitudes.json
[2024-11-28T20:53:52.906+0000] {load_bronze_module.py:203} INFO - Salvando dados no S3 em: s3a://breweris-etl-prod-sp/bronze/date=2024-11-27
[2024-11-28T20:51:08.502+0000] {load_bronze_module.py:207} INFO - Dados salvos com sucesso na camada Bronze: bronze/date=2024-11-27
[2024-11-28T20:54:07.070+0000] {load_bronze_module.py:214} INFO - Sessão Spark finalizada e tarefa load_bronze concluída
[2024-11-28T20:54:07.071+0000] {python.py:240} INFO - Done. Returned value was: None
[2024-11-28T20:54:07.081+0000] {taskinstance.py:340} INFO - ::group::Post task execution logs
[2024-11-28T20:54:07.081+0000] {taskinstance.py:352} INFO - Marking task as SUCCESS. dag_id=brewery_ETL, task_id=load_bronze, run_id=scheduled__2024-11-27T00:00:00+00:00, execution_date=20241127T000000, start_date=20241128T205155, end_date=20241128T205407
[2024-11-28T20:54:07.103+0000] {local_task_job_runner.py:266} INFO - Task exited with return code 0
[2024-11-28T20:54:07.127+0000] {taskinstance.py:3895} INFO - 1 downstream tasks scheduled from follow-on schedule check
[2024-11-28T20:54:07.129+0000] {local_task_job_runner.py:245} INFO - ::endgroup::
