[2024-11-28T02:38:01.608+0000] {local_task_job_runner.py:123} INFO - ::group::Pre task execution logs
[2024-11-28T02:38:01.619+0000] {taskinstance.py:2613} INFO - Dependencies all met for dep_context=non-requeueable deps ti=<TaskInstance: brewery_bronze_layer.extract_brewery_data manual__2024-11-28T02:37:57.744343+00:00 [queued]>
[2024-11-28T02:38:01.624+0000] {taskinstance.py:2613} INFO - Dependencies all met for dep_context=requeueable deps ti=<TaskInstance: brewery_bronze_layer.extract_brewery_data manual__2024-11-28T02:37:57.744343+00:00 [queued]>
[2024-11-28T02:38:01.624+0000] {taskinstance.py:2866} INFO - Starting attempt 1 of 2
[2024-11-28T02:38:01.633+0000] {taskinstance.py:2889} INFO - Executing <Task(PythonOperator): extract_brewery_data> on 2024-11-28 02:37:57.744343+00:00
[2024-11-28T02:38:01.636+0000] {standard_task_runner.py:72} INFO - Started process 53 to run task
[2024-11-28T02:38:01.639+0000] {standard_task_runner.py:104} INFO - Running: ['***', 'tasks', 'run', 'brewery_bronze_layer', 'extract_brewery_data', 'manual__2024-11-28T02:37:57.744343+00:00', '--job-id', '58', '--raw', '--subdir', 'DAGS_FOLDER/openbrewery_dag.py', '--cfg-path', '/tmp/tmp26isa1db']
[2024-11-28T02:38:01.640+0000] {standard_task_runner.py:105} INFO - Job 58: Subtask extract_brewery_data
[2024-11-28T02:38:01.674+0000] {task_command.py:467} INFO - Running <TaskInstance: brewery_bronze_layer.extract_brewery_data manual__2024-11-28T02:37:57.744343+00:00 [running]> on host a8d38ebdeb14
[2024-11-28T02:38:01.732+0000] {taskinstance.py:3132} INFO - Exporting env vars: AIRFLOW_CTX_DAG_OWNER='***' AIRFLOW_CTX_DAG_ID='brewery_bronze_layer' AIRFLOW_CTX_TASK_ID='extract_brewery_data' AIRFLOW_CTX_EXECUTION_DATE='2024-11-28T02:37:57.744343+00:00' AIRFLOW_CTX_TRY_NUMBER='1' AIRFLOW_CTX_DAG_RUN_ID='manual__2024-11-28T02:37:57.744343+00:00'
[2024-11-28T02:38:01.733+0000] {taskinstance.py:731} INFO - ::endgroup::
[2024-11-28T02:38:01.760+0000] {load_bronze_module.py:67} INFO - Iniciando a extração de dados da API
[2024-11-28T02:38:08.790+0000] {load_bronze_module.py:76} INFO - Parando a coleta de dados na página 169 devido a dados vazios.
[2024-11-28T02:38:08.951+0000] {load_bronze_module.py:84} INFO - Extraídos dados de 8355 cervejarias.
[2024-11-28T02:38:08.962+0000] {python.py:240} INFO - Done. Returned value was: None
[2024-11-28T02:38:08.971+0000] {taskinstance.py:340} INFO - ::group::Post task execution logs
[2024-11-28T02:38:08.972+0000] {taskinstance.py:352} INFO - Marking task as SUCCESS. dag_id=brewery_bronze_layer, task_id=extract_brewery_data, run_id=manual__2024-11-28T02:37:57.744343+00:00, execution_date=20241128T023757, start_date=20241128T023801, end_date=20241128T023808
[2024-11-28T02:38:09.018+0000] {local_task_job_runner.py:266} INFO - Task exited with return code 0
[2024-11-28T02:38:09.035+0000] {taskinstance.py:3895} INFO - 1 downstream tasks scheduled from follow-on schedule check
[2024-11-28T02:38:09.036+0000] {local_task_job_runner.py:245} INFO - ::endgroup::
