[2024-11-28T20:29:31.316+0000] {local_task_job_runner.py:123} INFO - ::group::Pre task execution logs
[2024-11-28T20:29:31.329+0000] {taskinstance.py:2613} INFO - Dependencies all met for dep_context=non-requeueable deps ti=<TaskInstance: brewery_ETL.load_bronze manual__2024-11-28T20:29:14.545680+00:00 [queued]>
[2024-11-28T20:29:31.336+0000] {taskinstance.py:2613} INFO - Dependencies all met for dep_context=requeueable deps ti=<TaskInstance: brewery_ETL.load_bronze manual__2024-11-28T20:29:14.545680+00:00 [queued]>
[2024-11-28T20:29:31.336+0000] {taskinstance.py:2866} INFO - Starting attempt 1 of 2
[2024-11-28T20:29:31.346+0000] {taskinstance.py:2889} INFO - Executing <Task(PythonOperator): load_bronze> on 2024-11-28 20:29:14.545680+00:00
[2024-11-28T20:29:31.352+0000] {standard_task_runner.py:72} INFO - Started process 75 to run task
[2024-11-28T20:29:31.355+0000] {standard_task_runner.py:104} INFO - Running: ['***', 'tasks', 'run', 'brewery_ETL', 'load_bronze', 'manual__2024-11-28T20:29:14.545680+00:00', '--job-id', '174', '--raw', '--subdir', 'DAGS_FOLDER/openbrewery_dag.py', '--cfg-path', '/tmp/tmp1ysaaohh']
[2024-11-28T20:29:31.357+0000] {standard_task_runner.py:105} INFO - Job 174: Subtask load_bronze
[2024-11-28T20:29:31.396+0000] {task_command.py:467} INFO - Running <TaskInstance: brewery_ETL.load_bronze manual__2024-11-28T20:29:14.545680+00:00 [running]> on host 0bec9c1b1e07
[2024-11-28T20:29:31.464+0000] {taskinstance.py:3132} INFO - Exporting env vars: AIRFLOW_CTX_DAG_OWNER='***' AIRFLOW_CTX_DAG_ID='brewery_ETL' AIRFLOW_CTX_TASK_ID='load_bronze' AIRFLOW_CTX_EXECUTION_DATE='2024-11-28T20:29:14.545680+00:00' AIRFLOW_CTX_TRY_NUMBER='1' AIRFLOW_CTX_DAG_RUN_ID='manual__2024-11-28T20:29:14.545680+00:00'
[2024-11-28T20:29:31.464+0000] {taskinstance.py:731} INFO - ::endgroup::
[2024-11-28T20:29:31.476+0000] {load_bronze_module.py:133} INFO - Iniciando a tarefa load_bronze
[2024-11-28T20:29:31.623+0000] {load_bronze_module.py:152} INFO - Recebidos 8355 registros para carregar na camada Bronze
[2024-11-28T20:29:31.624+0000] {load_bronze_module.py:42} INFO - Iniciando criação da sessão Spark
[2024-11-28T20:30:14.173+0000] {job.py:229} INFO - Heartbeat recovered after 11.73 seconds
[2024-11-28T20:30:25.589+0000] {job.py:229} INFO - Heartbeat recovered after 18.10 seconds
[2024-11-28T20:30:26.667+0000] {load_bronze_module.py:66} INFO - Sessão Spark criada com sucesso
[2024-11-28T20:30:26.668+0000] {load_bronze_module.py:156} INFO - Sessão Spark criada com sucesso
[2024-11-28T20:30:26.669+0000] {load_bronze_module.py:176} INFO - Criando DataFrame com Spark
[2024-11-28T20:30:30.642+0000] {job.py:229} INFO - Heartbeat recovered after 11.43 seconds
[2024-11-28T20:30:30.873+0000] {load_bronze_module.py:179} INFO - DataFrame criado com sucesso
[2024-11-28T20:30:30.873+0000] {load_bronze_module.py:181} INFO - Verificando dados que não atendem ao padrão
[2024-11-28T20:31:02.524+0000] {job.py:229} INFO - Heartbeat recovered after 26.84 seconds
[2024-11-28T20:31:25.158+0000] {load_bronze_module.py:188} ERROR - Existem 2328 registros com longitude inválida.
[2024-11-28T20:31:25.173+0000] {load_bronze_module.py:192} INFO - Salvando registros inválidos em: s3a://breweris-etl-prod-sp/bronze/errors/date=2024-11-28/invalid_longitudes.json
[2024-11-28T20:32:06.883+0000] {load_bronze_module.py:203} INFO - Salvando dados no S3 em: s3a://breweris-etl-prod-sp/bronze/date=2024-11-28
[2024-11-28T20:32:17.373+0000] {load_bronze_module.py:207} INFO - Dados salvos com sucesso na camada Bronze: bronze/date=2024-11-28
[2024-11-28T20:32:17.841+0000] {load_bronze_module.py:214} INFO - Sessão Spark finalizada e tarefa load_bronze concluída
[2024-11-28T20:32:17.849+0000] {python.py:240} INFO - Done. Returned value was: None
[2024-11-28T20:32:17.863+0000] {taskinstance.py:340} INFO - ::group::Post task execution logs
[2024-11-28T20:32:17.863+0000] {taskinstance.py:352} INFO - Marking task as SUCCESS. dag_id=brewery_ETL, task_id=load_bronze, run_id=manual__2024-11-28T20:29:14.545680+00:00, execution_date=20241128T202914, start_date=20241128T202931, end_date=20241128T203217
[2024-11-28T20:32:17.902+0000] {local_task_job_runner.py:266} INFO - Task exited with return code 0
[2024-11-28T20:32:17.923+0000] {taskinstance.py:3895} INFO - 0 downstream tasks scheduled from follow-on schedule check
[2024-11-28T20:32:17.924+0000] {local_task_job_runner.py:245} INFO - ::endgroup::
[2024-11-28T20:41:13.368+0000] {local_task_job_runner.py:123} INFO - ::group::Pre task execution logs
[2024-11-28T20:41:13.380+0000] {taskinstance.py:2603} INFO - Dependencies not met for <TaskInstance: brewery_ETL.load_bronze manual__2024-11-28T20:29:14.545680+00:00 [success]>, dependency 'Task Instance State' FAILED: Task is in the 'success' state.
[2024-11-28T20:41:13.381+0000] {local_task_job_runner.py:166} INFO - Task is not able to be run
