[2024-11-28T22:48:54.856+0000] {local_task_job_runner.py:123} INFO - ::group::Pre task execution logs
[2024-11-28T22:48:54.869+0000] {taskinstance.py:2613} INFO - Dependencies all met for dep_context=non-requeueable deps ti=<TaskInstance: brewery_ETL.transform_gold manual__2024-11-28T22:41:53.696773+00:00 [queued]>
[2024-11-28T22:48:54.875+0000] {taskinstance.py:2613} INFO - Dependencies all met for dep_context=requeueable deps ti=<TaskInstance: brewery_ETL.transform_gold manual__2024-11-28T22:41:53.696773+00:00 [queued]>
[2024-11-28T22:48:54.875+0000] {taskinstance.py:2866} INFO - Starting attempt 1 of 2
[2024-11-28T22:48:54.888+0000] {taskinstance.py:2889} INFO - Executing <Task(PythonOperator): transform_gold> on 2024-11-28 22:41:53.696773+00:00
[2024-11-28T22:48:54.893+0000] {standard_task_runner.py:72} INFO - Started process 1705 to run task
[2024-11-28T22:48:54.897+0000] {standard_task_runner.py:104} INFO - Running: ['***', 'tasks', 'run', 'brewery_ETL', 'transform_gold', 'manual__2024-11-28T22:41:53.696773+00:00', '--job-id', '260', '--raw', '--subdir', 'DAGS_FOLDER/openbrewery_dag.py', '--cfg-path', '/tmp/tmp05ezo0ab']
[2024-11-28T22:48:54.899+0000] {standard_task_runner.py:105} INFO - Job 260: Subtask transform_gold
[2024-11-28T22:48:54.939+0000] {task_command.py:467} INFO - Running <TaskInstance: brewery_ETL.transform_gold manual__2024-11-28T22:41:53.696773+00:00 [running]> on host 0d5391d9a551
[2024-11-28T22:48:55.013+0000] {taskinstance.py:3132} INFO - Exporting env vars: AIRFLOW_CTX_DAG_OWNER='***' AIRFLOW_CTX_DAG_ID='brewery_ETL' AIRFLOW_CTX_TASK_ID='transform_gold' AIRFLOW_CTX_EXECUTION_DATE='2024-11-28T22:41:53.696773+00:00' AIRFLOW_CTX_TRY_NUMBER='1' AIRFLOW_CTX_DAG_RUN_ID='manual__2024-11-28T22:41:53.696773+00:00'
[2024-11-28T22:48:55.016+0000] {taskinstance.py:731} INFO - ::endgroup::
[2024-11-28T22:48:55.034+0000] {transform_gold.py:145} INFO - Iniciando a tarefa transform_gold
[2024-11-28T22:48:55.034+0000] {transform_gold.py:159} INFO - Data de execução: 2024-11-28
[2024-11-28T22:48:55.034+0000] {transform_gold.py:25} INFO - Iniciando criação da sessão Spark para transformação Gold
[2024-11-28T22:49:00.845+0000] {transform_gold.py:50} INFO - Sessão Spark criada com sucesso para transformação Gold
[2024-11-28T22:49:00.846+0000] {transform_gold.py:59} INFO - Lendo dados da camada Silver: s3a://breweris-etl-prod-sp/silver/date=2024-11-28/
[2024-11-28T22:49:10.419+0000] {transform_gold.py:76} INFO - Dados da camada Silver carregados: 50 registros
[2024-11-28T22:49:10.419+0000] {transform_gold.py:79} INFO - Schema do DataFrame:
[2024-11-28T22:49:10.421+0000] {logging_mixin.py:190} INFO - root
 |-- brewery_type: string (nullable = true)
 |-- localizacao: string (nullable = true)
[2024-11-28T22:49:10.421+0000] {transform_gold.py:82} INFO - Amostra dos dados:
[2024-11-28T22:49:11.749+0000] {logging_mixin.py:190} INFO - +------------+----------------------------+
|brewery_type|localizacao                 |
+------------+----------------------------+
|large       |Bend, Oregon                |
|large       |Bend, Oregon                |
|large       |Bend, Oregon                |
|micro       |Abington, Massachusetts     |
|micro       |Westlake Village, California|
+------------+----------------------------+
only showing top 5 rows
[2024-11-28T22:49:11.749+0000] {transform_gold.py:93} INFO - Iniciando agregação dos dados para camada Gold
[2024-11-28T22:49:11.749+0000] {transform_gold.py:96} INFO - Verificando as colunas brewery_type e localizacao
[2024-11-28T22:49:12.955+0000] {transform_gold.py:106} INFO - Amostra dos dados antes da agregação:
[2024-11-28T22:49:14.054+0000] {logging_mixin.py:190} INFO - +------------+----------------------------+
|brewery_type|localizacao                 |
+------------+----------------------------+
|large       |Bend, Oregon                |
|large       |Bend, Oregon                |
|large       |Bend, Oregon                |
|micro       |Abington, Massachusetts     |
|micro       |Westlake Village, California|
+------------+----------------------------+
only showing top 5 rows
[2024-11-28T22:49:14.075+0000] {transform_gold.py:114} INFO - Amostra dos dados após a agregação:
[2024-11-28T22:49:15.886+0000] {logging_mixin.py:190} INFO - +------------+----------------------------+---------------------+
|brewery_type|localizacao                 |quantity_of_breweries|
+------------+----------------------------+---------------------+
|micro       |Abington, Massachusetts     |1                    |
|micro       |Westlake Village, California|1                    |
|large       |Bend, Oregon                |3                    |
|micro       |Mount Pleasant, Wisconsin   |1                    |
|micro       |Assumption, Illinois        |1                    |
+------------+----------------------------+---------------------+
only showing top 5 rows
[2024-11-28T22:49:17.182+0000] {transform_gold.py:119} INFO - Total de registros após agregação: 48
[2024-11-28T22:49:17.183+0000] {transform_gold.py:129} INFO - Escrevendo dados na camada Gold: s3a://breweris-etl-prod-sp/gold/date=2024-11-28/
[2024-11-28T22:49:43.569+0000] {transform_gold.py:138} INFO - Dados escritos com sucesso na camada Gold particionados por 'brewery_type' e 'localizacao'
[2024-11-28T22:49:43.570+0000] {transform_gold.py:173} INFO - Tarefa transform_gold concluída com sucesso
[2024-11-28T22:49:43.903+0000] {transform_gold.py:180} INFO - Sessão Spark finalizada para a tarefa transform_gold
[2024-11-28T22:49:43.903+0000] {python.py:240} INFO - Done. Returned value was: None
[2024-11-28T22:49:43.915+0000] {taskinstance.py:340} INFO - ::group::Post task execution logs
[2024-11-28T22:49:43.917+0000] {taskinstance.py:352} INFO - Marking task as SUCCESS. dag_id=brewery_ETL, task_id=transform_gold, run_id=manual__2024-11-28T22:41:53.696773+00:00, execution_date=20241128T224153, start_date=20241128T224854, end_date=20241128T224943
[2024-11-28T22:49:43.963+0000] {local_task_job_runner.py:266} INFO - Task exited with return code 0
[2024-11-28T22:49:43.979+0000] {taskinstance.py:3895} INFO - 0 downstream tasks scheduled from follow-on schedule check
[2024-11-28T22:49:43.981+0000] {local_task_job_runner.py:245} INFO - ::endgroup::
